{"devicePlatform":"","logFolder":"D:\\Katalon\\bridge-tracker\\Reports\\Performance Test Suite\\20180822_140851","runData":{"hostName":"VuNA - 192.168.86.34","os":"Windows 10 64bit","katalonVersion":"5.6.0.1","browser":"Chrome 68.0.3440.106","hostAddress":"192.168.86.34","sessionId":"7ca61a731fbcf4cbc7b07079cb6c15d1","seleniumVersion":"3.7.1","proxyInformation":"ProxyInformation{proxyOption\u003dNO_PROXY, proxyServerType\u003dHTTP, password\u003d, proxyServerAddress\u003d, proxyServerPort\u003d0}","platform":"Windows 10"},"type":"TEST_SUITE","name":"Performance Test Suite","id":"Test Suites/Performance Test Suite","source":"","message":"Test Cases/loop_perf FAILED because (of) Unable to click on object \u0027Object Repository/Header/a_Organization-2\u0027 (Root cause: org.openqa.selenium.ElementNotVisibleException: element not visible\n  (Session info: chrome\u003d68.0.3440.106)\n  (Driver info: chromedriver\u003d2.35.528161 (5b82f2d2aae0ca24b877009200ced9065a772e73),platform\u003dWindows NT 10.0.17134 x86_64) (WARNING: The server did not provide any stacktrace information)\nCommand duration or timeout: 0 milliseconds\nBuild info: version: \u00273.7.1\u0027, revision: \u00278a0099a\u0027, time: \u00272017-11-06T21:07:36.161Z\u0027\nSystem info: host: \u0027DESKTOP-9K9SI5R\u0027, ip: \u0027192.168.86.34\u0027, os.name: \u0027Windows 10\u0027, os.arch: \u0027amd64\u0027, os.version: \u002710.0\u0027, java.version: \u00271.8.0_102\u0027\nDriver info: com.kms.katalon.selenium.driver.CChromeDriver\nCapabilities {acceptInsecureCerts: false, acceptSslCerts: false, applicationCacheEnabled: false, browserConnectionEnabled: false, browserName: chrome, chrome: {chromedriverVersion: 2.35.528161 (5b82f2d2aae0ca..., userDataDir: C:\\Users\\VuNA\\AppData\\Local...}, cssSelectorsEnabled: true, databaseEnabled: false, handlesAlerts: true, hasTouchScreen: false, javascriptEnabled: true, locationContextEnabled: true, mobileEmulationEnabled: false, nativeEvents: true, networkConnectionEnabled: false, pageLoadStrategy: normal, platform: XP, platformName: XP, rotatable: false, setWindowRect: true, takesHeapSnapshot: true, takesScreenshot: true, unexpectedAlertBehaviour: , unhandledPromptBehavior: , version: 68.0.3440.106, webStorageEnabled: true}\nSession ID: 7ca61a731fbcf4cbc7b07079cb6c15d1)","description":"","startTime":1534921744096,"endTime":1534921882097,"childRecords":[{"isOptional":false,"type":"TEST_CASE","name":"Test Cases/loop_perf","id":"Test Cases/loop_perf","source":"D:\\\\Katalon\\\\bridge-tracker\\\\Test Cases\\\\loop_perf.tc","message":"Test Cases/loop_perf FAILED because (of) Unable to click on object \u0027Object Repository/Header/a_Organization-2\u0027 (Root cause: org.openqa.selenium.ElementNotVisibleException: element not visible\n  (Session info: chrome\u003d68.0.3440.106)\n  (Driver info: chromedriver\u003d2.35.528161 (5b82f2d2aae0ca24b877009200ced9065a772e73),platform\u003dWindows NT 10.0.17134 x86_64) (WARNING: The server did not provide any stacktrace information)\nCommand duration or timeout: 0 milliseconds\nBuild info: version: \u00273.7.1\u0027, revision: \u00278a0099a\u0027, time: \u00272017-11-06T21:07:36.161Z\u0027\nSystem info: host: \u0027DESKTOP-9K9SI5R\u0027, ip: \u0027192.168.86.34\u0027, os.name: \u0027Windows 10\u0027, os.arch: \u0027amd64\u0027, os.version: \u002710.0\u0027, java.version: \u00271.8.0_102\u0027\nDriver info: com.kms.katalon.selenium.driver.CChromeDriver\nCapabilities {acceptInsecureCerts: false, acceptSslCerts: false, applicationCacheEnabled: false, browserConnectionEnabled: false, browserName: chrome, chrome: {chromedriverVersion: 2.35.528161 (5b82f2d2aae0ca..., userDataDir: C:\\Users\\VuNA\\AppData\\Local...}, cssSelectorsEnabled: true, databaseEnabled: false, handlesAlerts: true, hasTouchScreen: false, javascriptEnabled: true, locationContextEnabled: true, mobileEmulationEnabled: false, nativeEvents: true, networkConnectionEnabled: false, pageLoadStrategy: normal, platform: XP, platformName: XP, rotatable: false, setWindowRect: true, takesHeapSnapshot: true, takesScreenshot: true, unexpectedAlertBehaviour: , unhandledPromptBehavior: , version: 68.0.3440.106, webStorageEnabled: true}\nSession ID: 7ca61a731fbcf4cbc7b07079cb6c15d1)","description":"","startTime":1534921746039,"endTime":1534921882097,"childRecords":[{"testStatus":{"stackTrace":"","statusValue":"INFO"},"type":"MESSAGE","name":"","message":"Evaluating variables for test case","startTime":1534921746191,"endTime":0,"childRecords":[],"interuppted":false},{"index":-1,"isIgnoredIfFailed":false,"type":"TEST_STEP","name":"Start listener action : sampleBeforeTestCase","message":"Invoke \u0027com.kms.katalon.core.annotation.BeforeTestCase\u0027 method: \u0027LoginTestListener.sampleBeforeTestCase(...)\u0027 completed.","description":"","startTime":1534921746208,"endTime":1534921746372,"childRecords":[{"index":1,"isIgnoredIfFailed":false,"type":"TEST_STEP","name":"Statement - println(testCaseContext.getTestCaseId())","description":"","startTime":1534921746302,"endTime":1534921746367,"childRecords":[],"interuppted":false},{"index":2,"isIgnoredIfFailed":false,"type":"TEST_STEP","name":"Statement - println(testCaseContext.getTestCaseVariables())","message":"Invoke \u0027com.kms.katalon.core.annotation.BeforeTestCase\u0027 method: \u0027LoginTestListener.sampleBeforeTestCase(...)\u0027 completed.","description":"","startTime":1534921746368,"endTime":1534921746372,"childRecords":[],"interuppted":false}],"interuppted":false},{"index":1,"isIgnoredIfFailed":false,"type":"TEST_STEP","name":"Statement - formatter \u003d new java.text.SimpleDateFormat(HH)","description":"","startTime":1534921747048,"endTime":1534921747057,"childRecords":[],"interuppted":false},{"index":2,"isIgnoredIfFailed":false,"type":"TEST_STEP","name":"Statement - date \u003d new java.util.Date()","description":"","startTime":1534921747058,"endTime":1534921747064,"childRecords":[],"interuppted":false},{"index":3,"isIgnoredIfFailed":false,"type":"TEST_STEP","name":"Statement - H \u003d formatter.format(date)","description":"","startTime":1534921747065,"endTime":1534921747087,"childRecords":[],"interuppted":false},{"index":4,"isIgnoredIfFailed":false,"type":"TEST_STEP","name":"Statement - println(H)","description":"","startTime":1534921747097,"endTime":1534921747188,"childRecords":[],"interuppted":false},{"index":5,"isIgnoredIfFailed":false,"type":"TEST_STEP","name":"Statement - While (H \u003c 17)","message":"Unable to call Test Case with id \u0027Test Cases/Performance Test Case\u0027 (Root cause: Call Test Case \u0027Test Cases/Performance Test Case\u0027 failed)","description":"","startTime":1534921747189,"endTime":1534921882093,"childRecords":[{"index":1,"isIgnoredIfFailed":false,"type":"TEST_STEP","name":"callTestCase","message":"Unable to call Test Case with id \u0027Test Cases/Performance Test Case\u0027 (Root cause: Call Test Case \u0027Test Cases/Performance Test Case\u0027 failed)","description":"","startTime":1534921747190,"endTime":1534921882092,"childRecords":[{"isOptional":false,"type":"TEST_CASE","name":"Test Cases/Performance Test Case","id":"Test Cases/Performance Test Case","source":"D:\\\\Katalon\\\\bridge-tracker\\\\Test Cases\\\\Performance Test Case.tc","message":"Test Cases/Performance Test Case FAILED because (of) Unable to click on object \u0027Object Repository/Header/a_Organization-2\u0027 (Root cause: org.openqa.selenium.ElementNotVisibleException: element not visible\n  (Session info: chrome\u003d68.0.3440.106)\n  (Driver info: chromedriver\u003d2.35.528161 (5b82f2d2aae0ca24b877009200ced9065a772e73),platform\u003dWindows NT 10.0.17134 x86_64) (WARNING: The server did not provide any stacktrace information)\nCommand duration or timeout: 0 milliseconds\nBuild info: version: \u00273.7.1\u0027, revision: \u00278a0099a\u0027, time: \u00272017-11-06T21:07:36.161Z\u0027\nSystem info: host: \u0027DESKTOP-9K9SI5R\u0027, ip: \u0027192.168.86.34\u0027, os.name: \u0027Windows 10\u0027, os.arch: \u0027amd64\u0027, os.version: \u002710.0\u0027, java.version: \u00271.8.0_102\u0027\nDriver info: com.kms.katalon.selenium.driver.CChromeDriver\nCapabilities {acceptInsecureCerts: false, acceptSslCerts: false, applicationCacheEnabled: false, browserConnectionEnabled: false, browserName: chrome, chrome: {chromedriverVersion: 2.35.528161 (5b82f2d2aae0ca..., userDataDir: C:\\Users\\VuNA\\AppData\\Local...}, cssSelectorsEnabled: true, databaseEnabled: false, handlesAlerts: true, hasTouchScreen: false, javascriptEnabled: true, locationContextEnabled: true, mobileEmulationEnabled: false, nativeEvents: true, networkConnectionEnabled: false, pageLoadStrategy: normal, platform: XP, platformName: XP, rotatable: false, setWindowRect: true, takesHeapSnapshot: true, takesScreenshot: true, unexpectedAlertBehaviour: , unhandledPromptBehavior: , version: 68.0.3440.106, webStorageEnabled: true}\nSession ID: 7ca61a731fbcf4cbc7b07079cb6c15d1)","description":"","startTime":1534921747760,"endTime":1534921882091,"childRecords":[{"testStatus":{"stackTrace":"","statusValue":"INFO"},"type":"MESSAGE","name":"","message":"Evaluating variables for test case","startTime":1534921747909,"endTime":0,"childRecords":[],"interuppted":false},{"index":1,"isIgnoredIfFailed":false,"type":"TEST_STEP","name":"callTestCase","message":"Call Test Case \u0027Test Cases/Done/Commons/NavigateToApp\u0027 successfully","description":"","startTime":1534921748398,"endTime":1534921800897,"childRecords":[{"isOptional":false,"type":"TEST_CASE","name":"Test Cases/Done/Commons/NavigateToApp","id":"Test Cases/Done/Commons/NavigateToApp","source":"D:\\\\Katalon\\\\bridge-tracker\\\\Test Cases\\\\Done\\\\Commons\\\\NavigateToApp.tc","message":"Test Cases/Done/Commons/NavigateToApp","description":"","startTime":1534921748480,"endTime":1534921800890,"childRecords":[{"testStatus":{"stackTrace":"","statusValue":"INFO"},"type":"MESSAGE","name":"","message":"Evaluating variables for test case","startTime":1534921748497,"endTime":0,"childRecords":[],"interuppted":false},{"index":1,"isIgnoredIfFailed":false,"type":"TEST_STEP","name":"openBrowser","message":"Browser is opened with url: \u0027\u0027","description":"","startTime":1534921748919,"endTime":1534921755005,"childRecords":[{"testStatus":{"stackTrace":"","statusValue":"PASSED"},"type":"MESSAGE","name":"","message":"Browser is opened with url: \u0027\u0027","startTime":1534921755005,"endTime":0,"childRecords":[],"interuppted":false}],"interuppted":false},{"index":2,"isIgnoredIfFailed":false,"type":"TEST_STEP","name":"navigateToUrl","message":"Navigate to \u0027http://stg.bridgeathletic.com/\u0027 successfully","description":"","startTime":1534921755005,"endTime":1534921800889,"childRecords":[{"testStatus":{"stackTrace":"","statusValue":"PASSED"},"type":"MESSAGE","name":"","message":"Navigate to \u0027http://stg.bridgeathletic.com/\u0027 successfully","startTime":1534921800888,"endTime":0,"childRecords":[],"interuppted":false}],"interuppted":false},{"testStatus":{"stackTrace":"","statusValue":"PASSED"},"type":"MESSAGE","name":"","message":"Test Cases/Done/Commons/NavigateToApp","startTime":1534921800889,"endTime":0,"childRecords":[],"interuppted":false}],"interuppted":false},{"testStatus":{"stackTrace":"","statusValue":"PASSED"},"type":"MESSAGE","name":"","message":"Call Test Case \u0027Test Cases/Done/Commons/NavigateToApp\u0027 successfully","startTime":1534921800897,"endTime":0,"childRecords":[],"interuppted":false}],"interuppted":false},{"index":2,"isIgnoredIfFailed":false,"type":"TEST_STEP","name":"callTestCase","message":"Call Test Case \u0027Test Cases/Done/Commons/Login\u0027 successfully","description":"","startTime":1534921800899,"endTime":1534921865256,"childRecords":[{"isOptional":false,"type":"TEST_CASE","name":"Test Cases/Done/Commons/Login","id":"Test Cases/Done/Commons/Login","source":"D:\\\\Katalon\\\\bridge-tracker\\\\Test Cases\\\\Done\\\\Commons\\\\Login.tc","message":"Test Cases/Done/Commons/Login","description":"","startTime":1534921800970,"endTime":1534921865254,"childRecords":[{"testStatus":{"stackTrace":"","statusValue":"INFO"},"type":"MESSAGE","name":"","message":"Evaluating variables for test case","startTime":1534921801014,"endTime":0,"childRecords":[],"interuppted":false},{"index":1,"isIgnoredIfFailed":false,"type":"TEST_STEP","name":"Statement - driver \u003d com.kms.katalon.core.webui.driver.DriverFactory.getWebDriver()","description":"","startTime":1534921801867,"endTime":1534921801881,"childRecords":[],"interuppted":false},{"index":2,"isIgnoredIfFailed":false,"type":"TEST_STEP","name":"Statement - email \u003d email","description":"","startTime":1534921801881,"endTime":1534921801883,"childRecords":[],"interuppted":false},{"index":3,"isIgnoredIfFailed":false,"type":"TEST_STEP","name":"Statement - password \u003d password","description":"","startTime":1534921801883,"endTime":1534921801884,"childRecords":[],"interuppted":false},{"index":4,"isIgnoredIfFailed":false,"type":"TEST_STEP","name":"Statement - current_url \u003d com.kms.katalon.core.webui.keyword.WebUiBuiltInKeywords.getUrl()","message":"Current window\u0027s url is: \u0027http://stg.bridgeathletic.com/\u0027","description":"","startTime":1534921801885,"endTime":1534921803507,"childRecords":[{"testStatus":{"stackTrace":"","statusValue":"PASSED"},"type":"MESSAGE","name":"","message":"Current window\u0027s url is: \u0027http://stg.bridgeathletic.com/\u0027","startTime":1534921803507,"endTime":0,"childRecords":[],"interuppted":false}],"interuppted":false},{"index":5,"isIgnoredIfFailed":false,"type":"TEST_STEP","name":"Statement - If (com.kms.katalon.core.webui.keyword.WebUiBuiltInKeywords.verifyMatch(current_url, \"http://stg.bridgeathletic.com/\", false, OPTIONAL) \u003d\u003d false)","message":"Actual text \u0027http://stg.bridgeathletic.com/\u0027 and expected text \u0027http://stg.bridgeathletic.com/\u0027 are matched ","description":"","startTime":1534921803508,"endTime":1534921803517,"childRecords":[{"testStatus":{"stackTrace":"","statusValue":"PASSED"},"type":"MESSAGE","name":"","message":"Actual text \u0027http://stg.bridgeathletic.com/\u0027 and expected text \u0027http://stg.bridgeathletic.com/\u0027 are matched ","startTime":1534921803517,"endTime":0,"childRecords":[],"interuppted":false}],"interuppted":false},{"index":6,"isIgnoredIfFailed":false,"type":"TEST_STEP","name":"click","message":"Object: \u0027Object Repository/Home Page/a_Login\u0027 is clicked on","description":"","startTime":1534921803518,"endTime":1534921818709,"childRecords":[{"testStatus":{"stackTrace":"","statusValue":"PASSED"},"type":"MESSAGE","name":"","message":"Object: \u0027Object Repository/Home Page/a_Login\u0027 is clicked on","startTime":1534921818708,"endTime":0,"childRecords":[],"interuppted":false}],"interuppted":false},{"index":7,"isIgnoredIfFailed":false,"type":"TEST_STEP","name":"setText","message":"Text \u0027test+assay2@bridgeathletic.com\u0027 is set on object \u0027Object Repository/Login Page/input_email\u0027","description":"","startTime":1534921818710,"endTime":1534921828771,"childRecords":[{"testStatus":{"stackTrace":"","statusValue":"PASSED"},"type":"MESSAGE","name":"","message":"Text \u0027test+assay2@bridgeathletic.com\u0027 is set on object \u0027Object Repository/Login Page/input_email\u0027","startTime":1534921828771,"endTime":0,"childRecords":[],"interuppted":false}],"interuppted":false},{"index":8,"isIgnoredIfFailed":false,"type":"TEST_STEP","name":"setText","message":"Text \u002723456789\u0027 is set on object \u0027Object Repository/Login Page/input_password\u0027","description":"","startTime":1534921828772,"endTime":1534921829173,"childRecords":[{"testStatus":{"stackTrace":"","statusValue":"PASSED"},"type":"MESSAGE","name":"","message":"Text \u002723456789\u0027 is set on object \u0027Object Repository/Login Page/input_password\u0027","startTime":1534921829173,"endTime":0,"childRecords":[],"interuppted":false}],"interuppted":false},{"index":9,"isIgnoredIfFailed":false,"type":"TEST_STEP","name":"click","message":"Object: \u0027Object Repository/Login Page/button_LOGIN\u0027 is clicked on","description":"","startTime":1534921829174,"endTime":1534921839141,"childRecords":[{"testStatus":{"stackTrace":"","statusValue":"PASSED"},"type":"MESSAGE","name":"","message":"Object: \u0027Object Repository/Login Page/button_LOGIN\u0027 is clicked on","startTime":1534921839140,"endTime":0,"childRecords":[],"interuppted":false}],"interuppted":false},{"index":10,"isIgnoredIfFailed":false,"type":"TEST_STEP","name":"waitForElementPresent","message":"Object \u0027Object Repository/Header/div_user-details\u0027 is present","description":"","startTime":1534921839141,"endTime":1534921846315,"childRecords":[{"testStatus":{"stackTrace":"","statusValue":"PASSED"},"type":"MESSAGE","name":"","message":"Object \u0027Object Repository/Header/div_user-details\u0027 is present","startTime":1534921846315,"endTime":0,"childRecords":[],"interuppted":false}],"interuppted":false},{"index":11,"isIgnoredIfFailed":false,"type":"TEST_STEP","name":"Statement - If (driver.findElements(org.openqa.selenium.By.xpath(\"//button[@class\u003d\"md-raised md-button md-default-theme\"]\")).size() \u003e 0)","message":"Object: \u0027\u0027 is clicked on","description":"","startTime":1534921846316,"endTime":1534921855921,"childRecords":[{"index":1,"isIgnoredIfFailed":false,"type":"TEST_STEP","name":"Statement - reload \u003d new com.kms.katalon.core.testobject.TestObject()","description":"","startTime":1534921847018,"endTime":1534921847023,"childRecords":[],"interuppted":false},{"index":2,"isIgnoredIfFailed":false,"type":"TEST_STEP","name":"Statement - reload.addProperty(\"xpath\", EQUALS, \"//button[@class\u003d\"md-raised md-button md-default-theme\"]\", true)","description":"","startTime":1534921847024,"endTime":1534921847029,"childRecords":[],"interuppted":false},{"index":3,"isIgnoredIfFailed":false,"type":"TEST_STEP","name":"click","message":"Object: \u0027\u0027 is clicked on","description":"","startTime":1534921847030,"endTime":1534921855921,"childRecords":[{"testStatus":{"stackTrace":"","statusValue":"PASSED"},"type":"MESSAGE","name":"","message":"Object: \u0027\u0027 is clicked on","startTime":1534921855921,"endTime":0,"childRecords":[],"interuppted":false}],"interuppted":false}],"interuppted":false},{"index":12,"isIgnoredIfFailed":false,"type":"TEST_STEP","name":"callTestCase","message":"Call Test Case \u0027Test Cases/Done/Commons/Waiting\u0027 successfully","description":"","startTime":1534921855922,"endTime":1534921865254,"childRecords":[{"isOptional":false,"type":"TEST_CASE","name":"Test Cases/Done/Commons/Waiting","id":"Test Cases/Done/Commons/Waiting","source":"D:\\\\Katalon\\\\bridge-tracker\\\\Test Cases\\\\Done\\\\Commons\\\\Waiting.tc","message":"Test Cases/Done/Commons/Waiting","description":"","startTime":1534921855980,"endTime":1534921865253,"childRecords":[{"testStatus":{"stackTrace":"","statusValue":"INFO"},"type":"MESSAGE","name":"","message":"Evaluating variables for test case","startTime":1534921856038,"endTime":0,"childRecords":[],"interuppted":false},{"index":1,"isIgnoredIfFailed":false,"type":"TEST_STEP","name":"Statement - driver \u003d com.kms.katalon.core.webui.driver.DriverFactory.getWebDriver()","description":"","startTime":1534921857155,"endTime":1534921857156,"childRecords":[],"interuppted":false},{"index":2,"isIgnoredIfFailed":false,"type":"TEST_STEP","name":"Statement - flag \u003d true","description":"","startTime":1534921857156,"endTime":1534921857162,"childRecords":[],"interuppted":false},{"index":3,"isIgnoredIfFailed":false,"type":"TEST_STEP","name":"Statement - While (flag \u003d\u003d true)","description":"","startTime":1534921857162,"endTime":1534921865252,"childRecords":[{"index":1,"isIgnoredIfFailed":false,"type":"TEST_STEP","name":"delay","message":"Delayed 1 second(s)","description":"","startTime":1534921857164,"endTime":1534921858218,"childRecords":[{"testStatus":{"stackTrace":"","statusValue":"PASSED"},"type":"MESSAGE","name":"","message":"Delayed 1 second(s)","startTime":1534921858216,"endTime":0,"childRecords":[],"interuppted":false}],"interuppted":false},{"index":2,"isIgnoredIfFailed":false,"type":"TEST_STEP","name":"Statement - flag \u003d false","description":"","startTime":1534921858218,"endTime":1534921858219,"childRecords":[],"interuppted":false},{"index":3,"isIgnoredIfFailed":false,"type":"TEST_STEP","name":"Statement - If (driver.findElements(org.openqa.selenium.By.xpath(\"//div[@id\u003d\"messageAlert\"]/span[@aria-hidden\u003d\"false\"]\")).size() \u003e 0)","description":"","startTime":1534921858219,"endTime":1534921861453,"childRecords":[],"interuppted":false},{"index":4,"isIgnoredIfFailed":false,"type":"TEST_STEP","name":"Statement - If (driver.findElements(org.openqa.selenium.By.xpath(\"//div[@class\u003d\"block-ui ng-binding\"]/div[@class\u003d\"md-dialog-container ng-scope\"]\")).size() \u003e 0)","description":"","startTime":1534921861453,"endTime":1534921862917,"childRecords":[],"interuppted":false},{"index":5,"isIgnoredIfFailed":false,"type":"TEST_STEP","name":"Statement - If (driver.findElements(org.openqa.selenium.By.xpath(\"//div[@class\u003d\"loading-overlay\"]\")).size() \u003e 0)","description":"","startTime":1534921862917,"endTime":1534921864615,"childRecords":[],"interuppted":false},{"index":6,"isIgnoredIfFailed":false,"type":"TEST_STEP","name":"Statement - If (driver.findElements(org.openqa.selenium.By.xpath(\"//div[contains(@id,\"wm-shoutout\")]\")).size() \u003e 0)","description":"","startTime":1534921864616,"endTime":1534921864939,"childRecords":[],"interuppted":false},{"index":7,"isIgnoredIfFailed":false,"type":"TEST_STEP","name":"Statement - If (driver.findElements(org.openqa.selenium.By.xpath(\"//md-dialog[@id\u003d\"accept-term-pop\"]\")).size() \u003e 0)","description":"","startTime":1534921864941,"endTime":1534921865151,"childRecords":[],"interuppted":false},{"index":8,"isIgnoredIfFailed":false,"type":"TEST_STEP","name":"Statement - If (driver.findElements(org.openqa.selenium.By.xpath(\"//div[@class\u003d\"cookie-navigation ng-scope\"]\")).size() \u003e 0)","description":"","startTime":1534921865152,"endTime":1534921865252,"childRecords":[],"interuppted":false}],"interuppted":false},{"testStatus":{"stackTrace":"","statusValue":"PASSED"},"type":"MESSAGE","name":"","message":"Test Cases/Done/Commons/Waiting","startTime":1534921865253,"endTime":0,"childRecords":[],"interuppted":false}],"interuppted":false},{"testStatus":{"stackTrace":"","statusValue":"PASSED"},"type":"MESSAGE","name":"","message":"Call Test Case \u0027Test Cases/Done/Commons/Waiting\u0027 successfully","startTime":1534921865253,"endTime":0,"childRecords":[],"interuppted":false}],"interuppted":false},{"testStatus":{"stackTrace":"","statusValue":"PASSED"},"type":"MESSAGE","name":"","message":"Test Cases/Done/Commons/Login","startTime":1534921865254,"endTime":0,"childRecords":[],"interuppted":false}],"interuppted":false},{"testStatus":{"stackTrace":"","statusValue":"PASSED"},"type":"MESSAGE","name":"","message":"Call Test Case \u0027Test Cases/Done/Commons/Login\u0027 successfully","startTime":1534921865254,"endTime":0,"childRecords":[],"interuppted":false}],"interuppted":false},{"index":3,"isIgnoredIfFailed":false,"type":"TEST_STEP","name":"click","message":"Object: \u0027Object Repository/Header/input_currentOrg\u0027 is clicked on","description":"","startTime":1534921865256,"endTime":1534921869479,"childRecords":[{"testStatus":{"stackTrace":"","statusValue":"PASSED"},"type":"MESSAGE","name":"","message":"Object: \u0027Object Repository/Header/input_currentOrg\u0027 is clicked on","startTime":1534921869478,"endTime":0,"childRecords":[],"interuppted":false}],"interuppted":false},{"attachment":"1534921869589.png","index":4,"isIgnoredIfFailed":false,"type":"TEST_STEP","name":"click","message":"Unable to click on object \u0027Object Repository/Header/a_Organization-2\u0027 (Root cause: org.openqa.selenium.ElementNotVisibleException: element not visible\n  (Session info: chrome\u003d68.0.3440.106)\n  (Driver info: chromedriver\u003d2.35.528161 (5b82f2d2aae0ca24b877009200ced9065a772e73),platform\u003dWindows NT 10.0.17134 x86_64) (WARNING: The server did not provide any stacktrace information)\nCommand duration or timeout: 0 milliseconds\nBuild info: version: \u00273.7.1\u0027, revision: \u00278a0099a\u0027, time: \u00272017-11-06T21:07:36.161Z\u0027\nSystem info: host: \u0027DESKTOP-9K9SI5R\u0027, ip: \u0027192.168.86.34\u0027, os.name: \u0027Windows 10\u0027, os.arch: \u0027amd64\u0027, os.version: \u002710.0\u0027, java.version: \u00271.8.0_102\u0027\nDriver info: com.kms.katalon.selenium.driver.CChromeDriver\nCapabilities {acceptInsecureCerts: false, acceptSslCerts: false, applicationCacheEnabled: false, browserConnectionEnabled: false, browserName: chrome, chrome: {chromedriverVersion: 2.35.528161 (5b82f2d2aae0ca..., userDataDir: C:\\Users\\VuNA\\AppData\\Local...}, cssSelectorsEnabled: true, databaseEnabled: false, handlesAlerts: true, hasTouchScreen: false, javascriptEnabled: true, locationContextEnabled: true, mobileEmulationEnabled: false, nativeEvents: true, networkConnectionEnabled: false, pageLoadStrategy: normal, platform: XP, platformName: XP, rotatable: false, setWindowRect: true, takesHeapSnapshot: true, takesScreenshot: true, unexpectedAlertBehaviour: , unhandledPromptBehavior: , version: 68.0.3440.106, webStorageEnabled: true}\nSession ID: 7ca61a731fbcf4cbc7b07079cb6c15d1)","description":"","startTime":1534921869480,"endTime":1534921882086,"childRecords":[{"testStatus":{"stackTrace":"","statusValue":"FAILED"},"attachment":"1534921869589.png","type":"MESSAGE","name":"","message":"Unable to click on object \u0027Object Repository/Header/a_Organization-2\u0027 (Root cause: org.openqa.selenium.ElementNotVisibleException: element not visible\n  (Session info: chrome\u003d68.0.3440.106)\n  (Driver info: chromedriver\u003d2.35.528161 (5b82f2d2aae0ca24b877009200ced9065a772e73),platform\u003dWindows NT 10.0.17134 x86_64) (WARNING: The server did not provide any stacktrace information)\nCommand duration or timeout: 0 milliseconds\nBuild info: version: \u00273.7.1\u0027, revision: \u00278a0099a\u0027, time: \u00272017-11-06T21:07:36.161Z\u0027\nSystem info: host: \u0027DESKTOP-9K9SI5R\u0027, ip: \u0027192.168.86.34\u0027, os.name: \u0027Windows 10\u0027, os.arch: \u0027amd64\u0027, os.version: \u002710.0\u0027, java.version: \u00271.8.0_102\u0027\nDriver info: com.kms.katalon.selenium.driver.CChromeDriver\nCapabilities {acceptInsecureCerts: false, acceptSslCerts: false, applicationCacheEnabled: false, browserConnectionEnabled: false, browserName: chrome, chrome: {chromedriverVersion: 2.35.528161 (5b82f2d2aae0ca..., userDataDir: C:\\Users\\VuNA\\AppData\\Local...}, cssSelectorsEnabled: true, databaseEnabled: false, handlesAlerts: true, hasTouchScreen: false, javascriptEnabled: true, locationContextEnabled: true, mobileEmulationEnabled: false, nativeEvents: true, networkConnectionEnabled: false, pageLoadStrategy: normal, platform: XP, platformName: XP, rotatable: false, setWindowRect: true, takesHeapSnapshot: true, takesScreenshot: true, unexpectedAlertBehaviour: , unhandledPromptBehavior: , version: 68.0.3440.106, webStorageEnabled: true}\nSession ID: 7ca61a731fbcf4cbc7b07079cb6c15d1)","startTime":1534921882085,"endTime":0,"childRecords":[],"interuppted":false}],"interuppted":false},{"testStatus":{"stackTrace":"","statusValue":"FAILED"},"type":"MESSAGE","name":"","message":"Test Cases/Performance Test Case FAILED because (of) Unable to click on object \u0027Object Repository/Header/a_Organization-2\u0027 (Root cause: org.openqa.selenium.ElementNotVisibleException: element not visible\n  (Session info: chrome\u003d68.0.3440.106)\n  (Driver info: chromedriver\u003d2.35.528161 (5b82f2d2aae0ca24b877009200ced9065a772e73),platform\u003dWindows NT 10.0.17134 x86_64) (WARNING: The server did not provide any stacktrace information)\nCommand duration or timeout: 0 milliseconds\nBuild info: version: \u00273.7.1\u0027, revision: \u00278a0099a\u0027, time: \u00272017-11-06T21:07:36.161Z\u0027\nSystem info: host: \u0027DESKTOP-9K9SI5R\u0027, ip: \u0027192.168.86.34\u0027, os.name: \u0027Windows 10\u0027, os.arch: \u0027amd64\u0027, os.version: \u002710.0\u0027, java.version: \u00271.8.0_102\u0027\nDriver info: com.kms.katalon.selenium.driver.CChromeDriver\nCapabilities {acceptInsecureCerts: false, acceptSslCerts: false, applicationCacheEnabled: false, browserConnectionEnabled: false, browserName: chrome, chrome: {chromedriverVersion: 2.35.528161 (5b82f2d2aae0ca..., userDataDir: C:\\Users\\VuNA\\AppData\\Local...}, cssSelectorsEnabled: true, databaseEnabled: false, handlesAlerts: true, hasTouchScreen: false, javascriptEnabled: true, locationContextEnabled: true, mobileEmulationEnabled: false, nativeEvents: true, networkConnectionEnabled: false, pageLoadStrategy: normal, platform: XP, platformName: XP, rotatable: false, setWindowRect: true, takesHeapSnapshot: true, takesScreenshot: true, unexpectedAlertBehaviour: , unhandledPromptBehavior: , version: 68.0.3440.106, webStorageEnabled: true}\nSession ID: 7ca61a731fbcf4cbc7b07079cb6c15d1)","startTime":1534921882087,"endTime":0,"childRecords":[],"interuppted":false}],"interuppted":false},{"testStatus":{"stackTrace":"","statusValue":"FAILED"},"type":"MESSAGE","name":"","message":"Unable to call Test Case with id \u0027Test Cases/Performance Test Case\u0027 (Root cause: Call Test Case \u0027Test Cases/Performance Test Case\u0027 failed)","startTime":1534921882091,"endTime":0,"childRecords":[],"interuppted":false}],"interuppted":false}],"interuppted":false},{"testStatus":{"stackTrace":"","statusValue":"FAILED"},"type":"MESSAGE","name":"","message":"Test Cases/loop_perf FAILED because (of) Unable to click on object \u0027Object Repository/Header/a_Organization-2\u0027 (Root cause: org.openqa.selenium.ElementNotVisibleException: element not visible\n  (Session info: chrome\u003d68.0.3440.106)\n  (Driver info: chromedriver\u003d2.35.528161 (5b82f2d2aae0ca24b877009200ced9065a772e73),platform\u003dWindows NT 10.0.17134 x86_64) (WARNING: The server did not provide any stacktrace information)\nCommand duration or timeout: 0 milliseconds\nBuild info: version: \u00273.7.1\u0027, revision: \u00278a0099a\u0027, time: \u00272017-11-06T21:07:36.161Z\u0027\nSystem info: host: \u0027DESKTOP-9K9SI5R\u0027, ip: \u0027192.168.86.34\u0027, os.name: \u0027Windows 10\u0027, os.arch: \u0027amd64\u0027, os.version: \u002710.0\u0027, java.version: \u00271.8.0_102\u0027\nDriver info: com.kms.katalon.selenium.driver.CChromeDriver\nCapabilities {acceptInsecureCerts: false, acceptSslCerts: false, applicationCacheEnabled: false, browserConnectionEnabled: false, browserName: chrome, chrome: {chromedriverVersion: 2.35.528161 (5b82f2d2aae0ca..., userDataDir: C:\\Users\\VuNA\\AppData\\Local...}, cssSelectorsEnabled: true, databaseEnabled: false, handlesAlerts: true, hasTouchScreen: false, javascriptEnabled: true, locationContextEnabled: true, mobileEmulationEnabled: false, nativeEvents: true, networkConnectionEnabled: false, pageLoadStrategy: normal, platform: XP, platformName: XP, rotatable: false, setWindowRect: true, takesHeapSnapshot: true, takesScreenshot: true, unexpectedAlertBehaviour: , unhandledPromptBehavior: , version: 68.0.3440.106, webStorageEnabled: true}\nSession ID: 7ca61a731fbcf4cbc7b07079cb6c15d1)","startTime":1534921882094,"endTime":0,"childRecords":[],"interuppted":false}],"interuppted":false}],"interuppted":false}