<?xml version="1.0" encoding="UTF-8"?>
<testsuites name="Performance Test Suite" time="166" tests="0" failures="1" errors="0">
   <testsuite name="Performance Test Suite" tests="0" failures="1" errors="0" time="166" timestamp="2018-08-22 14:09:30" hostname="VuNA - 192.168.86.34" id="Test Suites/Performance Test Suite">
      <properties>
         <property name="deviceName" value=""/>
         <property name="devicePlatform" value=""/>
         <property name="logFolder" value="D:\\Katalon\\bridge-tracker\\Reports\\Performance Test Suite\\20180822_140857"/>
         <property name="logFiles" value="D:\\Katalon\\bridge-tracker\\Reports\\Performance Test Suite\\20180822_140857\\execution0.log"/>
         <property name="attachments" value="D:\\Katalon\\bridge-tracker\\Reports\\Performance Test Suite\\20180822_140857\\1534921935344.png"/>
         <property name="hostName" value="VuNA - 192.168.86.34"/>
         <property name="os" value="Windows 10 64bit"/>
         <property name="katalonVersion" value="5.6.0.1"/>
         <property name="browser" value="Chrome 68.0.3440.106"/>
         <property name="hostAddress" value="192.168.86.34"/>
         <property name="sessionId" value="02263354898eac8d717a1ada3ac6dfa6"/>
         <property name="seleniumVersion" value="3.7.1"/>
         <property name="proxyInformation" value="ProxyInformation{proxyOption=NO_PROXY, proxyServerType=HTTP, password=, proxyServerAddress=, proxyServerPort=0}"/>
         <property name="platform" value="Windows 10"/>
      </properties>
      <testcase name="Test Cases/loop_perf" classname="Test Cases/loop_perf" status="FAILED">
         <failure type="FAILED" message="Unable to click on object 'Object Repository/A Program Page/icon_Add Phase' (Root cause: org.openqa.selenium.ElementNotVisibleException: element not visible
  (Session info: chrome=68.0.3440.106)
  (Driver info: chromedriver=2.35.528161 (5b82f2d2aae0ca24b877009200ced9065a772e73),platform=Windows NT 10.0.17134 x86_64) (WARNING: The server did not provide any stacktrace information)
Command duration or timeout: 0 milliseconds
Build info: version: '3.7.1', revision: '8a0099a', time: '2017-11-06T21:07:36.161Z'
System info: host: 'DESKTOP-9K9SI5R', ip: '192.168.86.34', os.name: 'Windows 10', os.arch: 'amd64', os.version: '10.0', java.version: '1.8.0_102'
Driver info: com.kms.katalon.selenium.driver.CChromeDriver
Capabilities {acceptInsecureCerts: false, acceptSslCerts: false, applicationCacheEnabled: false, browserConnectionEnabled: false, browserName: chrome, chrome: {chromedriverVersion: 2.35.528161 (5b82f2d2aae0ca..., userDataDir: C:\Users\VuNA\AppData\Local...}, cssSelectorsEnabled: true, databaseEnabled: false, handlesAlerts: true, hasTouchScreen: false, javascriptEnabled: true, locationContextEnabled: true, mobileEmulationEnabled: false, nativeEvents: true, networkConnectionEnabled: false, pageLoadStrategy: normal, platform: XP, platformName: XP, rotatable: false, setWindowRect: true, takesHeapSnapshot: true, takesScreenshot: true, unexpectedAlertBehaviour: , unhandledPromptBehavior: , version: 68.0.3440.106, webStorageEnabled: true}
Session ID: 02263354898eac8d717a1ada3ac6dfa6)"/>
         <system-out><![CDATA[2018-08-22 14:09:31 - [TEST_CASE][FAILED] - Test Cases/loop_perf: Test Cases/loop_perf FAILED because (of) Unable to click on object 'Object Repository/A Program Page/icon_Add Phase' (Root cause: org.openqa.selenium.ElementNotVisibleException: element not visible
  (Session info: chrome=68.0.3440.106)
  (Driver info: chromedriver=2.35.528161 (5b82f2d2aae0ca24b877009200ced9065a772e73),platform=Windows NT 10.0.17134 x86_64) (WARNING: The server did not provide any stacktrace information)
Command duration or timeout: 0 milliseconds
Build info: version: '3.7.1', revision: '8a0099a', time: '2017-11-06T21:07:36.161Z'
System info: host: 'DESKTOP-9K9SI5R', ip: '192.168.86.34', os.name: 'Windows 10', os.arch: 'amd64', os.version: '10.0', java.version: '1.8.0_102'
Driver info: com.kms.katalon.selenium.driver.CChromeDriver
Capabilities {acceptInsecureCerts: false, acceptSslCerts: false, applicationCacheEnabled: false, browserConnectionEnabled: false, browserName: chrome, chrome: {chromedriverVersion: 2.35.528161 (5b82f2d2aae0ca..., userDataDir: C:\Users\VuNA\AppData\Local...}, cssSelectorsEnabled: true, databaseEnabled: false, handlesAlerts: true, hasTouchScreen: false, javascriptEnabled: true, locationContextEnabled: true, mobileEmulationEnabled: false, nativeEvents: true, networkConnectionEnabled: false, pageLoadStrategy: normal, platform: XP, platformName: XP, rotatable: false, setWindowRect: true, takesHeapSnapshot: true, takesScreenshot: true, unexpectedAlertBehaviour: , unhandledPromptBehavior: , version: 68.0.3440.106, webStorageEnabled: true}
Session ID: 02263354898eac8d717a1ada3ac6dfa6)

2018-08-22 14:09:31 - [TEST_STEP][PASSED] - Start listener action : sampleBeforeTestCase: Invoke 'com.kms.katalon.core.annotation.BeforeTestCase' method: 'LoginTestListener.sampleBeforeTestCase(...)' completed.

2018-08-22 14:09:31 - [TEST_STEP][PASSED] - Statement - println(testCaseContext.getTestCaseId()): null

2018-08-22 14:09:31 - [TEST_STEP][PASSED] - Statement - println(testCaseContext.getTestCaseVariables()): Invoke 'com.kms.katalon.core.annotation.BeforeTestCase' method: 'LoginTestListener.sampleBeforeTestCase(...)' completed.

2018-08-22 14:09:32 - [TEST_STEP][PASSED] - Statement - formatter = new java.text.SimpleDateFormat(HH): null

2018-08-22 14:09:32 - [TEST_STEP][PASSED] - Statement - date = new java.util.Date(): null

2018-08-22 14:09:32 - [TEST_STEP][PASSED] - Statement - H = formatter.format(date): null

2018-08-22 14:09:32 - [TEST_STEP][PASSED] - Statement - println(H): null

2018-08-22 14:09:32 - [TEST_STEP][FAILED] - Statement - While (H < 17): Unable to call Test Case with id 'Test Cases/Performance Test Case' (Root cause: Call Test Case 'Test Cases/Performance Test Case' failed)

2018-08-22 14:09:32 - [TEST_STEP][FAILED] - callTestCase: Unable to call Test Case with id 'Test Cases/Performance Test Case' (Root cause: Call Test Case 'Test Cases/Performance Test Case' failed)

2018-08-22 14:09:32 - [TEST_CASE][FAILED] - Test Cases/Performance Test Case: Test Cases/Performance Test Case FAILED because (of) Unable to click on object 'Object Repository/A Program Page/icon_Add Phase' (Root cause: org.openqa.selenium.ElementNotVisibleException: element not visible
  (Session info: chrome=68.0.3440.106)
  (Driver info: chromedriver=2.35.528161 (5b82f2d2aae0ca24b877009200ced9065a772e73),platform=Windows NT 10.0.17134 x86_64) (WARNING: The server did not provide any stacktrace information)
Command duration or timeout: 0 milliseconds
Build info: version: '3.7.1', revision: '8a0099a', time: '2017-11-06T21:07:36.161Z'
System info: host: 'DESKTOP-9K9SI5R', ip: '192.168.86.34', os.name: 'Windows 10', os.arch: 'amd64', os.version: '10.0', java.version: '1.8.0_102'
Driver info: com.kms.katalon.selenium.driver.CChromeDriver
Capabilities {acceptInsecureCerts: false, acceptSslCerts: false, applicationCacheEnabled: false, browserConnectionEnabled: false, browserName: chrome, chrome: {chromedriverVersion: 2.35.528161 (5b82f2d2aae0ca..., userDataDir: C:\Users\VuNA\AppData\Local...}, cssSelectorsEnabled: true, databaseEnabled: false, handlesAlerts: true, hasTouchScreen: false, javascriptEnabled: true, locationContextEnabled: true, mobileEmulationEnabled: false, nativeEvents: true, networkConnectionEnabled: false, pageLoadStrategy: normal, platform: XP, platformName: XP, rotatable: false, setWindowRect: true, takesHeapSnapshot: true, takesScreenshot: true, unexpectedAlertBehaviour: , unhandledPromptBehavior: , version: 68.0.3440.106, webStorageEnabled: true}
Session ID: 02263354898eac8d717a1ada3ac6dfa6)

2018-08-22 14:09:33 - [TEST_STEP][PASSED] - callTestCase: Call Test Case 'Test Cases/Done/Commons/NavigateToApp' successfully

2018-08-22 14:09:33 - [TEST_CASE][PASSED] - Test Cases/Done/Commons/NavigateToApp: Test Cases/Done/Commons/NavigateToApp

2018-08-22 14:09:33 - [TEST_STEP][PASSED] - openBrowser: Browser is opened with url: ''

2018-08-22 14:09:39 - [MESSAGE][PASSED] - Browser is opened with url: ''

2018-08-22 14:09:39 - [TEST_STEP][PASSED] - navigateToUrl: Navigate to 'http://stg.bridgeathletic.com/' successfully

2018-08-22 14:10:05 - [MESSAGE][PASSED] - Navigate to 'http://stg.bridgeathletic.com/' successfully

2018-08-22 14:10:05 - [MESSAGE][PASSED] - Call Test Case 'Test Cases/Done/Commons/NavigateToApp' successfully

2018-08-22 14:10:05 - [TEST_STEP][PASSED] - callTestCase: Call Test Case 'Test Cases/Done/Commons/Login' successfully

2018-08-22 14:10:05 - [TEST_CASE][PASSED] - Test Cases/Done/Commons/Login: Test Cases/Done/Commons/Login

2018-08-22 14:10:07 - [TEST_STEP][PASSED] - Statement - driver = com.kms.katalon.core.webui.driver.DriverFactory.getWebDriver(): null

2018-08-22 14:10:07 - [TEST_STEP][PASSED] - Statement - email = email: null

2018-08-22 14:10:07 - [TEST_STEP][PASSED] - Statement - password = password: null

2018-08-22 14:10:07 - [TEST_STEP][PASSED] - Statement - current_url = com.kms.katalon.core.webui.keyword.WebUiBuiltInKeywords.getUrl(): Current window's url is: 'http://stg.bridgeathletic.com/'

2018-08-22 14:10:09 - [MESSAGE][PASSED] - Current window's url is: 'http://stg.bridgeathletic.com/'

2018-08-22 14:10:09 - [TEST_STEP][PASSED] - Statement - If (com.kms.katalon.core.webui.keyword.WebUiBuiltInKeywords.verifyMatch(current_url, "http://stg.bridgeathletic.com/", false, OPTIONAL) == false): Actual text 'http://stg.bridgeathletic.com/' and expected text 'http://stg.bridgeathletic.com/' are matched 

2018-08-22 14:10:09 - [MESSAGE][PASSED] - Actual text 'http://stg.bridgeathletic.com/' and expected text 'http://stg.bridgeathletic.com/' are matched 

2018-08-22 14:10:09 - [TEST_STEP][PASSED] - click: Object: 'Object Repository/Home Page/a_Login' is clicked on

2018-08-22 14:10:20 - [MESSAGE][PASSED] - Object: 'Object Repository/Home Page/a_Login' is clicked on

2018-08-22 14:10:20 - [TEST_STEP][PASSED] - setText: Text 'test+assay2@bridgeathletic.com' is set on object 'Object Repository/Login Page/input_email'

2018-08-22 14:10:26 - [MESSAGE][PASSED] - Text 'test+assay2@bridgeathletic.com' is set on object 'Object Repository/Login Page/input_email'

2018-08-22 14:10:26 - [TEST_STEP][PASSED] - setText: Text '23456789' is set on object 'Object Repository/Login Page/input_password'

2018-08-22 14:10:27 - [MESSAGE][PASSED] - Text '23456789' is set on object 'Object Repository/Login Page/input_password'

2018-08-22 14:10:27 - [TEST_STEP][PASSED] - click: Object: 'Object Repository/Login Page/button_LOGIN' is clicked on

2018-08-22 14:10:36 - [MESSAGE][PASSED] - Object: 'Object Repository/Login Page/button_LOGIN' is clicked on

2018-08-22 14:10:36 - [TEST_STEP][PASSED] - waitForElementPresent: Object 'Object Repository/Header/div_user-details' is present

2018-08-22 14:10:42 - [MESSAGE][PASSED] - Object 'Object Repository/Header/div_user-details' is present

2018-08-22 14:10:42 - [TEST_STEP][PASSED] - Statement - If (driver.findElements(org.openqa.selenium.By.xpath("//button[@class="md-raised md-button md-default-theme"]")).size() > 0): Object: '' is clicked on

2018-08-22 14:10:45 - [TEST_STEP][PASSED] - Statement - reload = new com.kms.katalon.core.testobject.TestObject(): null

2018-08-22 14:10:45 - [TEST_STEP][PASSED] - Statement - reload.addProperty("xpath", EQUALS, "//button[@class="md-raised md-button md-default-theme"]", true): null

2018-08-22 14:10:45 - [TEST_STEP][PASSED] - click: Object: '' is clicked on

2018-08-22 14:10:51 - [MESSAGE][PASSED] - Object: '' is clicked on

2018-08-22 14:10:51 - [TEST_STEP][PASSED] - callTestCase: Call Test Case 'Test Cases/Done/Commons/Waiting' successfully

2018-08-22 14:10:51 - [TEST_CASE][PASSED] - Test Cases/Done/Commons/Waiting: Test Cases/Done/Commons/Waiting

2018-08-22 14:10:52 - [TEST_STEP][PASSED] - Statement - driver = com.kms.katalon.core.webui.driver.DriverFactory.getWebDriver(): null

2018-08-22 14:10:52 - [TEST_STEP][PASSED] - Statement - flag = true: null

2018-08-22 14:10:52 - [TEST_STEP][PASSED] - Statement - While (flag == true): null

2018-08-22 14:10:52 - [TEST_STEP][PASSED] - delay: Delayed 1 second(s)

2018-08-22 14:10:53 - [MESSAGE][PASSED] - Delayed 1 second(s)

2018-08-22 14:10:53 - [TEST_STEP][PASSED] - Statement - flag = false: null

2018-08-22 14:10:53 - [TEST_STEP][PASSED] - Statement - If (driver.findElements(org.openqa.selenium.By.xpath("//div[@id="messageAlert"]/span[@aria-hidden="false"]")).size() > 0): null

2018-08-22 14:10:54 - [TEST_STEP][PASSED] - Statement - If (driver.findElements(org.openqa.selenium.By.xpath("//div[@class="block-ui ng-binding"]/div[@class="md-dialog-container ng-scope"]")).size() > 0): null

2018-08-22 14:10:54 - [TEST_STEP][PASSED] - Statement - If (driver.findElements(org.openqa.selenium.By.xpath("//div[@class="loading-overlay"]")).size() > 0): null

2018-08-22 14:10:54 - [TEST_STEP][PASSED] - Statement - If (driver.findElements(org.openqa.selenium.By.xpath("//div[contains(@id,"wm-shoutout")]")).size() > 0): null

2018-08-22 14:10:56 - [TEST_STEP][PASSED] - Statement - If (driver.findElements(org.openqa.selenium.By.xpath("//md-dialog[@id="accept-term-pop"]")).size() > 0): null

2018-08-22 14:10:57 - [TEST_STEP][PASSED] - Statement - If (driver.findElements(org.openqa.selenium.By.xpath("//div[@class="cookie-navigation ng-scope"]")).size() > 0): null

2018-08-22 14:10:58 - [MESSAGE][PASSED] - Call Test Case 'Test Cases/Done/Commons/Waiting' successfully

2018-08-22 14:10:58 - [MESSAGE][PASSED] - Call Test Case 'Test Cases/Done/Commons/Login' successfully

2018-08-22 14:10:58 - [TEST_STEP][PASSED] - click: Object: 'Object Repository/Header/input_currentOrg' is clicked on

2018-08-22 14:11:12 - [MESSAGE][PASSED] - Object: 'Object Repository/Header/input_currentOrg' is clicked on

2018-08-22 14:11:12 - [TEST_STEP][PASSED] - click: Object: 'Object Repository/Header/a_Organization-2' is clicked on

2018-08-22 14:11:18 - [MESSAGE][PASSED] - Object: 'Object Repository/Header/a_Organization-2' is clicked on

2018-08-22 14:11:18 - [TEST_STEP][PASSED] - callTestCase: Call Test Case 'Test Cases/Done/Commons/Waiting' successfully

2018-08-22 14:11:18 - [TEST_CASE][PASSED] - Test Cases/Done/Commons/Waiting: Test Cases/Done/Commons/Waiting

2018-08-22 14:11:18 - [TEST_STEP][PASSED] - Statement - driver = com.kms.katalon.core.webui.driver.DriverFactory.getWebDriver(): null

2018-08-22 14:11:18 - [TEST_STEP][PASSED] - Statement - flag = true: null

2018-08-22 14:11:18 - [TEST_STEP][PASSED] - Statement - While (flag == true): null

2018-08-22 14:11:18 - [TEST_STEP][PASSED] - delay: Delayed 1 second(s)

2018-08-22 14:11:19 - [MESSAGE][PASSED] - Delayed 1 second(s)

2018-08-22 14:11:19 - [TEST_STEP][PASSED] - Statement - flag = false: null

2018-08-22 14:11:19 - [TEST_STEP][PASSED] - Statement - If (driver.findElements(org.openqa.selenium.By.xpath("//div[@id="messageAlert"]/span[@aria-hidden="false"]")).size() > 0): null

2018-08-22 14:11:19 - [TEST_STEP][PASSED] - Statement - headerLoading = new com.kms.katalon.core.testobject.TestObject(): null

2018-08-22 14:11:19 - [TEST_STEP][PASSED] - Statement - headerLoading.addProperty("xpath", EQUALS, "//div[@id="messageAlert"]/span[@aria-hidden="false"]", true): null

2018-08-22 14:11:19 - [TEST_STEP][PASSED] - waitForElementNotPresent: Web element with id: '' located by 'By.xpath: //div[@id="messageAlert"]/span[@aria-hidden="false"]' is not present after '30' second(s)

2018-08-22 14:11:22 - [MESSAGE][PASSED] - Web element with id: '' located by 'By.xpath: //div[@id="messageAlert"]/span[@aria-hidden="false"]' is not present after '30' second(s)

2018-08-22 14:11:22 - [TEST_STEP][PASSED] - Statement - flag = true: null

2018-08-22 14:11:22 - [TEST_STEP][PASSED] - Statement - If (driver.findElements(org.openqa.selenium.By.xpath("//div[@class="block-ui ng-binding"]/div[@class="md-dialog-container ng-scope"]")).size() > 0): null

2018-08-22 14:11:23 - [TEST_STEP][PASSED] - Statement - If (driver.findElements(org.openqa.selenium.By.xpath("//div[@class="loading-overlay"]")).size() > 0): null

2018-08-22 14:11:23 - [TEST_STEP][PASSED] - Statement - If (driver.findElements(org.openqa.selenium.By.xpath("//div[contains(@id,"wm-shoutout")]")).size() > 0): null

2018-08-22 14:11:24 - [TEST_STEP][PASSED] - Statement - If (driver.findElements(org.openqa.selenium.By.xpath("//md-dialog[@id="accept-term-pop"]")).size() > 0): null

2018-08-22 14:11:24 - [TEST_STEP][PASSED] - Statement - If (driver.findElements(org.openqa.selenium.By.xpath("//div[@class="cookie-navigation ng-scope"]")).size() > 0): null

2018-08-22 14:11:24 - [TEST_STEP][PASSED] - delay: Delayed 1 second(s)

2018-08-22 14:11:25 - [MESSAGE][PASSED] - Delayed 1 second(s)

2018-08-22 14:11:25 - [TEST_STEP][PASSED] - Statement - flag = false: null

2018-08-22 14:11:25 - [TEST_STEP][PASSED] - Statement - If (driver.findElements(org.openqa.selenium.By.xpath("//div[@id="messageAlert"]/span[@aria-hidden="false"]")).size() > 0): null

2018-08-22 14:11:25 - [TEST_STEP][PASSED] - Statement - If (driver.findElements(org.openqa.selenium.By.xpath("//div[@class="block-ui ng-binding"]/div[@class="md-dialog-container ng-scope"]")).size() > 0): null

2018-08-22 14:11:25 - [TEST_STEP][PASSED] - Statement - If (driver.findElements(org.openqa.selenium.By.xpath("//div[@class="loading-overlay"]")).size() > 0): null

2018-08-22 14:11:25 - [TEST_STEP][PASSED] - Statement - If (driver.findElements(org.openqa.selenium.By.xpath("//div[contains(@id,"wm-shoutout")]")).size() > 0): null

2018-08-22 14:11:26 - [TEST_STEP][PASSED] - Statement - If (driver.findElements(org.openqa.selenium.By.xpath("//md-dialog[@id="accept-term-pop"]")).size() > 0): null

2018-08-22 14:11:26 - [TEST_STEP][PASSED] - Statement - If (driver.findElements(org.openqa.selenium.By.xpath("//div[@class="cookie-navigation ng-scope"]")).size() > 0): null

2018-08-22 14:11:26 - [MESSAGE][PASSED] - Call Test Case 'Test Cases/Done/Commons/Waiting' successfully

2018-08-22 14:11:26 - [TEST_STEP][PASSED] - click: Object: 'Object Repository/Org Home Page/span_LIBRARY' is clicked on

2018-08-22 14:11:26 - [MESSAGE][PASSED] - Object: 'Object Repository/Org Home Page/span_LIBRARY' is clicked on

2018-08-22 14:11:26 - [TEST_STEP][PASSED] - callTestCase: Call Test Case 'Test Cases/Done/Commons/Waiting' successfully

2018-08-22 14:11:26 - [TEST_CASE][PASSED] - Test Cases/Done/Commons/Waiting: Test Cases/Done/Commons/Waiting

2018-08-22 14:11:27 - [TEST_STEP][PASSED] - Statement - driver = com.kms.katalon.core.webui.driver.DriverFactory.getWebDriver(): null

2018-08-22 14:11:27 - [TEST_STEP][PASSED] - Statement - flag = true: null

2018-08-22 14:11:27 - [TEST_STEP][PASSED] - Statement - While (flag == true): null

2018-08-22 14:11:27 - [TEST_STEP][PASSED] - delay: Delayed 1 second(s)

2018-08-22 14:11:28 - [MESSAGE][PASSED] - Delayed 1 second(s)

2018-08-22 14:11:28 - [TEST_STEP][PASSED] - Statement - flag = false: null

2018-08-22 14:11:28 - [TEST_STEP][PASSED] - Statement - If (driver.findElements(org.openqa.selenium.By.xpath("//div[@id="messageAlert"]/span[@aria-hidden="false"]")).size() > 0): null

2018-08-22 14:11:28 - [TEST_STEP][PASSED] - Statement - headerLoading = new com.kms.katalon.core.testobject.TestObject(): null

2018-08-22 14:11:28 - [TEST_STEP][PASSED] - Statement - headerLoading.addProperty("xpath", EQUALS, "//div[@id="messageAlert"]/span[@aria-hidden="false"]", true): null

2018-08-22 14:11:28 - [TEST_STEP][PASSED] - waitForElementNotPresent: Web element with id: '' located by 'By.xpath: //div[@id="messageAlert"]/span[@aria-hidden="false"]' is not present after '30' second(s)

2018-08-22 14:11:29 - [MESSAGE][PASSED] - Web element with id: '' located by 'By.xpath: //div[@id="messageAlert"]/span[@aria-hidden="false"]' is not present after '30' second(s)

2018-08-22 14:11:29 - [TEST_STEP][PASSED] - Statement - flag = true: null

2018-08-22 14:11:29 - [TEST_STEP][PASSED] - Statement - If (driver.findElements(org.openqa.selenium.By.xpath("//div[@class="block-ui ng-binding"]/div[@class="md-dialog-container ng-scope"]")).size() > 0): null

2018-08-22 14:11:30 - [TEST_STEP][PASSED] - Statement - loading = new com.kms.katalon.core.testobject.TestObject(): null

2018-08-22 14:11:30 - [TEST_STEP][PASSED] - Statement - loading.addProperty("xpath", EQUALS, "//div[@class="block-ui ng-binding"]/div[@class="md-dialog-container ng-scope"]", true): null

2018-08-22 14:11:30 - [TEST_STEP][PASSED] - waitForElementNotPresent: Web element with id: '' located by 'By.xpath: //div[@class="block-ui ng-binding"]/div[@class="md-dialog-container ng-scope"]' is not present after '30' second(s)

2018-08-22 14:11:32 - [MESSAGE][PASSED] - Web element with id: '' located by 'By.xpath: //div[@class="block-ui ng-binding"]/div[@class="md-dialog-container ng-scope"]' is not present after '30' second(s)

2018-08-22 14:11:32 - [TEST_STEP][PASSED] - Statement - flag = true: null

2018-08-22 14:11:32 - [TEST_STEP][PASSED] - Statement - If (driver.findElements(org.openqa.selenium.By.xpath("//div[@class="loading-overlay"]")).size() > 0): null

2018-08-22 14:11:33 - [TEST_STEP][PASSED] - Statement - If (driver.findElements(org.openqa.selenium.By.xpath("//div[contains(@id,"wm-shoutout")]")).size() > 0): null

2018-08-22 14:11:33 - [TEST_STEP][PASSED] - Statement - If (driver.findElements(org.openqa.selenium.By.xpath("//md-dialog[@id="accept-term-pop"]")).size() > 0): null

2018-08-22 14:11:33 - [TEST_STEP][PASSED] - Statement - If (driver.findElements(org.openqa.selenium.By.xpath("//div[@class="cookie-navigation ng-scope"]")).size() > 0): null

2018-08-22 14:11:33 - [TEST_STEP][PASSED] - delay: Delayed 1 second(s)

2018-08-22 14:11:34 - [MESSAGE][PASSED] - Delayed 1 second(s)

2018-08-22 14:11:34 - [TEST_STEP][PASSED] - Statement - flag = false: null

2018-08-22 14:11:34 - [TEST_STEP][PASSED] - Statement - If (driver.findElements(org.openqa.selenium.By.xpath("//div[@id="messageAlert"]/span[@aria-hidden="false"]")).size() > 0): null

2018-08-22 14:11:34 - [TEST_STEP][PASSED] - Statement - If (driver.findElements(org.openqa.selenium.By.xpath("//div[@class="block-ui ng-binding"]/div[@class="md-dialog-container ng-scope"]")).size() > 0): null

2018-08-22 14:11:34 - [TEST_STEP][PASSED] - Statement - If (driver.findElements(org.openqa.selenium.By.xpath("//div[@class="loading-overlay"]")).size() > 0): null

2018-08-22 14:11:34 - [TEST_STEP][PASSED] - Statement - If (driver.findElements(org.openqa.selenium.By.xpath("//div[contains(@id,"wm-shoutout")]")).size() > 0): null

2018-08-22 14:11:34 - [TEST_STEP][PASSED] - Statement - If (driver.findElements(org.openqa.selenium.By.xpath("//md-dialog[@id="accept-term-pop"]")).size() > 0): null

2018-08-22 14:11:34 - [TEST_STEP][PASSED] - Statement - If (driver.findElements(org.openqa.selenium.By.xpath("//div[@class="cookie-navigation ng-scope"]")).size() > 0): null

2018-08-22 14:11:34 - [MESSAGE][PASSED] - Call Test Case 'Test Cases/Done/Commons/Waiting' successfully

2018-08-22 14:11:34 - [TEST_STEP][PASSED] - click: Object: 'Object Repository/Library/button_New Program' is clicked on

2018-08-22 14:11:38 - [MESSAGE][PASSED] - Object: 'Object Repository/Library/button_New Program' is clicked on

2018-08-22 14:11:38 - [TEST_STEP][PASSED] - callTestCase: Call Test Case 'Test Cases/Done/Commons/Waiting' successfully

2018-08-22 14:11:38 - [TEST_CASE][PASSED] - Test Cases/Done/Commons/Waiting: Test Cases/Done/Commons/Waiting

2018-08-22 14:11:38 - [TEST_STEP][PASSED] - Statement - driver = com.kms.katalon.core.webui.driver.DriverFactory.getWebDriver(): null

2018-08-22 14:11:38 - [TEST_STEP][PASSED] - Statement - flag = true: null

2018-08-22 14:11:38 - [TEST_STEP][PASSED] - Statement - While (flag == true): null

2018-08-22 14:11:38 - [TEST_STEP][PASSED] - delay: Delayed 1 second(s)

2018-08-22 14:11:39 - [MESSAGE][PASSED] - Delayed 1 second(s)

2018-08-22 14:11:39 - [TEST_STEP][PASSED] - Statement - flag = false: null

2018-08-22 14:11:39 - [TEST_STEP][PASSED] - Statement - If (driver.findElements(org.openqa.selenium.By.xpath("//div[@id="messageAlert"]/span[@aria-hidden="false"]")).size() > 0): null

2018-08-22 14:11:40 - [TEST_STEP][PASSED] - Statement - If (driver.findElements(org.openqa.selenium.By.xpath("//div[@class="block-ui ng-binding"]/div[@class="md-dialog-container ng-scope"]")).size() > 0): null

2018-08-22 14:11:40 - [TEST_STEP][PASSED] - Statement - If (driver.findElements(org.openqa.selenium.By.xpath("//div[@class="loading-overlay"]")).size() > 0): null

2018-08-22 14:11:40 - [TEST_STEP][PASSED] - Statement - If (driver.findElements(org.openqa.selenium.By.xpath("//div[contains(@id,"wm-shoutout")]")).size() > 0): null

2018-08-22 14:11:41 - [TEST_STEP][PASSED] - Statement - If (driver.findElements(org.openqa.selenium.By.xpath("//md-dialog[@id="accept-term-pop"]")).size() > 0): null

2018-08-22 14:11:41 - [TEST_STEP][PASSED] - Statement - If (driver.findElements(org.openqa.selenium.By.xpath("//div[@class="cookie-navigation ng-scope"]")).size() > 0): null

2018-08-22 14:11:41 - [MESSAGE][PASSED] - Call Test Case 'Test Cases/Done/Commons/Waiting' successfully

2018-08-22 14:11:41 - [TEST_STEP][PASSED] - Statement - randomProgramName = CustomKeywords.com.bridgeathletic.random.getRandomName("Performance Program Name "): com.bridgeathletic.random.getRandomName is PASSED

2018-08-22 14:11:41 - [MESSAGE][PASSED] - com.bridgeathletic.random.getRandomName is PASSED

2018-08-22 14:11:41 - [TEST_STEP][PASSED] - setText: Text 'Performance Program Name Wed Aug 22 14:11:41 ICT 2018' is set on object 'Object Repository/A Program Page/input_new-program-name'

2018-08-22 14:11:47 - [MESSAGE][PASSED] - Text 'Performance Program Name Wed Aug 22 14:11:41 ICT 2018' is set on object 'Object Repository/A Program Page/input_new-program-name'

2018-08-22 14:11:47 - [TEST_STEP][PASSED] - Statement - randomProgramDescription = CustomKeywords.com.bridgeathletic.random.getRandomName("Performance Program Description "): com.bridgeathletic.random.getRandomName is PASSED

2018-08-22 14:11:47 - [MESSAGE][PASSED] - com.bridgeathletic.random.getRandomName is PASSED

2018-08-22 14:11:47 - [TEST_STEP][PASSED] - setText: Text 'Performance Program Description Wed Aug 22 14:11:47 ICT 2018' is set on object 'Object Repository/A Program Page/textarea_new-program-description'

2018-08-22 14:11:52 - [MESSAGE][PASSED] - Text 'Performance Program Description Wed Aug 22 14:11:47 ICT 2018' is set on object 'Object Repository/A Program Page/textarea_new-program-description'

2018-08-22 14:11:52 - [TEST_STEP][PASSED] - click: Object: 'Object Repository/A Program Page/button_add-program' is clicked on

2018-08-22 14:11:52 - [MESSAGE][PASSED] - Object: 'Object Repository/A Program Page/button_add-program' is clicked on

2018-08-22 14:11:52 - [TEST_STEP][PASSED] - waitForElementNotPresent: Web element with id: 'Object Repository/A Program Page/button_add-program' located by 'By.xpath: //button[@ng-click = "addProgram()"]' is not present after '30' second(s)

2018-08-22 14:11:58 - [MESSAGE][PASSED] - Web element with id: 'Object Repository/A Program Page/button_add-program' located by 'By.xpath: //button[@ng-click = "addProgram()"]' is not present after '30' second(s)

2018-08-22 14:11:58 - [TEST_STEP][PASSED] - callTestCase: Call Test Case 'Test Cases/Done/Commons/Waiting' successfully

2018-08-22 14:11:58 - [TEST_CASE][PASSED] - Test Cases/Done/Commons/Waiting: Test Cases/Done/Commons/Waiting

2018-08-22 14:11:58 - [TEST_STEP][PASSED] - Statement - driver = com.kms.katalon.core.webui.driver.DriverFactory.getWebDriver(): null

2018-08-22 14:11:58 - [TEST_STEP][PASSED] - Statement - flag = true: null

2018-08-22 14:11:58 - [TEST_STEP][PASSED] - Statement - While (flag == true): null

2018-08-22 14:11:58 - [TEST_STEP][PASSED] - delay: Delayed 1 second(s)

2018-08-22 14:11:59 - [MESSAGE][PASSED] - Delayed 1 second(s)

2018-08-22 14:11:59 - [TEST_STEP][PASSED] - Statement - flag = false: null

2018-08-22 14:11:59 - [TEST_STEP][PASSED] - Statement - If (driver.findElements(org.openqa.selenium.By.xpath("//div[@id="messageAlert"]/span[@aria-hidden="false"]")).size() > 0): null

2018-08-22 14:12:03 - [TEST_STEP][PASSED] - Statement - If (driver.findElements(org.openqa.selenium.By.xpath("//div[@class="block-ui ng-binding"]/div[@class="md-dialog-container ng-scope"]")).size() > 0): null

2018-08-22 14:12:03 - [TEST_STEP][PASSED] - Statement - If (driver.findElements(org.openqa.selenium.By.xpath("//div[@class="loading-overlay"]")).size() > 0): null

2018-08-22 14:12:03 - [TEST_STEP][PASSED] - Statement - If (driver.findElements(org.openqa.selenium.By.xpath("//div[contains(@id,"wm-shoutout")]")).size() > 0): null

2018-08-22 14:12:03 - [TEST_STEP][PASSED] - Statement - If (driver.findElements(org.openqa.selenium.By.xpath("//md-dialog[@id="accept-term-pop"]")).size() > 0): null

2018-08-22 14:12:03 - [TEST_STEP][PASSED] - Statement - If (driver.findElements(org.openqa.selenium.By.xpath("//div[@class="cookie-navigation ng-scope"]")).size() > 0): null

2018-08-22 14:12:04 - [MESSAGE][PASSED] - Call Test Case 'Test Cases/Done/Commons/Waiting' successfully

2018-08-22 14:12:04 - [TEST_STEP][PASSED] - click: Object: 'Object Repository/A Program Page/icon_Add Phase' is clicked on

2018-08-22 14:12:05 - [MESSAGE][PASSED] - Object: 'Object Repository/A Program Page/icon_Add Phase' is clicked on

2018-08-22 14:12:05 - [TEST_STEP][PASSED] - click: Object: 'Object Repository/A Program Page/a_Template Phase' is clicked on

2018-08-22 14:12:05 - [MESSAGE][PASSED] - Object: 'Object Repository/A Program Page/a_Template Phase' is clicked on

2018-08-22 14:12:05 - [TEST_STEP][PASSED] - callTestCase: Call Test Case 'Test Cases/Done/Commons/Waiting' successfully

2018-08-22 14:12:06 - [TEST_CASE][PASSED] - Test Cases/Done/Commons/Waiting: Test Cases/Done/Commons/Waiting

2018-08-22 14:12:06 - [TEST_STEP][PASSED] - Statement - driver = com.kms.katalon.core.webui.driver.DriverFactory.getWebDriver(): null

2018-08-22 14:12:06 - [TEST_STEP][PASSED] - Statement - flag = true: null

2018-08-22 14:12:06 - [TEST_STEP][PASSED] - Statement - While (flag == true): null

2018-08-22 14:12:06 - [TEST_STEP][PASSED] - delay: Delayed 1 second(s)

2018-08-22 14:12:07 - [MESSAGE][PASSED] - Delayed 1 second(s)

2018-08-22 14:12:07 - [TEST_STEP][PASSED] - Statement - flag = false: null

2018-08-22 14:12:07 - [TEST_STEP][PASSED] - Statement - If (driver.findElements(org.openqa.selenium.By.xpath("//div[@id="messageAlert"]/span[@aria-hidden="false"]")).size() > 0): null

2018-08-22 14:12:07 - [TEST_STEP][PASSED] - Statement - If (driver.findElements(org.openqa.selenium.By.xpath("//div[@class="block-ui ng-binding"]/div[@class="md-dialog-container ng-scope"]")).size() > 0): null

2018-08-22 14:12:07 - [TEST_STEP][PASSED] - Statement - If (driver.findElements(org.openqa.selenium.By.xpath("//div[@class="loading-overlay"]")).size() > 0): null

2018-08-22 14:12:07 - [TEST_STEP][PASSED] - Statement - If (driver.findElements(org.openqa.selenium.By.xpath("//div[contains(@id,"wm-shoutout")]")).size() > 0): null

2018-08-22 14:12:07 - [TEST_STEP][PASSED] - Statement - If (driver.findElements(org.openqa.selenium.By.xpath("//md-dialog[@id="accept-term-pop"]")).size() > 0): null

2018-08-22 14:12:07 - [TEST_STEP][PASSED] - Statement - If (driver.findElements(org.openqa.selenium.By.xpath("//div[@class="cookie-navigation ng-scope"]")).size() > 0): null

2018-08-22 14:12:07 - [MESSAGE][PASSED] - Call Test Case 'Test Cases/Done/Commons/Waiting' successfully

2018-08-22 14:12:07 - [TEST_STEP][PASSED] - Statement - rd = CustomKeywords.com.bridgeathletic.random.getRandomNumber(20): com.bridgeathletic.random.getRandomNumber is PASSED

2018-08-22 14:12:07 - [MESSAGE][PASSED] - com.bridgeathletic.random.getRandomNumber is PASSED

2018-08-22 14:12:07 - [TEST_STEP][PASSED] - Statement - randomSelectPhaseObject = new com.kms.katalon.core.testobject.TestObject(): null

2018-08-22 14:12:07 - [TEST_STEP][PASSED] - Statement - randomSelectPhaseObject.addProperty("xpath", EQUALS, "(//div[@ng-click="selectPhase(item)"])[" + rd + "]", true): null

2018-08-22 14:12:07 - [TEST_STEP][PASSED] - click: Object: '' is clicked on

2018-08-22 14:12:08 - [MESSAGE][PASSED] - Object: '' is clicked on

2018-08-22 14:12:08 - [TEST_STEP][PASSED] - delay: Delayed 1 second(s)

2018-08-22 14:12:09 - [MESSAGE][PASSED] - Delayed 1 second(s)

2018-08-22 14:12:09 - [TEST_STEP][PASSED] - click: Object: 'Object Repository/A Program Page/button_Insert' is clicked on

2018-08-22 14:12:09 - [MESSAGE][PASSED] - Object: 'Object Repository/A Program Page/button_Insert' is clicked on

2018-08-22 14:12:09 - [TEST_STEP][PASSED] - callTestCase: Call Test Case 'Test Cases/Done/Commons/Waiting' successfully

2018-08-22 14:12:09 - [TEST_CASE][PASSED] - Test Cases/Done/Commons/Waiting: Test Cases/Done/Commons/Waiting

2018-08-22 14:12:09 - [TEST_STEP][PASSED] - Statement - driver = com.kms.katalon.core.webui.driver.DriverFactory.getWebDriver(): null

2018-08-22 14:12:09 - [TEST_STEP][PASSED] - Statement - flag = true: null

2018-08-22 14:12:09 - [TEST_STEP][PASSED] - Statement - While (flag == true): null

2018-08-22 14:12:09 - [TEST_STEP][PASSED] - delay: Delayed 1 second(s)

2018-08-22 14:12:10 - [MESSAGE][PASSED] - Delayed 1 second(s)

2018-08-22 14:12:10 - [TEST_STEP][PASSED] - Statement - flag = false: null

2018-08-22 14:12:10 - [TEST_STEP][PASSED] - Statement - If (driver.findElements(org.openqa.selenium.By.xpath("//div[@id="messageAlert"]/span[@aria-hidden="false"]")).size() > 0): null

2018-08-22 14:12:10 - [TEST_STEP][PASSED] - Statement - headerLoading = new com.kms.katalon.core.testobject.TestObject(): null

2018-08-22 14:12:10 - [TEST_STEP][PASSED] - Statement - headerLoading.addProperty("xpath", EQUALS, "//div[@id="messageAlert"]/span[@aria-hidden="false"]", true): null

2018-08-22 14:12:10 - [TEST_STEP][PASSED] - waitForElementNotPresent: Web element with id: '' located by 'By.xpath: //div[@id="messageAlert"]/span[@aria-hidden="false"]' is not present after '30' second(s)

2018-08-22 14:12:13 - [MESSAGE][PASSED] - Web element with id: '' located by 'By.xpath: //div[@id="messageAlert"]/span[@aria-hidden="false"]' is not present after '30' second(s)

2018-08-22 14:12:13 - [TEST_STEP][PASSED] - Statement - flag = true: null

2018-08-22 14:12:13 - [TEST_STEP][PASSED] - Statement - If (driver.findElements(org.openqa.selenium.By.xpath("//div[@class="block-ui ng-binding"]/div[@class="md-dialog-container ng-scope"]")).size() > 0): null

2018-08-22 14:12:13 - [TEST_STEP][PASSED] - Statement - If (driver.findElements(org.openqa.selenium.By.xpath("//div[@class="loading-overlay"]")).size() > 0): null

2018-08-22 14:12:13 - [TEST_STEP][PASSED] - Statement - If (driver.findElements(org.openqa.selenium.By.xpath("//div[contains(@id,"wm-shoutout")]")).size() > 0): null

2018-08-22 14:12:13 - [TEST_STEP][PASSED] - Statement - If (driver.findElements(org.openqa.selenium.By.xpath("//md-dialog[@id="accept-term-pop"]")).size() > 0): null

2018-08-22 14:12:13 - [TEST_STEP][PASSED] - Statement - If (driver.findElements(org.openqa.selenium.By.xpath("//div[@class="cookie-navigation ng-scope"]")).size() > 0): null

2018-08-22 14:12:14 - [TEST_STEP][PASSED] - delay: Delayed 1 second(s)

2018-08-22 14:12:15 - [MESSAGE][PASSED] - Delayed 1 second(s)

2018-08-22 14:12:15 - [TEST_STEP][PASSED] - Statement - flag = false: null

2018-08-22 14:12:15 - [TEST_STEP][PASSED] - Statement - If (driver.findElements(org.openqa.selenium.By.xpath("//div[@id="messageAlert"]/span[@aria-hidden="false"]")).size() > 0): null

2018-08-22 14:12:15 - [TEST_STEP][PASSED] - Statement - If (driver.findElements(org.openqa.selenium.By.xpath("//div[@class="block-ui ng-binding"]/div[@class="md-dialog-container ng-scope"]")).size() > 0): null

2018-08-22 14:12:15 - [TEST_STEP][PASSED] - Statement - If (driver.findElements(org.openqa.selenium.By.xpath("//div[@class="loading-overlay"]")).size() > 0): null

2018-08-22 14:12:15 - [TEST_STEP][PASSED] - Statement - If (driver.findElements(org.openqa.selenium.By.xpath("//div[contains(@id,"wm-shoutout")]")).size() > 0): null

2018-08-22 14:12:15 - [TEST_STEP][PASSED] - Statement - If (driver.findElements(org.openqa.selenium.By.xpath("//md-dialog[@id="accept-term-pop"]")).size() > 0): null

2018-08-22 14:12:15 - [TEST_STEP][PASSED] - Statement - If (driver.findElements(org.openqa.selenium.By.xpath("//div[@class="cookie-navigation ng-scope"]")).size() > 0): null

2018-08-22 14:12:15 - [MESSAGE][PASSED] - Call Test Case 'Test Cases/Done/Commons/Waiting' successfully

2018-08-22 14:12:15 - [TEST_STEP][FAILED] - click: Unable to click on object 'Object Repository/A Program Page/icon_Add Phase' (Root cause: org.openqa.selenium.ElementNotVisibleException: element not visible
  (Session info: chrome=68.0.3440.106)
  (Driver info: chromedriver=2.35.528161 (5b82f2d2aae0ca24b877009200ced9065a772e73),platform=Windows NT 10.0.17134 x86_64) (WARNING: The server did not provide any stacktrace information)
Command duration or timeout: 0 milliseconds
Build info: version: '3.7.1', revision: '8a0099a', time: '2017-11-06T21:07:36.161Z'
System info: host: 'DESKTOP-9K9SI5R', ip: '192.168.86.34', os.name: 'Windows 10', os.arch: 'amd64', os.version: '10.0', java.version: '1.8.0_102'
Driver info: com.kms.katalon.selenium.driver.CChromeDriver
Capabilities {acceptInsecureCerts: false, acceptSslCerts: false, applicationCacheEnabled: false, browserConnectionEnabled: false, browserName: chrome, chrome: {chromedriverVersion: 2.35.528161 (5b82f2d2aae0ca..., userDataDir: C:\Users\VuNA\AppData\Local...}, cssSelectorsEnabled: true, databaseEnabled: false, handlesAlerts: true, hasTouchScreen: false, javascriptEnabled: true, locationContextEnabled: true, mobileEmulationEnabled: false, nativeEvents: true, networkConnectionEnabled: false, pageLoadStrategy: normal, platform: XP, platformName: XP, rotatable: false, setWindowRect: true, takesHeapSnapshot: true, takesScreenshot: true, unexpectedAlertBehaviour: , unhandledPromptBehavior: , version: 68.0.3440.106, webStorageEnabled: true}
Session ID: 02263354898eac8d717a1ada3ac6dfa6)

2018-08-22 14:12:16 - [MESSAGE][FAILED] - Unable to click on object 'Object Repository/A Program Page/icon_Add Phase' (Root cause: org.openqa.selenium.ElementNotVisibleException: element not visible
  (Session info: chrome=68.0.3440.106)
  (Driver info: chromedriver=2.35.528161 (5b82f2d2aae0ca24b877009200ced9065a772e73),platform=Windows NT 10.0.17134 x86_64) (WARNING: The server did not provide any stacktrace information)
Command duration or timeout: 0 milliseconds
Build info: version: '3.7.1', revision: '8a0099a', time: '2017-11-06T21:07:36.161Z'
System info: host: 'DESKTOP-9K9SI5R', ip: '192.168.86.34', os.name: 'Windows 10', os.arch: 'amd64', os.version: '10.0', java.version: '1.8.0_102'
Driver info: com.kms.katalon.selenium.driver.CChromeDriver
Capabilities {acceptInsecureCerts: false, acceptSslCerts: false, applicationCacheEnabled: false, browserConnectionEnabled: false, browserName: chrome, chrome: {chromedriverVersion: 2.35.528161 (5b82f2d2aae0ca..., userDataDir: C:\Users\VuNA\AppData\Local...}, cssSelectorsEnabled: true, databaseEnabled: false, handlesAlerts: true, hasTouchScreen: false, javascriptEnabled: true, locationContextEnabled: true, mobileEmulationEnabled: false, nativeEvents: true, networkConnectionEnabled: false, pageLoadStrategy: normal, platform: XP, platformName: XP, rotatable: false, setWindowRect: true, takesHeapSnapshot: true, takesScreenshot: true, unexpectedAlertBehaviour: , unhandledPromptBehavior: , version: 68.0.3440.106, webStorageEnabled: true}
Session ID: 02263354898eac8d717a1ada3ac6dfa6)
[[ATTACHMENT|D:\\Katalon\\bridge-tracker\\Reports\\Performance Test Suite\\20180822_140857\\1534921935344.png]]

2018-08-22 14:12:16 - [MESSAGE][FAILED] - Unable to call Test Case with id 'Test Cases/Performance Test Case' (Root cause: Call Test Case 'Test Cases/Performance Test Case' failed)]]></system-out>
         <system-err><![CDATA[2018-08-22 14:09:31 - [TEST_CASE][FAILED] - Test Cases/loop_perf: Test Cases/loop_perf FAILED because (of) Unable to click on object 'Object Repository/A Program Page/icon_Add Phase' (Root cause: org.openqa.selenium.ElementNotVisibleException: element not visible
  (Session info: chrome=68.0.3440.106)
  (Driver info: chromedriver=2.35.528161 (5b82f2d2aae0ca24b877009200ced9065a772e73),platform=Windows NT 10.0.17134 x86_64) (WARNING: The server did not provide any stacktrace information)
Command duration or timeout: 0 milliseconds
Build info: version: '3.7.1', revision: '8a0099a', time: '2017-11-06T21:07:36.161Z'
System info: host: 'DESKTOP-9K9SI5R', ip: '192.168.86.34', os.name: 'Windows 10', os.arch: 'amd64', os.version: '10.0', java.version: '1.8.0_102'
Driver info: com.kms.katalon.selenium.driver.CChromeDriver
Capabilities {acceptInsecureCerts: false, acceptSslCerts: false, applicationCacheEnabled: false, browserConnectionEnabled: false, browserName: chrome, chrome: {chromedriverVersion: 2.35.528161 (5b82f2d2aae0ca..., userDataDir: C:\Users\VuNA\AppData\Local...}, cssSelectorsEnabled: true, databaseEnabled: false, handlesAlerts: true, hasTouchScreen: false, javascriptEnabled: true, locationContextEnabled: true, mobileEmulationEnabled: false, nativeEvents: true, networkConnectionEnabled: false, pageLoadStrategy: normal, platform: XP, platformName: XP, rotatable: false, setWindowRect: true, takesHeapSnapshot: true, takesScreenshot: true, unexpectedAlertBehaviour: , unhandledPromptBehavior: , version: 68.0.3440.106, webStorageEnabled: true}
Session ID: 02263354898eac8d717a1ada3ac6dfa6)]]></system-err>
      </testcase>
      <system-out><![CDATA[2018-08-22 14:09:30 - [TEST_SUITE][FAILED] - Performance Test Suite: Test Cases/loop_perf FAILED because (of) Unable to click on object 'Object Repository/A Program Page/icon_Add Phase' (Root cause: org.openqa.selenium.ElementNotVisibleException: element not visible
  (Session info: chrome=68.0.3440.106)
  (Driver info: chromedriver=2.35.528161 (5b82f2d2aae0ca24b877009200ced9065a772e73),platform=Windows NT 10.0.17134 x86_64) (WARNING: The server did not provide any stacktrace information)
Command duration or timeout: 0 milliseconds
Build info: version: '3.7.1', revision: '8a0099a', time: '2017-11-06T21:07:36.161Z'
System info: host: 'DESKTOP-9K9SI5R', ip: '192.168.86.34', os.name: 'Windows 10', os.arch: 'amd64', os.version: '10.0', java.version: '1.8.0_102'
Driver info: com.kms.katalon.selenium.driver.CChromeDriver
Capabilities {acceptInsecureCerts: false, acceptSslCerts: false, applicationCacheEnabled: false, browserConnectionEnabled: false, browserName: chrome, chrome: {chromedriverVersion: 2.35.528161 (5b82f2d2aae0ca..., userDataDir: C:\Users\VuNA\AppData\Local...}, cssSelectorsEnabled: true, databaseEnabled: false, handlesAlerts: true, hasTouchScreen: false, javascriptEnabled: true, locationContextEnabled: true, mobileEmulationEnabled: false, nativeEvents: true, networkConnectionEnabled: false, pageLoadStrategy: normal, platform: XP, platformName: XP, rotatable: false, setWindowRect: true, takesHeapSnapshot: true, takesScreenshot: true, unexpectedAlertBehaviour: , unhandledPromptBehavior: , version: 68.0.3440.106, webStorageEnabled: true}
Session ID: 02263354898eac8d717a1ada3ac6dfa6)]]></system-out>
      <system-err><![CDATA[2018-08-22 14:09:30 - [TEST_SUITE][FAILED] - Performance Test Suite: Test Cases/loop_perf FAILED because (of) Unable to click on object 'Object Repository/A Program Page/icon_Add Phase' (Root cause: org.openqa.selenium.ElementNotVisibleException: element not visible
  (Session info: chrome=68.0.3440.106)
  (Driver info: chromedriver=2.35.528161 (5b82f2d2aae0ca24b877009200ced9065a772e73),platform=Windows NT 10.0.17134 x86_64) (WARNING: The server did not provide any stacktrace information)
Command duration or timeout: 0 milliseconds
Build info: version: '3.7.1', revision: '8a0099a', time: '2017-11-06T21:07:36.161Z'
System info: host: 'DESKTOP-9K9SI5R', ip: '192.168.86.34', os.name: 'Windows 10', os.arch: 'amd64', os.version: '10.0', java.version: '1.8.0_102'
Driver info: com.kms.katalon.selenium.driver.CChromeDriver
Capabilities {acceptInsecureCerts: false, acceptSslCerts: false, applicationCacheEnabled: false, browserConnectionEnabled: false, browserName: chrome, chrome: {chromedriverVersion: 2.35.528161 (5b82f2d2aae0ca..., userDataDir: C:\Users\VuNA\AppData\Local...}, cssSelectorsEnabled: true, databaseEnabled: false, handlesAlerts: true, hasTouchScreen: false, javascriptEnabled: true, locationContextEnabled: true, mobileEmulationEnabled: false, nativeEvents: true, networkConnectionEnabled: false, pageLoadStrategy: normal, platform: XP, platformName: XP, rotatable: false, setWindowRect: true, takesHeapSnapshot: true, takesScreenshot: true, unexpectedAlertBehaviour: , unhandledPromptBehavior: , version: 68.0.3440.106, webStorageEnabled: true}
Session ID: 02263354898eac8d717a1ada3ac6dfa6)]]></system-err>
   </testsuite>
</testsuites>
