<?xml version="1.0" encoding="UTF-8"?>
<testsuites name="Performance Test Suite" time="118" tests="0" failures="1" errors="0">
   <testsuite name="Performance Test Suite" tests="0" failures="1" errors="0" time="118" timestamp="2018-08-22 14:09:04" hostname="VuNA - 192.168.86.34" id="Test Suites/Performance Test Suite">
      <properties>
         <property name="deviceName" value=""/>
         <property name="devicePlatform" value=""/>
         <property name="logFolder" value="D:\\Katalon\\bridge-tracker\\Reports\\Performance Test Suite\\20180822_140852"/>
         <property name="logFiles" value="D:\\Katalon\\bridge-tracker\\Reports\\Performance Test Suite\\20180822_140852\\execution0.log"/>
         <property name="attachments" value="D:\\Katalon\\bridge-tracker\\Reports\\Performance Test Suite\\20180822_140852\\1534921847473.png"/>
         <property name="hostName" value="VuNA - 192.168.86.34"/>
         <property name="os" value="Windows 10 64bit"/>
         <property name="katalonVersion" value="5.6.0.1"/>
         <property name="browser" value="Chrome 68.0.3440.106"/>
         <property name="hostAddress" value="192.168.86.34"/>
         <property name="sessionId" value="c04e71221055479aa6206ba17d56fc71"/>
         <property name="seleniumVersion" value="3.7.1"/>
         <property name="proxyInformation" value="ProxyInformation{proxyOption=NO_PROXY, proxyServerType=HTTP, password=, proxyServerAddress=, proxyServerPort=0}"/>
         <property name="platform" value="Windows 10"/>
      </properties>
      <testcase name="Test Cases/loop_perf" classname="Test Cases/loop_perf" status="FAILED">
         <failure type="FAILED" message="Unable to click on object 'Object Repository/Org Home Page/span_LIBRARY' (Root cause: org.openqa.selenium.WebDriverException: unknown error: Element &lt;span layout=&quot;row&quot; layout-align=&quot;start center&quot; flex=&quot;flex&quot; ui-sref=&quot;user.organizations.content.programs&quot; style=&quot;height:100%;&quot; ng-if=&quot;!DISABLE_CONTENT_MANAGER&quot; class=&quot;org-title-v1 ng-scope&quot; href=&quot;/user/2/organizations/2/library/programs&quot;>...&lt;/span> is not clickable at point (641, 155). Other element would receive the click: &lt;div layout=&quot;layout&quot; layout-align=&quot;center center&quot; ng-show=&quot;loading &amp;amp;&amp;amp; !unloadProgram&quot; class=&quot;loading-overlay ng-animate ng-hide-animate ng-hide-add&quot; aria-hidden=&quot;true&quot; style=&quot;transition-property: none;&quot;>...&lt;/div>
  (Session info: chrome=68.0.3440.106)
  (Driver info: chromedriver=2.35.528161 (5b82f2d2aae0ca24b877009200ced9065a772e73),platform=Windows NT 10.0.17134 x86_64) (WARNING: The server did not provide any stacktrace information)
Command duration or timeout: 0 milliseconds
Build info: version: '3.7.1', revision: '8a0099a', time: '2017-11-06T21:07:36.161Z'
System info: host: 'DESKTOP-9K9SI5R', ip: '192.168.86.34', os.name: 'Windows 10', os.arch: 'amd64', os.version: '10.0', java.version: '1.8.0_102'
Driver info: com.kms.katalon.selenium.driver.CChromeDriver
Capabilities {acceptInsecureCerts: false, acceptSslCerts: false, applicationCacheEnabled: false, browserConnectionEnabled: false, browserName: chrome, chrome: {chromedriverVersion: 2.35.528161 (5b82f2d2aae0ca..., userDataDir: C:\Users\VuNA\AppData\Local...}, cssSelectorsEnabled: true, databaseEnabled: false, handlesAlerts: true, hasTouchScreen: false, javascriptEnabled: true, locationContextEnabled: true, mobileEmulationEnabled: false, nativeEvents: true, networkConnectionEnabled: false, pageLoadStrategy: normal, platform: XP, platformName: XP, rotatable: false, setWindowRect: true, takesHeapSnapshot: true, takesScreenshot: true, unexpectedAlertBehaviour: , unhandledPromptBehavior: , version: 68.0.3440.106, webStorageEnabled: true}
Session ID: c04e71221055479aa6206ba17d56fc71)"/>
         <system-out><![CDATA[2018-08-22 14:09:06 - [TEST_CASE][FAILED] - Test Cases/loop_perf: Test Cases/loop_perf FAILED because (of) Unable to click on object 'Object Repository/Org Home Page/span_LIBRARY' (Root cause: org.openqa.selenium.WebDriverException: unknown error: Element <span layout="row" layout-align="start center" flex="flex" ui-sref="user.organizations.content.programs" style="height:100%;" ng-if="!DISABLE_CONTENT_MANAGER" class="org-title-v1 ng-scope" href="/user/2/organizations/2/library/programs">...</span> is not clickable at point (641, 155). Other element would receive the click: <div layout="layout" layout-align="center center" ng-show="loading &amp;&amp; !unloadProgram" class="loading-overlay ng-animate ng-hide-animate ng-hide-add" aria-hidden="true" style="transition-property: none;">...</div>
  (Session info: chrome=68.0.3440.106)
  (Driver info: chromedriver=2.35.528161 (5b82f2d2aae0ca24b877009200ced9065a772e73),platform=Windows NT 10.0.17134 x86_64) (WARNING: The server did not provide any stacktrace information)
Command duration or timeout: 0 milliseconds
Build info: version: '3.7.1', revision: '8a0099a', time: '2017-11-06T21:07:36.161Z'
System info: host: 'DESKTOP-9K9SI5R', ip: '192.168.86.34', os.name: 'Windows 10', os.arch: 'amd64', os.version: '10.0', java.version: '1.8.0_102'
Driver info: com.kms.katalon.selenium.driver.CChromeDriver
Capabilities {acceptInsecureCerts: false, acceptSslCerts: false, applicationCacheEnabled: false, browserConnectionEnabled: false, browserName: chrome, chrome: {chromedriverVersion: 2.35.528161 (5b82f2d2aae0ca..., userDataDir: C:\Users\VuNA\AppData\Local...}, cssSelectorsEnabled: true, databaseEnabled: false, handlesAlerts: true, hasTouchScreen: false, javascriptEnabled: true, locationContextEnabled: true, mobileEmulationEnabled: false, nativeEvents: true, networkConnectionEnabled: false, pageLoadStrategy: normal, platform: XP, platformName: XP, rotatable: false, setWindowRect: true, takesHeapSnapshot: true, takesScreenshot: true, unexpectedAlertBehaviour: , unhandledPromptBehavior: , version: 68.0.3440.106, webStorageEnabled: true}
Session ID: c04e71221055479aa6206ba17d56fc71)

2018-08-22 14:09:06 - [TEST_STEP][PASSED] - Start listener action : sampleBeforeTestCase: Invoke 'com.kms.katalon.core.annotation.BeforeTestCase' method: 'LoginTestListener.sampleBeforeTestCase(...)' completed.

2018-08-22 14:09:06 - [TEST_STEP][PASSED] - Statement - println(testCaseContext.getTestCaseId()): null

2018-08-22 14:09:06 - [TEST_STEP][PASSED] - Statement - println(testCaseContext.getTestCaseVariables()): Invoke 'com.kms.katalon.core.annotation.BeforeTestCase' method: 'LoginTestListener.sampleBeforeTestCase(...)' completed.

2018-08-22 14:09:07 - [TEST_STEP][PASSED] - Statement - formatter = new java.text.SimpleDateFormat(HH): null

2018-08-22 14:09:07 - [TEST_STEP][PASSED] - Statement - date = new java.util.Date(): null

2018-08-22 14:09:07 - [TEST_STEP][PASSED] - Statement - H = formatter.format(date): null

2018-08-22 14:09:07 - [TEST_STEP][PASSED] - Statement - println(H): null

2018-08-22 14:09:07 - [TEST_STEP][FAILED] - Statement - While (H < 17): Unable to call Test Case with id 'Test Cases/Performance Test Case' (Root cause: Call Test Case 'Test Cases/Performance Test Case' failed)

2018-08-22 14:09:07 - [TEST_STEP][FAILED] - callTestCase: Unable to call Test Case with id 'Test Cases/Performance Test Case' (Root cause: Call Test Case 'Test Cases/Performance Test Case' failed)

2018-08-22 14:09:07 - [TEST_CASE][FAILED] - Test Cases/Performance Test Case: Test Cases/Performance Test Case FAILED because (of) Unable to click on object 'Object Repository/Org Home Page/span_LIBRARY' (Root cause: org.openqa.selenium.WebDriverException: unknown error: Element <span layout="row" layout-align="start center" flex="flex" ui-sref="user.organizations.content.programs" style="height:100%;" ng-if="!DISABLE_CONTENT_MANAGER" class="org-title-v1 ng-scope" href="/user/2/organizations/2/library/programs">...</span> is not clickable at point (641, 155). Other element would receive the click: <div layout="layout" layout-align="center center" ng-show="loading &amp;&amp; !unloadProgram" class="loading-overlay ng-animate ng-hide-animate ng-hide-add" aria-hidden="true" style="transition-property: none;">...</div>
  (Session info: chrome=68.0.3440.106)
  (Driver info: chromedriver=2.35.528161 (5b82f2d2aae0ca24b877009200ced9065a772e73),platform=Windows NT 10.0.17134 x86_64) (WARNING: The server did not provide any stacktrace information)
Command duration or timeout: 0 milliseconds
Build info: version: '3.7.1', revision: '8a0099a', time: '2017-11-06T21:07:36.161Z'
System info: host: 'DESKTOP-9K9SI5R', ip: '192.168.86.34', os.name: 'Windows 10', os.arch: 'amd64', os.version: '10.0', java.version: '1.8.0_102'
Driver info: com.kms.katalon.selenium.driver.CChromeDriver
Capabilities {acceptInsecureCerts: false, acceptSslCerts: false, applicationCacheEnabled: false, browserConnectionEnabled: false, browserName: chrome, chrome: {chromedriverVersion: 2.35.528161 (5b82f2d2aae0ca..., userDataDir: C:\Users\VuNA\AppData\Local...}, cssSelectorsEnabled: true, databaseEnabled: false, handlesAlerts: true, hasTouchScreen: false, javascriptEnabled: true, locationContextEnabled: true, mobileEmulationEnabled: false, nativeEvents: true, networkConnectionEnabled: false, pageLoadStrategy: normal, platform: XP, platformName: XP, rotatable: false, setWindowRect: true, takesHeapSnapshot: true, takesScreenshot: true, unexpectedAlertBehaviour: , unhandledPromptBehavior: , version: 68.0.3440.106, webStorageEnabled: true}
Session ID: c04e71221055479aa6206ba17d56fc71)

2018-08-22 14:09:08 - [TEST_STEP][PASSED] - callTestCase: Call Test Case 'Test Cases/Done/Commons/NavigateToApp' successfully

2018-08-22 14:09:08 - [TEST_CASE][PASSED] - Test Cases/Done/Commons/NavigateToApp: Test Cases/Done/Commons/NavigateToApp

2018-08-22 14:09:09 - [TEST_STEP][PASSED] - openBrowser: Browser is opened with url: ''

2018-08-22 14:09:16 - [MESSAGE][PASSED] - Browser is opened with url: ''

2018-08-22 14:09:16 - [TEST_STEP][PASSED] - navigateToUrl: Navigate to 'http://stg.bridgeathletic.com/' successfully

2018-08-22 14:09:28 - [MESSAGE][PASSED] - Navigate to 'http://stg.bridgeathletic.com/' successfully

2018-08-22 14:09:28 - [MESSAGE][PASSED] - Call Test Case 'Test Cases/Done/Commons/NavigateToApp' successfully

2018-08-22 14:09:28 - [TEST_STEP][PASSED] - callTestCase: Call Test Case 'Test Cases/Done/Commons/Login' successfully

2018-08-22 14:09:28 - [TEST_CASE][PASSED] - Test Cases/Done/Commons/Login: Test Cases/Done/Commons/Login

2018-08-22 14:09:29 - [TEST_STEP][PASSED] - Statement - driver = com.kms.katalon.core.webui.driver.DriverFactory.getWebDriver(): null

2018-08-22 14:09:29 - [TEST_STEP][PASSED] - Statement - email = email: null

2018-08-22 14:09:29 - [TEST_STEP][PASSED] - Statement - password = password: null

2018-08-22 14:09:29 - [TEST_STEP][PASSED] - Statement - current_url = com.kms.katalon.core.webui.keyword.WebUiBuiltInKeywords.getUrl(): Current window's url is: 'http://stg.bridgeathletic.com/'

2018-08-22 14:09:30 - [MESSAGE][PASSED] - Current window's url is: 'http://stg.bridgeathletic.com/'

2018-08-22 14:09:30 - [TEST_STEP][PASSED] - Statement - If (com.kms.katalon.core.webui.keyword.WebUiBuiltInKeywords.verifyMatch(current_url, "http://stg.bridgeathletic.com/", false, OPTIONAL) == false): Actual text 'http://stg.bridgeathletic.com/' and expected text 'http://stg.bridgeathletic.com/' are matched 

2018-08-22 14:09:30 - [MESSAGE][PASSED] - Actual text 'http://stg.bridgeathletic.com/' and expected text 'http://stg.bridgeathletic.com/' are matched 

2018-08-22 14:09:30 - [TEST_STEP][PASSED] - click: Object: 'Object Repository/Home Page/a_Login' is clicked on

2018-08-22 14:09:39 - [MESSAGE][PASSED] - Object: 'Object Repository/Home Page/a_Login' is clicked on

2018-08-22 14:09:39 - [TEST_STEP][PASSED] - setText: Text 'test+assay2@bridgeathletic.com' is set on object 'Object Repository/Login Page/input_email'

2018-08-22 14:09:41 - [MESSAGE][PASSED] - Text 'test+assay2@bridgeathletic.com' is set on object 'Object Repository/Login Page/input_email'

2018-08-22 14:09:41 - [TEST_STEP][PASSED] - setText: Text '23456789' is set on object 'Object Repository/Login Page/input_password'

2018-08-22 14:09:41 - [MESSAGE][PASSED] - Text '23456789' is set on object 'Object Repository/Login Page/input_password'

2018-08-22 14:09:41 - [TEST_STEP][PASSED] - click: Object: 'Object Repository/Login Page/button_LOGIN' is clicked on

2018-08-22 14:09:50 - [MESSAGE][PASSED] - Object: 'Object Repository/Login Page/button_LOGIN' is clicked on

2018-08-22 14:09:50 - [TEST_STEP][PASSED] - waitForElementPresent: Object 'Object Repository/Header/div_user-details' is present

2018-08-22 14:09:58 - [MESSAGE][PASSED] - Object 'Object Repository/Header/div_user-details' is present

2018-08-22 14:09:58 - [TEST_STEP][PASSED] - Statement - If (driver.findElements(org.openqa.selenium.By.xpath("//button[@class="md-raised md-button md-default-theme"]")).size() > 0): Object: '' is clicked on

2018-08-22 14:10:01 - [TEST_STEP][PASSED] - Statement - reload = new com.kms.katalon.core.testobject.TestObject(): null

2018-08-22 14:10:01 - [TEST_STEP][PASSED] - Statement - reload.addProperty("xpath", EQUALS, "//button[@class="md-raised md-button md-default-theme"]", true): null

2018-08-22 14:10:01 - [TEST_STEP][PASSED] - click: Object: '' is clicked on

2018-08-22 14:10:15 - [MESSAGE][PASSED] - Object: '' is clicked on

2018-08-22 14:10:15 - [TEST_STEP][PASSED] - callTestCase: Call Test Case 'Test Cases/Done/Commons/Waiting' successfully

2018-08-22 14:10:15 - [TEST_CASE][PASSED] - Test Cases/Done/Commons/Waiting: Test Cases/Done/Commons/Waiting

2018-08-22 14:10:15 - [TEST_STEP][PASSED] - Statement - driver = com.kms.katalon.core.webui.driver.DriverFactory.getWebDriver(): null

2018-08-22 14:10:15 - [TEST_STEP][PASSED] - Statement - flag = true: null

2018-08-22 14:10:15 - [TEST_STEP][PASSED] - Statement - While (flag == true): null

2018-08-22 14:10:15 - [TEST_STEP][PASSED] - delay: Delayed 1 second(s)

2018-08-22 14:10:16 - [MESSAGE][PASSED] - Delayed 1 second(s)

2018-08-22 14:10:16 - [TEST_STEP][PASSED] - Statement - flag = false: null

2018-08-22 14:10:16 - [TEST_STEP][PASSED] - Statement - If (driver.findElements(org.openqa.selenium.By.xpath("//div[@id="messageAlert"]/span[@aria-hidden="false"]")).size() > 0): null

2018-08-22 14:10:18 - [TEST_STEP][PASSED] - Statement - If (driver.findElements(org.openqa.selenium.By.xpath("//div[@class="block-ui ng-binding"]/div[@class="md-dialog-container ng-scope"]")).size() > 0): null

2018-08-22 14:10:21 - [TEST_STEP][PASSED] - Statement - If (driver.findElements(org.openqa.selenium.By.xpath("//div[@class="loading-overlay"]")).size() > 0): null

2018-08-22 14:10:22 - [TEST_STEP][PASSED] - Statement - If (driver.findElements(org.openqa.selenium.By.xpath("//div[contains(@id,"wm-shoutout")]")).size() > 0): null

2018-08-22 14:10:23 - [TEST_STEP][PASSED] - Statement - If (driver.findElements(org.openqa.selenium.By.xpath("//md-dialog[@id="accept-term-pop"]")).size() > 0): null

2018-08-22 14:10:24 - [TEST_STEP][PASSED] - Statement - If (driver.findElements(org.openqa.selenium.By.xpath("//div[@class="cookie-navigation ng-scope"]")).size() > 0): null

2018-08-22 14:10:24 - [MESSAGE][PASSED] - Call Test Case 'Test Cases/Done/Commons/Waiting' successfully

2018-08-22 14:10:24 - [MESSAGE][PASSED] - Call Test Case 'Test Cases/Done/Commons/Login' successfully

2018-08-22 14:10:24 - [TEST_STEP][PASSED] - click: Object: 'Object Repository/Header/input_currentOrg' is clicked on

2018-08-22 14:10:27 - [MESSAGE][PASSED] - Object: 'Object Repository/Header/input_currentOrg' is clicked on

2018-08-22 14:10:27 - [TEST_STEP][PASSED] - click: Object: 'Object Repository/Header/a_Organization-2' is clicked on

2018-08-22 14:10:34 - [MESSAGE][PASSED] - Object: 'Object Repository/Header/a_Organization-2' is clicked on

2018-08-22 14:10:34 - [TEST_STEP][PASSED] - callTestCase: Call Test Case 'Test Cases/Done/Commons/Waiting' successfully

2018-08-22 14:10:34 - [TEST_CASE][PASSED] - Test Cases/Done/Commons/Waiting: Test Cases/Done/Commons/Waiting

2018-08-22 14:10:34 - [TEST_STEP][PASSED] - Statement - driver = com.kms.katalon.core.webui.driver.DriverFactory.getWebDriver(): null

2018-08-22 14:10:34 - [TEST_STEP][PASSED] - Statement - flag = true: null

2018-08-22 14:10:34 - [TEST_STEP][PASSED] - Statement - While (flag == true): null

2018-08-22 14:10:34 - [TEST_STEP][PASSED] - delay: Delayed 1 second(s)

2018-08-22 14:10:35 - [MESSAGE][PASSED] - Delayed 1 second(s)

2018-08-22 14:10:35 - [TEST_STEP][PASSED] - Statement - flag = false: null

2018-08-22 14:10:35 - [TEST_STEP][PASSED] - Statement - If (driver.findElements(org.openqa.selenium.By.xpath("//div[@id="messageAlert"]/span[@aria-hidden="false"]")).size() > 0): null

2018-08-22 14:10:36 - [TEST_STEP][PASSED] - Statement - headerLoading = new com.kms.katalon.core.testobject.TestObject(): null

2018-08-22 14:10:36 - [TEST_STEP][PASSED] - Statement - headerLoading.addProperty("xpath", EQUALS, "//div[@id="messageAlert"]/span[@aria-hidden="false"]", true): null

2018-08-22 14:10:36 - [TEST_STEP][PASSED] - waitForElementNotPresent: Web element with id: '' located by 'By.xpath: //div[@id="messageAlert"]/span[@aria-hidden="false"]' is not present after '30' second(s)

2018-08-22 14:10:41 - [MESSAGE][PASSED] - Web element with id: '' located by 'By.xpath: //div[@id="messageAlert"]/span[@aria-hidden="false"]' is not present after '30' second(s)

2018-08-22 14:10:41 - [TEST_STEP][PASSED] - Statement - flag = true: null

2018-08-22 14:10:41 - [TEST_STEP][PASSED] - Statement - If (driver.findElements(org.openqa.selenium.By.xpath("//div[@class="block-ui ng-binding"]/div[@class="md-dialog-container ng-scope"]")).size() > 0): null

2018-08-22 14:10:42 - [TEST_STEP][PASSED] - Statement - If (driver.findElements(org.openqa.selenium.By.xpath("//div[@class="loading-overlay"]")).size() > 0): null

2018-08-22 14:10:43 - [TEST_STEP][PASSED] - Statement - If (driver.findElements(org.openqa.selenium.By.xpath("//div[contains(@id,"wm-shoutout")]")).size() > 0): null

2018-08-22 14:10:44 - [TEST_STEP][PASSED] - Statement - If (driver.findElements(org.openqa.selenium.By.xpath("//md-dialog[@id="accept-term-pop"]")).size() > 0): null

2018-08-22 14:10:44 - [TEST_STEP][PASSED] - Statement - If (driver.findElements(org.openqa.selenium.By.xpath("//div[@class="cookie-navigation ng-scope"]")).size() > 0): null

2018-08-22 14:10:45 - [TEST_STEP][PASSED] - delay: Delayed 1 second(s)

2018-08-22 14:10:46 - [MESSAGE][PASSED] - Delayed 1 second(s)

2018-08-22 14:10:46 - [TEST_STEP][PASSED] - Statement - flag = false: null

2018-08-22 14:10:46 - [TEST_STEP][PASSED] - Statement - If (driver.findElements(org.openqa.selenium.By.xpath("//div[@id="messageAlert"]/span[@aria-hidden="false"]")).size() > 0): null

2018-08-22 14:10:46 - [TEST_STEP][PASSED] - Statement - If (driver.findElements(org.openqa.selenium.By.xpath("//div[@class="block-ui ng-binding"]/div[@class="md-dialog-container ng-scope"]")).size() > 0): null

2018-08-22 14:10:46 - [TEST_STEP][PASSED] - Statement - If (driver.findElements(org.openqa.selenium.By.xpath("//div[@class="loading-overlay"]")).size() > 0): null

2018-08-22 14:10:47 - [TEST_STEP][PASSED] - Statement - If (driver.findElements(org.openqa.selenium.By.xpath("//div[contains(@id,"wm-shoutout")]")).size() > 0): null

2018-08-22 14:10:47 - [TEST_STEP][PASSED] - Statement - If (driver.findElements(org.openqa.selenium.By.xpath("//md-dialog[@id="accept-term-pop"]")).size() > 0): null

2018-08-22 14:10:47 - [TEST_STEP][PASSED] - Statement - If (driver.findElements(org.openqa.selenium.By.xpath("//div[@class="cookie-navigation ng-scope"]")).size() > 0): null

2018-08-22 14:10:47 - [MESSAGE][PASSED] - Call Test Case 'Test Cases/Done/Commons/Waiting' successfully

2018-08-22 14:10:47 - [TEST_STEP][FAILED] - click: Unable to click on object 'Object Repository/Org Home Page/span_LIBRARY' (Root cause: org.openqa.selenium.WebDriverException: unknown error: Element <span layout="row" layout-align="start center" flex="flex" ui-sref="user.organizations.content.programs" style="height:100%;" ng-if="!DISABLE_CONTENT_MANAGER" class="org-title-v1 ng-scope" href="/user/2/organizations/2/library/programs">...</span> is not clickable at point (641, 155). Other element would receive the click: <div layout="layout" layout-align="center center" ng-show="loading &amp;&amp; !unloadProgram" class="loading-overlay ng-animate ng-hide-animate ng-hide-add" aria-hidden="true" style="transition-property: none;">...</div>
  (Session info: chrome=68.0.3440.106)
  (Driver info: chromedriver=2.35.528161 (5b82f2d2aae0ca24b877009200ced9065a772e73),platform=Windows NT 10.0.17134 x86_64) (WARNING: The server did not provide any stacktrace information)
Command duration or timeout: 0 milliseconds
Build info: version: '3.7.1', revision: '8a0099a', time: '2017-11-06T21:07:36.161Z'
System info: host: 'DESKTOP-9K9SI5R', ip: '192.168.86.34', os.name: 'Windows 10', os.arch: 'amd64', os.version: '10.0', java.version: '1.8.0_102'
Driver info: com.kms.katalon.selenium.driver.CChromeDriver
Capabilities {acceptInsecureCerts: false, acceptSslCerts: false, applicationCacheEnabled: false, browserConnectionEnabled: false, browserName: chrome, chrome: {chromedriverVersion: 2.35.528161 (5b82f2d2aae0ca..., userDataDir: C:\Users\VuNA\AppData\Local...}, cssSelectorsEnabled: true, databaseEnabled: false, handlesAlerts: true, hasTouchScreen: false, javascriptEnabled: true, locationContextEnabled: true, mobileEmulationEnabled: false, nativeEvents: true, networkConnectionEnabled: false, pageLoadStrategy: normal, platform: XP, platformName: XP, rotatable: false, setWindowRect: true, takesHeapSnapshot: true, takesScreenshot: true, unexpectedAlertBehaviour: , unhandledPromptBehavior: , version: 68.0.3440.106, webStorageEnabled: true}
Session ID: c04e71221055479aa6206ba17d56fc71)

2018-08-22 14:11:03 - [MESSAGE][FAILED] - Unable to click on object 'Object Repository/Org Home Page/span_LIBRARY' (Root cause: org.openqa.selenium.WebDriverException: unknown error: Element <span layout="row" layout-align="start center" flex="flex" ui-sref="user.organizations.content.programs" style="height:100%;" ng-if="!DISABLE_CONTENT_MANAGER" class="org-title-v1 ng-scope" href="/user/2/organizations/2/library/programs">...</span> is not clickable at point (641, 155). Other element would receive the click: <div layout="layout" layout-align="center center" ng-show="loading &amp;&amp; !unloadProgram" class="loading-overlay ng-animate ng-hide-animate ng-hide-add" aria-hidden="true" style="transition-property: none;">...</div>
  (Session info: chrome=68.0.3440.106)
  (Driver info: chromedriver=2.35.528161 (5b82f2d2aae0ca24b877009200ced9065a772e73),platform=Windows NT 10.0.17134 x86_64) (WARNING: The server did not provide any stacktrace information)
Command duration or timeout: 0 milliseconds
Build info: version: '3.7.1', revision: '8a0099a', time: '2017-11-06T21:07:36.161Z'
System info: host: 'DESKTOP-9K9SI5R', ip: '192.168.86.34', os.name: 'Windows 10', os.arch: 'amd64', os.version: '10.0', java.version: '1.8.0_102'
Driver info: com.kms.katalon.selenium.driver.CChromeDriver
Capabilities {acceptInsecureCerts: false, acceptSslCerts: false, applicationCacheEnabled: false, browserConnectionEnabled: false, browserName: chrome, chrome: {chromedriverVersion: 2.35.528161 (5b82f2d2aae0ca..., userDataDir: C:\Users\VuNA\AppData\Local...}, cssSelectorsEnabled: true, databaseEnabled: false, handlesAlerts: true, hasTouchScreen: false, javascriptEnabled: true, locationContextEnabled: true, mobileEmulationEnabled: false, nativeEvents: true, networkConnectionEnabled: false, pageLoadStrategy: normal, platform: XP, platformName: XP, rotatable: false, setWindowRect: true, takesHeapSnapshot: true, takesScreenshot: true, unexpectedAlertBehaviour: , unhandledPromptBehavior: , version: 68.0.3440.106, webStorageEnabled: true}
Session ID: c04e71221055479aa6206ba17d56fc71)
[[ATTACHMENT|D:\\Katalon\\bridge-tracker\\Reports\\Performance Test Suite\\20180822_140852\\1534921847473.png]]

2018-08-22 14:11:03 - [MESSAGE][FAILED] - Unable to call Test Case with id 'Test Cases/Performance Test Case' (Root cause: Call Test Case 'Test Cases/Performance Test Case' failed)]]></system-out>
         <system-err><![CDATA[2018-08-22 14:09:06 - [TEST_CASE][FAILED] - Test Cases/loop_perf: Test Cases/loop_perf FAILED because (of) Unable to click on object 'Object Repository/Org Home Page/span_LIBRARY' (Root cause: org.openqa.selenium.WebDriverException: unknown error: Element <span layout="row" layout-align="start center" flex="flex" ui-sref="user.organizations.content.programs" style="height:100%;" ng-if="!DISABLE_CONTENT_MANAGER" class="org-title-v1 ng-scope" href="/user/2/organizations/2/library/programs">...</span> is not clickable at point (641, 155). Other element would receive the click: <div layout="layout" layout-align="center center" ng-show="loading &amp;&amp; !unloadProgram" class="loading-overlay ng-animate ng-hide-animate ng-hide-add" aria-hidden="true" style="transition-property: none;">...</div>
  (Session info: chrome=68.0.3440.106)
  (Driver info: chromedriver=2.35.528161 (5b82f2d2aae0ca24b877009200ced9065a772e73),platform=Windows NT 10.0.17134 x86_64) (WARNING: The server did not provide any stacktrace information)
Command duration or timeout: 0 milliseconds
Build info: version: '3.7.1', revision: '8a0099a', time: '2017-11-06T21:07:36.161Z'
System info: host: 'DESKTOP-9K9SI5R', ip: '192.168.86.34', os.name: 'Windows 10', os.arch: 'amd64', os.version: '10.0', java.version: '1.8.0_102'
Driver info: com.kms.katalon.selenium.driver.CChromeDriver
Capabilities {acceptInsecureCerts: false, acceptSslCerts: false, applicationCacheEnabled: false, browserConnectionEnabled: false, browserName: chrome, chrome: {chromedriverVersion: 2.35.528161 (5b82f2d2aae0ca..., userDataDir: C:\Users\VuNA\AppData\Local...}, cssSelectorsEnabled: true, databaseEnabled: false, handlesAlerts: true, hasTouchScreen: false, javascriptEnabled: true, locationContextEnabled: true, mobileEmulationEnabled: false, nativeEvents: true, networkConnectionEnabled: false, pageLoadStrategy: normal, platform: XP, platformName: XP, rotatable: false, setWindowRect: true, takesHeapSnapshot: true, takesScreenshot: true, unexpectedAlertBehaviour: , unhandledPromptBehavior: , version: 68.0.3440.106, webStorageEnabled: true}
Session ID: c04e71221055479aa6206ba17d56fc71)]]></system-err>
      </testcase>
      <system-out><![CDATA[2018-08-22 14:09:04 - [TEST_SUITE][FAILED] - Performance Test Suite: Test Cases/loop_perf FAILED because (of) Unable to click on object 'Object Repository/Org Home Page/span_LIBRARY' (Root cause: org.openqa.selenium.WebDriverException: unknown error: Element <span layout="row" layout-align="start center" flex="flex" ui-sref="user.organizations.content.programs" style="height:100%;" ng-if="!DISABLE_CONTENT_MANAGER" class="org-title-v1 ng-scope" href="/user/2/organizations/2/library/programs">...</span> is not clickable at point (641, 155). Other element would receive the click: <div layout="layout" layout-align="center center" ng-show="loading &amp;&amp; !unloadProgram" class="loading-overlay ng-animate ng-hide-animate ng-hide-add" aria-hidden="true" style="transition-property: none;">...</div>
  (Session info: chrome=68.0.3440.106)
  (Driver info: chromedriver=2.35.528161 (5b82f2d2aae0ca24b877009200ced9065a772e73),platform=Windows NT 10.0.17134 x86_64) (WARNING: The server did not provide any stacktrace information)
Command duration or timeout: 0 milliseconds
Build info: version: '3.7.1', revision: '8a0099a', time: '2017-11-06T21:07:36.161Z'
System info: host: 'DESKTOP-9K9SI5R', ip: '192.168.86.34', os.name: 'Windows 10', os.arch: 'amd64', os.version: '10.0', java.version: '1.8.0_102'
Driver info: com.kms.katalon.selenium.driver.CChromeDriver
Capabilities {acceptInsecureCerts: false, acceptSslCerts: false, applicationCacheEnabled: false, browserConnectionEnabled: false, browserName: chrome, chrome: {chromedriverVersion: 2.35.528161 (5b82f2d2aae0ca..., userDataDir: C:\Users\VuNA\AppData\Local...}, cssSelectorsEnabled: true, databaseEnabled: false, handlesAlerts: true, hasTouchScreen: false, javascriptEnabled: true, locationContextEnabled: true, mobileEmulationEnabled: false, nativeEvents: true, networkConnectionEnabled: false, pageLoadStrategy: normal, platform: XP, platformName: XP, rotatable: false, setWindowRect: true, takesHeapSnapshot: true, takesScreenshot: true, unexpectedAlertBehaviour: , unhandledPromptBehavior: , version: 68.0.3440.106, webStorageEnabled: true}
Session ID: c04e71221055479aa6206ba17d56fc71)]]></system-out>
      <system-err><![CDATA[2018-08-22 14:09:04 - [TEST_SUITE][FAILED] - Performance Test Suite: Test Cases/loop_perf FAILED because (of) Unable to click on object 'Object Repository/Org Home Page/span_LIBRARY' (Root cause: org.openqa.selenium.WebDriverException: unknown error: Element <span layout="row" layout-align="start center" flex="flex" ui-sref="user.organizations.content.programs" style="height:100%;" ng-if="!DISABLE_CONTENT_MANAGER" class="org-title-v1 ng-scope" href="/user/2/organizations/2/library/programs">...</span> is not clickable at point (641, 155). Other element would receive the click: <div layout="layout" layout-align="center center" ng-show="loading &amp;&amp; !unloadProgram" class="loading-overlay ng-animate ng-hide-animate ng-hide-add" aria-hidden="true" style="transition-property: none;">...</div>
  (Session info: chrome=68.0.3440.106)
  (Driver info: chromedriver=2.35.528161 (5b82f2d2aae0ca24b877009200ced9065a772e73),platform=Windows NT 10.0.17134 x86_64) (WARNING: The server did not provide any stacktrace information)
Command duration or timeout: 0 milliseconds
Build info: version: '3.7.1', revision: '8a0099a', time: '2017-11-06T21:07:36.161Z'
System info: host: 'DESKTOP-9K9SI5R', ip: '192.168.86.34', os.name: 'Windows 10', os.arch: 'amd64', os.version: '10.0', java.version: '1.8.0_102'
Driver info: com.kms.katalon.selenium.driver.CChromeDriver
Capabilities {acceptInsecureCerts: false, acceptSslCerts: false, applicationCacheEnabled: false, browserConnectionEnabled: false, browserName: chrome, chrome: {chromedriverVersion: 2.35.528161 (5b82f2d2aae0ca..., userDataDir: C:\Users\VuNA\AppData\Local...}, cssSelectorsEnabled: true, databaseEnabled: false, handlesAlerts: true, hasTouchScreen: false, javascriptEnabled: true, locationContextEnabled: true, mobileEmulationEnabled: false, nativeEvents: true, networkConnectionEnabled: false, pageLoadStrategy: normal, platform: XP, platformName: XP, rotatable: false, setWindowRect: true, takesHeapSnapshot: true, takesScreenshot: true, unexpectedAlertBehaviour: , unhandledPromptBehavior: , version: 68.0.3440.106, webStorageEnabled: true}
Session ID: c04e71221055479aa6206ba17d56fc71)]]></system-err>
   </testsuite>
</testsuites>
