<?xml version="1.0" encoding="UTF-8"?>
<testsuites name="Performance Test Suite" time="199" tests="0" failures="0" errors="1">
   <testsuite name="Performance Test Suite" tests="0" failures="0" errors="1" time="199" timestamp="2018-08-22 15:18:58" hostname="VuNA - 192.168.86.34" id="Test Suites/Performance Test Suite">
      <properties>
         <property name="deviceName" value=""/>
         <property name="devicePlatform" value=""/>
         <property name="logFolder" value="D:\\Katalon\\bridge-tracker\\Reports\\Performance Test Suite\\20180822_151855"/>
         <property name="logFiles" value="D:\\Katalon\\bridge-tracker\\Reports\\Performance Test Suite\\20180822_151855\\execution0.log"/>
         <property name="attachments" value=""/>
         <property name="hostName" value="VuNA - 192.168.86.34"/>
         <property name="os" value="Windows 10 64bit"/>
         <property name="katalonVersion" value="5.6.0.1"/>
         <property name="browser" value="Chrome 68.0.3440.106"/>
         <property name="hostAddress" value="192.168.86.34"/>
         <property name="sessionId" value="b4308213407a96585d6a4dec488ff706"/>
         <property name="seleniumVersion" value="3.7.1"/>
         <property name="proxyInformation" value="ProxyInformation{proxyOption=NO_PROXY, proxyServerType=HTTP, password=, proxyServerAddress=, proxyServerPort=0}"/>
         <property name="platform" value="Windows 10"/>
      </properties>
      <testcase name="Test Cases/loop_perf" classname="Test Cases/loop_perf" status="ERROR">
         <error type="ERROR" message="Test Cases/loop_perf FAILED because (of) org.openqa.selenium.NoSuchSessionException: Session ID is null. Using WebDriver after calling quit()?
Build info: version: '3.7.1', revision: '8a0099a', time: '2017-11-06T21:07:36.161Z'
System info: host: 'DESKTOP-9K9SI5R', ip: '192.168.86.34', os.name: 'Windows 10', os.arch: 'amd64', os.version: '10.0', java.version: '1.8.0_102'
Driver info: driver.version: RemoteWebDriver"/>
         <system-out><![CDATA[2018-08-22 15:18:59 - [TEST_CASE][ERROR] - Test Cases/loop_perf: Test Cases/loop_perf FAILED because (of) org.openqa.selenium.NoSuchSessionException: Session ID is null. Using WebDriver after calling quit()?
Build info: version: '3.7.1', revision: '8a0099a', time: '2017-11-06T21:07:36.161Z'
System info: host: 'DESKTOP-9K9SI5R', ip: '192.168.86.34', os.name: 'Windows 10', os.arch: 'amd64', os.version: '10.0', java.version: '1.8.0_102'
Driver info: driver.version: RemoteWebDriver

2018-08-22 15:18:59 - [TEST_STEP][PASSED] - Start listener action : sampleBeforeTestCase: Invoke 'com.kms.katalon.core.annotation.BeforeTestCase' method: 'LoginTestListener.sampleBeforeTestCase(...)' completed.

2018-08-22 15:18:59 - [TEST_STEP][PASSED] - Statement - println(testCaseContext.getTestCaseId()): null

2018-08-22 15:18:59 - [TEST_STEP][PASSED] - Statement - println(testCaseContext.getTestCaseVariables()): Invoke 'com.kms.katalon.core.annotation.BeforeTestCase' method: 'LoginTestListener.sampleBeforeTestCase(...)' completed.

2018-08-22 15:18:59 - [TEST_STEP][PASSED] - Statement - formatter = new java.text.SimpleDateFormat(HH): null

2018-08-22 15:18:59 - [TEST_STEP][PASSED] - Statement - date = new java.util.Date(): null

2018-08-22 15:18:59 - [TEST_STEP][PASSED] - Statement - H = formatter.format(date): null

2018-08-22 15:18:59 - [TEST_STEP][PASSED] - Statement - println(H): null

2018-08-22 15:18:59 - [TEST_STEP][FAILED] - Statement - While (H < 17): Unable to call Test Case with id 'Test Cases/Performance Test Case' (Root cause: Call Test Case 'Test Cases/Performance Test Case' failed because of error(s))

2018-08-22 15:18:59 - [TEST_STEP][PASSED] - callTestCase: Call Test Case 'Test Cases/Performance Test Case' successfully

2018-08-22 15:18:59 - [TEST_CASE][PASSED] - Test Cases/Performance Test Case: Test Cases/Performance Test Case

2018-08-22 15:19:00 - [TEST_STEP][PASSED] - callTestCase: Call Test Case 'Test Cases/Done/Commons/NavigateToApp' successfully

2018-08-22 15:19:00 - [TEST_CASE][PASSED] - Test Cases/Done/Commons/NavigateToApp: Test Cases/Done/Commons/NavigateToApp

2018-08-22 15:19:00 - [TEST_STEP][PASSED] - openBrowser: Browser is opened with url: ''

2018-08-22 15:19:03 - [MESSAGE][PASSED] - Browser is opened with url: ''

2018-08-22 15:19:03 - [TEST_STEP][PASSED] - maximizeWindow: Current window maximized

2018-08-22 15:19:04 - [MESSAGE][PASSED] - Current window maximized

2018-08-22 15:19:04 - [TEST_STEP][PASSED] - navigateToUrl: Navigate to 'http://stg.bridgeathletic.com/' successfully

2018-08-22 15:19:13 - [MESSAGE][PASSED] - Navigate to 'http://stg.bridgeathletic.com/' successfully

2018-08-22 15:19:13 - [MESSAGE][PASSED] - Call Test Case 'Test Cases/Done/Commons/NavigateToApp' successfully

2018-08-22 15:19:13 - [TEST_STEP][PASSED] - callTestCase: Call Test Case 'Test Cases/Done/Commons/Login' successfully

2018-08-22 15:19:13 - [TEST_CASE][PASSED] - Test Cases/Done/Commons/Login: Test Cases/Done/Commons/Login

2018-08-22 15:19:14 - [TEST_STEP][PASSED] - Statement - driver = com.kms.katalon.core.webui.driver.DriverFactory.getWebDriver(): null

2018-08-22 15:19:14 - [TEST_STEP][PASSED] - Statement - email = email: null

2018-08-22 15:19:14 - [TEST_STEP][PASSED] - Statement - password = password: null

2018-08-22 15:19:14 - [TEST_STEP][PASSED] - Statement - current_url = com.kms.katalon.core.webui.keyword.WebUiBuiltInKeywords.getUrl(): Current window's url is: 'http://stg.bridgeathletic.com/'

2018-08-22 15:19:14 - [MESSAGE][PASSED] - Current window's url is: 'http://stg.bridgeathletic.com/'

2018-08-22 15:19:14 - [TEST_STEP][PASSED] - Statement - If (com.kms.katalon.core.webui.keyword.WebUiBuiltInKeywords.verifyMatch(current_url, "http://stg.bridgeathletic.com/", false, OPTIONAL) == false): Actual text 'http://stg.bridgeathletic.com/' and expected text 'http://stg.bridgeathletic.com/' are matched 

2018-08-22 15:19:14 - [MESSAGE][PASSED] - Actual text 'http://stg.bridgeathletic.com/' and expected text 'http://stg.bridgeathletic.com/' are matched 

2018-08-22 15:19:14 - [TEST_STEP][PASSED] - click: Object: 'Object Repository/Home Page/a_Login' is clicked on

2018-08-22 15:19:16 - [MESSAGE][PASSED] - Object: 'Object Repository/Home Page/a_Login' is clicked on

2018-08-22 15:19:16 - [TEST_STEP][PASSED] - setText: Text 'test+assay2@bridgeathletic.com' is set on object 'Object Repository/Login Page/input_email'

2018-08-22 15:19:16 - [MESSAGE][PASSED] - Text 'test+assay2@bridgeathletic.com' is set on object 'Object Repository/Login Page/input_email'

2018-08-22 15:19:16 - [TEST_STEP][PASSED] - setText: Text '23456789' is set on object 'Object Repository/Login Page/input_password'

2018-08-22 15:19:16 - [MESSAGE][PASSED] - Text '23456789' is set on object 'Object Repository/Login Page/input_password'

2018-08-22 15:19:16 - [TEST_STEP][PASSED] - click: Object: 'Object Repository/Login Page/button_LOGIN' is clicked on

2018-08-22 15:19:20 - [MESSAGE][PASSED] - Object: 'Object Repository/Login Page/button_LOGIN' is clicked on

2018-08-22 15:19:20 - [TEST_STEP][PASSED] - waitForElementPresent: Object 'Object Repository/Header/div_user-details' is present

2018-08-22 15:19:22 - [MESSAGE][PASSED] - Object 'Object Repository/Header/div_user-details' is present

2018-08-22 15:19:22 - [TEST_STEP][PASSED] - Statement - If (driver.findElements(org.openqa.selenium.By.xpath("//button[@class="md-raised md-button md-default-theme"]")).size() > 0): Object: '' is clicked on

2018-08-22 15:19:22 - [TEST_STEP][PASSED] - Statement - reload = new com.kms.katalon.core.testobject.TestObject(): null

2018-08-22 15:19:22 - [TEST_STEP][PASSED] - Statement - reload.addProperty("xpath", EQUALS, "//button[@class="md-raised md-button md-default-theme"]", true): null

2018-08-22 15:19:22 - [TEST_STEP][PASSED] - click: Object: '' is clicked on

2018-08-22 15:19:24 - [MESSAGE][PASSED] - Object: '' is clicked on

2018-08-22 15:19:24 - [TEST_STEP][PASSED] - callTestCase: Call Test Case 'Test Cases/Done/Commons/Waiting' successfully

2018-08-22 15:19:24 - [TEST_CASE][PASSED] - Test Cases/Done/Commons/Waiting: Test Cases/Done/Commons/Waiting

2018-08-22 15:19:25 - [TEST_STEP][PASSED] - Statement - driver = com.kms.katalon.core.webui.driver.DriverFactory.getWebDriver(): null

2018-08-22 15:19:25 - [TEST_STEP][PASSED] - Statement - flag = true: null

2018-08-22 15:19:25 - [TEST_STEP][PASSED] - Statement - While (flag == true): null

2018-08-22 15:19:25 - [TEST_STEP][PASSED] - delay: Delayed 1 second(s)

2018-08-22 15:19:26 - [MESSAGE][PASSED] - Delayed 1 second(s)

2018-08-22 15:19:26 - [TEST_STEP][PASSED] - Statement - flag = false: null

2018-08-22 15:19:26 - [TEST_STEP][PASSED] - Statement - If (driver.findElements(org.openqa.selenium.By.xpath("//div[@id="messageAlert"]/span[@aria-hidden="false"]")).size() > 0): null

2018-08-22 15:19:26 - [TEST_STEP][PASSED] - Statement - If (driver.findElements(org.openqa.selenium.By.xpath("//div[@class="block-ui ng-binding"]/div[@class="md-dialog-container ng-scope"]")).size() > 0): null

2018-08-22 15:19:26 - [TEST_STEP][PASSED] - Statement - If (driver.findElements(org.openqa.selenium.By.xpath("//div[@class="loading-overlay"]")).size() > 0): null

2018-08-22 15:19:26 - [TEST_STEP][PASSED] - Statement - If (driver.findElements(org.openqa.selenium.By.xpath("//div[contains(@id,"wm-shoutout")]")).size() > 0): null

2018-08-22 15:19:26 - [TEST_STEP][PASSED] - Statement - If (driver.findElements(org.openqa.selenium.By.xpath("//md-dialog[@id="accept-term-pop"]")).size() > 0): null

2018-08-22 15:19:26 - [TEST_STEP][PASSED] - Statement - If (driver.findElements(org.openqa.selenium.By.xpath("//div[@class="cookie-navigation ng-scope"]")).size() > 0): null

2018-08-22 15:19:27 - [MESSAGE][PASSED] - Call Test Case 'Test Cases/Done/Commons/Waiting' successfully

2018-08-22 15:19:27 - [MESSAGE][PASSED] - Call Test Case 'Test Cases/Done/Commons/Login' successfully

2018-08-22 15:19:27 - [TEST_STEP][PASSED] - click: Object: 'Object Repository/Header/input_currentOrg' is clicked on

2018-08-22 15:19:29 - [MESSAGE][PASSED] - Object: 'Object Repository/Header/input_currentOrg' is clicked on

2018-08-22 15:19:29 - [TEST_STEP][PASSED] - click: Object: 'Object Repository/Header/a_Organization-2' is clicked on

2018-08-22 15:19:29 - [MESSAGE][PASSED] - Object: 'Object Repository/Header/a_Organization-2' is clicked on

2018-08-22 15:19:29 - [TEST_STEP][PASSED] - callTestCase: Call Test Case 'Test Cases/Done/Commons/Waiting' successfully

2018-08-22 15:19:29 - [TEST_CASE][PASSED] - Test Cases/Done/Commons/Waiting: Test Cases/Done/Commons/Waiting

2018-08-22 15:19:29 - [TEST_STEP][PASSED] - Statement - driver = com.kms.katalon.core.webui.driver.DriverFactory.getWebDriver(): null

2018-08-22 15:19:29 - [TEST_STEP][PASSED] - Statement - flag = true: null

2018-08-22 15:19:29 - [TEST_STEP][PASSED] - Statement - While (flag == true): null

2018-08-22 15:19:29 - [TEST_STEP][PASSED] - delay: Delayed 1 second(s)

2018-08-22 15:19:30 - [MESSAGE][PASSED] - Delayed 1 second(s)

2018-08-22 15:19:30 - [TEST_STEP][PASSED] - Statement - flag = false: null

2018-08-22 15:19:30 - [TEST_STEP][PASSED] - Statement - If (driver.findElements(org.openqa.selenium.By.xpath("//div[@id="messageAlert"]/span[@aria-hidden="false"]")).size() > 0): null

2018-08-22 15:19:30 - [TEST_STEP][PASSED] - Statement - headerLoading = new com.kms.katalon.core.testobject.TestObject(): null

2018-08-22 15:19:30 - [TEST_STEP][PASSED] - Statement - headerLoading.addProperty("xpath", EQUALS, "//div[@id="messageAlert"]/span[@aria-hidden="false"]", true): null

2018-08-22 15:19:30 - [TEST_STEP][PASSED] - waitForElementNotPresent: Web element with id: '' located by 'By.xpath: //div[@id="messageAlert"]/span[@aria-hidden="false"]' is not present after '30' second(s)

2018-08-22 15:19:31 - [MESSAGE][PASSED] - Web element with id: '' located by 'By.xpath: //div[@id="messageAlert"]/span[@aria-hidden="false"]' is not present after '30' second(s)

2018-08-22 15:19:31 - [TEST_STEP][PASSED] - Statement - flag = true: null

2018-08-22 15:19:31 - [TEST_STEP][PASSED] - Statement - If (driver.findElements(org.openqa.selenium.By.xpath("//div[@class="block-ui ng-binding"]/div[@class="md-dialog-container ng-scope"]")).size() > 0): null

2018-08-22 15:19:31 - [TEST_STEP][PASSED] - Statement - If (driver.findElements(org.openqa.selenium.By.xpath("//div[@class="loading-overlay"]")).size() > 0): null

2018-08-22 15:19:31 - [TEST_STEP][PASSED] - Statement - If (driver.findElements(org.openqa.selenium.By.xpath("//div[contains(@id,"wm-shoutout")]")).size() > 0): null

2018-08-22 15:19:31 - [TEST_STEP][PASSED] - Statement - If (driver.findElements(org.openqa.selenium.By.xpath("//md-dialog[@id="accept-term-pop"]")).size() > 0): null

2018-08-22 15:19:31 - [TEST_STEP][PASSED] - Statement - If (driver.findElements(org.openqa.selenium.By.xpath("//div[@class="cookie-navigation ng-scope"]")).size() > 0): null

2018-08-22 15:19:31 - [TEST_STEP][PASSED] - delay: Delayed 1 second(s)

2018-08-22 15:19:32 - [MESSAGE][PASSED] - Delayed 1 second(s)

2018-08-22 15:19:32 - [TEST_STEP][PASSED] - Statement - flag = false: null

2018-08-22 15:19:32 - [TEST_STEP][PASSED] - Statement - If (driver.findElements(org.openqa.selenium.By.xpath("//div[@id="messageAlert"]/span[@aria-hidden="false"]")).size() > 0): null

2018-08-22 15:19:32 - [TEST_STEP][PASSED] - Statement - If (driver.findElements(org.openqa.selenium.By.xpath("//div[@class="block-ui ng-binding"]/div[@class="md-dialog-container ng-scope"]")).size() > 0): null

2018-08-22 15:19:32 - [TEST_STEP][PASSED] - Statement - If (driver.findElements(org.openqa.selenium.By.xpath("//div[@class="loading-overlay"]")).size() > 0): null

2018-08-22 15:19:32 - [TEST_STEP][PASSED] - Statement - If (driver.findElements(org.openqa.selenium.By.xpath("//div[contains(@id,"wm-shoutout")]")).size() > 0): null

2018-08-22 15:19:32 - [TEST_STEP][PASSED] - Statement - If (driver.findElements(org.openqa.selenium.By.xpath("//md-dialog[@id="accept-term-pop"]")).size() > 0): null

2018-08-22 15:19:32 - [TEST_STEP][PASSED] - Statement - If (driver.findElements(org.openqa.selenium.By.xpath("//div[@class="cookie-navigation ng-scope"]")).size() > 0): null

2018-08-22 15:19:32 - [MESSAGE][PASSED] - Call Test Case 'Test Cases/Done/Commons/Waiting' successfully

2018-08-22 15:19:32 - [TEST_STEP][PASSED] - click: Object: 'Object Repository/Org Home Page/span_LIBRARY' is clicked on

2018-08-22 15:19:32 - [MESSAGE][PASSED] - Object: 'Object Repository/Org Home Page/span_LIBRARY' is clicked on

2018-08-22 15:19:32 - [TEST_STEP][PASSED] - callTestCase: Call Test Case 'Test Cases/Done/Commons/Waiting' successfully

2018-08-22 15:19:33 - [TEST_CASE][PASSED] - Test Cases/Done/Commons/Waiting: Test Cases/Done/Commons/Waiting

2018-08-22 15:19:33 - [TEST_STEP][PASSED] - Statement - driver = com.kms.katalon.core.webui.driver.DriverFactory.getWebDriver(): null

2018-08-22 15:19:33 - [TEST_STEP][PASSED] - Statement - flag = true: null

2018-08-22 15:19:33 - [TEST_STEP][PASSED] - Statement - While (flag == true): null

2018-08-22 15:19:33 - [TEST_STEP][PASSED] - delay: Delayed 1 second(s)

2018-08-22 15:19:34 - [MESSAGE][PASSED] - Delayed 1 second(s)

2018-08-22 15:19:34 - [TEST_STEP][PASSED] - Statement - flag = false: null

2018-08-22 15:19:34 - [TEST_STEP][PASSED] - Statement - If (driver.findElements(org.openqa.selenium.By.xpath("//div[@id="messageAlert"]/span[@aria-hidden="false"]")).size() > 0): null

2018-08-22 15:19:34 - [TEST_STEP][PASSED] - Statement - headerLoading = new com.kms.katalon.core.testobject.TestObject(): null

2018-08-22 15:19:34 - [TEST_STEP][PASSED] - Statement - headerLoading.addProperty("xpath", EQUALS, "//div[@id="messageAlert"]/span[@aria-hidden="false"]", true): null

2018-08-22 15:19:34 - [TEST_STEP][PASSED] - waitForElementNotPresent: Web element with id: '' located by 'By.xpath: //div[@id="messageAlert"]/span[@aria-hidden="false"]' is not present after '30' second(s)

2018-08-22 15:19:35 - [MESSAGE][PASSED] - Web element with id: '' located by 'By.xpath: //div[@id="messageAlert"]/span[@aria-hidden="false"]' is not present after '30' second(s)

2018-08-22 15:19:35 - [TEST_STEP][PASSED] - Statement - flag = true: null

2018-08-22 15:19:35 - [TEST_STEP][PASSED] - Statement - If (driver.findElements(org.openqa.selenium.By.xpath("//div[@class="block-ui ng-binding"]/div[@class="md-dialog-container ng-scope"]")).size() > 0): null

2018-08-22 15:19:35 - [TEST_STEP][PASSED] - Statement - If (driver.findElements(org.openqa.selenium.By.xpath("//div[@class="loading-overlay"]")).size() > 0): null

2018-08-22 15:19:35 - [TEST_STEP][PASSED] - Statement - If (driver.findElements(org.openqa.selenium.By.xpath("//div[contains(@id,"wm-shoutout")]")).size() > 0): null

2018-08-22 15:19:35 - [TEST_STEP][PASSED] - Statement - If (driver.findElements(org.openqa.selenium.By.xpath("//md-dialog[@id="accept-term-pop"]")).size() > 0): null

2018-08-22 15:19:35 - [TEST_STEP][PASSED] - Statement - If (driver.findElements(org.openqa.selenium.By.xpath("//div[@class="cookie-navigation ng-scope"]")).size() > 0): null

2018-08-22 15:19:35 - [TEST_STEP][PASSED] - delay: Delayed 1 second(s)

2018-08-22 15:19:36 - [MESSAGE][PASSED] - Delayed 1 second(s)

2018-08-22 15:19:36 - [TEST_STEP][PASSED] - Statement - flag = false: null

2018-08-22 15:19:36 - [TEST_STEP][PASSED] - Statement - If (driver.findElements(org.openqa.selenium.By.xpath("//div[@id="messageAlert"]/span[@aria-hidden="false"]")).size() > 0): null

2018-08-22 15:19:36 - [TEST_STEP][PASSED] - Statement - If (driver.findElements(org.openqa.selenium.By.xpath("//div[@class="block-ui ng-binding"]/div[@class="md-dialog-container ng-scope"]")).size() > 0): null

2018-08-22 15:19:36 - [TEST_STEP][PASSED] - Statement - If (driver.findElements(org.openqa.selenium.By.xpath("//div[@class="loading-overlay"]")).size() > 0): null

2018-08-22 15:19:36 - [TEST_STEP][PASSED] - Statement - If (driver.findElements(org.openqa.selenium.By.xpath("//div[contains(@id,"wm-shoutout")]")).size() > 0): null

2018-08-22 15:19:36 - [TEST_STEP][PASSED] - Statement - If (driver.findElements(org.openqa.selenium.By.xpath("//md-dialog[@id="accept-term-pop"]")).size() > 0): null

2018-08-22 15:19:36 - [TEST_STEP][PASSED] - Statement - If (driver.findElements(org.openqa.selenium.By.xpath("//div[@class="cookie-navigation ng-scope"]")).size() > 0): null

2018-08-22 15:19:36 - [MESSAGE][PASSED] - Call Test Case 'Test Cases/Done/Commons/Waiting' successfully

2018-08-22 15:19:36 - [TEST_STEP][PASSED] - click: Object: 'Object Repository/Library/button_New Program' is clicked on

2018-08-22 15:19:36 - [MESSAGE][PASSED] - Object: 'Object Repository/Library/button_New Program' is clicked on

2018-08-22 15:19:36 - [TEST_STEP][PASSED] - callTestCase: Call Test Case 'Test Cases/Done/Commons/Waiting' successfully

2018-08-22 15:19:36 - [TEST_CASE][PASSED] - Test Cases/Done/Commons/Waiting: Test Cases/Done/Commons/Waiting

2018-08-22 15:19:36 - [TEST_STEP][PASSED] - Statement - driver = com.kms.katalon.core.webui.driver.DriverFactory.getWebDriver(): null

2018-08-22 15:19:36 - [TEST_STEP][PASSED] - Statement - flag = true: null

2018-08-22 15:19:36 - [TEST_STEP][PASSED] - Statement - While (flag == true): null

2018-08-22 15:19:36 - [TEST_STEP][PASSED] - delay: Delayed 1 second(s)

2018-08-22 15:19:37 - [MESSAGE][PASSED] - Delayed 1 second(s)

2018-08-22 15:19:37 - [TEST_STEP][PASSED] - Statement - flag = false: null

2018-08-22 15:19:37 - [TEST_STEP][PASSED] - Statement - If (driver.findElements(org.openqa.selenium.By.xpath("//div[@id="messageAlert"]/span[@aria-hidden="false"]")).size() > 0): null

2018-08-22 15:19:38 - [TEST_STEP][PASSED] - Statement - If (driver.findElements(org.openqa.selenium.By.xpath("//div[@class="block-ui ng-binding"]/div[@class="md-dialog-container ng-scope"]")).size() > 0): null

2018-08-22 15:19:38 - [TEST_STEP][PASSED] - Statement - If (driver.findElements(org.openqa.selenium.By.xpath("//div[@class="loading-overlay"]")).size() > 0): null

2018-08-22 15:19:38 - [TEST_STEP][PASSED] - Statement - If (driver.findElements(org.openqa.selenium.By.xpath("//div[contains(@id,"wm-shoutout")]")).size() > 0): null

2018-08-22 15:19:38 - [TEST_STEP][PASSED] - Statement - If (driver.findElements(org.openqa.selenium.By.xpath("//md-dialog[@id="accept-term-pop"]")).size() > 0): null

2018-08-22 15:19:38 - [TEST_STEP][PASSED] - Statement - If (driver.findElements(org.openqa.selenium.By.xpath("//div[@class="cookie-navigation ng-scope"]")).size() > 0): null

2018-08-22 15:19:38 - [MESSAGE][PASSED] - Call Test Case 'Test Cases/Done/Commons/Waiting' successfully

2018-08-22 15:19:38 - [TEST_STEP][PASSED] - Statement - randomProgramName = CustomKeywords.com.bridgeathletic.random.getRandomName("Performance Program Name "): com.bridgeathletic.random.getRandomName is PASSED

2018-08-22 15:19:38 - [MESSAGE][PASSED] - com.bridgeathletic.random.getRandomName is PASSED

2018-08-22 15:19:38 - [TEST_STEP][PASSED] - setText: Text 'Performance Program Name Wed Aug 22 15:19:38 ICT 2018' is set on object 'Object Repository/A Program Page/input_new-program-name'

2018-08-22 15:19:39 - [MESSAGE][PASSED] - Text 'Performance Program Name Wed Aug 22 15:19:38 ICT 2018' is set on object 'Object Repository/A Program Page/input_new-program-name'

2018-08-22 15:19:39 - [TEST_STEP][PASSED] - Statement - randomProgramDescription = CustomKeywords.com.bridgeathletic.random.getRandomName("Performance Program Description "): com.bridgeathletic.random.getRandomName is PASSED

2018-08-22 15:19:39 - [MESSAGE][PASSED] - com.bridgeathletic.random.getRandomName is PASSED

2018-08-22 15:19:39 - [TEST_STEP][PASSED] - setText: Text 'Performance Program Description Wed Aug 22 15:19:39 ICT 2018' is set on object 'Object Repository/A Program Page/textarea_new-program-description'

2018-08-22 15:19:40 - [MESSAGE][PASSED] - Text 'Performance Program Description Wed Aug 22 15:19:39 ICT 2018' is set on object 'Object Repository/A Program Page/textarea_new-program-description'

2018-08-22 15:19:40 - [TEST_STEP][PASSED] - click: Object: 'Object Repository/A Program Page/button_add-program' is clicked on

2018-08-22 15:19:40 - [MESSAGE][PASSED] - Object: 'Object Repository/A Program Page/button_add-program' is clicked on

2018-08-22 15:19:40 - [TEST_STEP][PASSED] - waitForElementNotPresent: Web element with id: 'Object Repository/A Program Page/button_add-program' located by 'By.xpath: //button[@ng-click = "addProgram()"]' is not present after '30' second(s)

2018-08-22 15:19:43 - [MESSAGE][PASSED] - Web element with id: 'Object Repository/A Program Page/button_add-program' located by 'By.xpath: //button[@ng-click = "addProgram()"]' is not present after '30' second(s)

2018-08-22 15:19:43 - [TEST_STEP][PASSED] - callTestCase: Call Test Case 'Test Cases/Done/Commons/Waiting' successfully

2018-08-22 15:19:44 - [TEST_CASE][PASSED] - Test Cases/Done/Commons/Waiting: Test Cases/Done/Commons/Waiting

2018-08-22 15:19:44 - [TEST_STEP][PASSED] - Statement - driver = com.kms.katalon.core.webui.driver.DriverFactory.getWebDriver(): null

2018-08-22 15:19:44 - [TEST_STEP][PASSED] - Statement - flag = true: null

2018-08-22 15:19:44 - [TEST_STEP][PASSED] - Statement - While (flag == true): null

2018-08-22 15:19:44 - [TEST_STEP][PASSED] - delay: Delayed 1 second(s)

2018-08-22 15:19:45 - [MESSAGE][PASSED] - Delayed 1 second(s)

2018-08-22 15:19:45 - [TEST_STEP][PASSED] - Statement - flag = false: null

2018-08-22 15:19:45 - [TEST_STEP][PASSED] - Statement - If (driver.findElements(org.openqa.selenium.By.xpath("//div[@id="messageAlert"]/span[@aria-hidden="false"]")).size() > 0): null

2018-08-22 15:19:46 - [TEST_STEP][PASSED] - Statement - If (driver.findElements(org.openqa.selenium.By.xpath("//div[@class="block-ui ng-binding"]/div[@class="md-dialog-container ng-scope"]")).size() > 0): null

2018-08-22 15:19:46 - [TEST_STEP][PASSED] - Statement - If (driver.findElements(org.openqa.selenium.By.xpath("//div[@class="loading-overlay"]")).size() > 0): null

2018-08-22 15:19:46 - [TEST_STEP][PASSED] - Statement - If (driver.findElements(org.openqa.selenium.By.xpath("//div[contains(@id,"wm-shoutout")]")).size() > 0): null

2018-08-22 15:19:46 - [TEST_STEP][PASSED] - Statement - If (driver.findElements(org.openqa.selenium.By.xpath("//md-dialog[@id="accept-term-pop"]")).size() > 0): null

2018-08-22 15:19:46 - [TEST_STEP][PASSED] - Statement - If (driver.findElements(org.openqa.selenium.By.xpath("//div[@class="cookie-navigation ng-scope"]")).size() > 0): null

2018-08-22 15:19:46 - [MESSAGE][PASSED] - Call Test Case 'Test Cases/Done/Commons/Waiting' successfully

2018-08-22 15:19:46 - [TEST_STEP][PASSED] - click: Object: 'Object Repository/A Program Page/icon_Add Phase' is clicked on

2018-08-22 15:19:46 - [MESSAGE][PASSED] - Object: 'Object Repository/A Program Page/icon_Add Phase' is clicked on

2018-08-22 15:19:46 - [TEST_STEP][PASSED] - click: Object: 'Object Repository/A Program Page/a_Template Phase' is clicked on

2018-08-22 15:19:47 - [MESSAGE][PASSED] - Object: 'Object Repository/A Program Page/a_Template Phase' is clicked on

2018-08-22 15:19:47 - [TEST_STEP][PASSED] - callTestCase: Call Test Case 'Test Cases/Done/Commons/Waiting' successfully

2018-08-22 15:19:47 - [TEST_CASE][PASSED] - Test Cases/Done/Commons/Waiting: Test Cases/Done/Commons/Waiting

2018-08-22 15:19:47 - [TEST_STEP][PASSED] - Statement - driver = com.kms.katalon.core.webui.driver.DriverFactory.getWebDriver(): null

2018-08-22 15:19:47 - [TEST_STEP][PASSED] - Statement - flag = true: null

2018-08-22 15:19:47 - [TEST_STEP][PASSED] - Statement - While (flag == true): null

2018-08-22 15:19:47 - [TEST_STEP][PASSED] - delay: Delayed 1 second(s)

2018-08-22 15:19:48 - [MESSAGE][PASSED] - Delayed 1 second(s)

2018-08-22 15:19:48 - [TEST_STEP][PASSED] - Statement - flag = false: null

2018-08-22 15:19:48 - [TEST_STEP][PASSED] - Statement - If (driver.findElements(org.openqa.selenium.By.xpath("//div[@id="messageAlert"]/span[@aria-hidden="false"]")).size() > 0): null

2018-08-22 15:19:48 - [TEST_STEP][PASSED] - Statement - If (driver.findElements(org.openqa.selenium.By.xpath("//div[@class="block-ui ng-binding"]/div[@class="md-dialog-container ng-scope"]")).size() > 0): null

2018-08-22 15:19:48 - [TEST_STEP][PASSED] - Statement - If (driver.findElements(org.openqa.selenium.By.xpath("//div[@class="loading-overlay"]")).size() > 0): null

2018-08-22 15:19:48 - [TEST_STEP][PASSED] - Statement - If (driver.findElements(org.openqa.selenium.By.xpath("//div[contains(@id,"wm-shoutout")]")).size() > 0): null

2018-08-22 15:19:48 - [TEST_STEP][PASSED] - Statement - If (driver.findElements(org.openqa.selenium.By.xpath("//md-dialog[@id="accept-term-pop"]")).size() > 0): null

2018-08-22 15:19:48 - [TEST_STEP][PASSED] - Statement - If (driver.findElements(org.openqa.selenium.By.xpath("//div[@class="cookie-navigation ng-scope"]")).size() > 0): null

2018-08-22 15:19:48 - [MESSAGE][PASSED] - Call Test Case 'Test Cases/Done/Commons/Waiting' successfully

2018-08-22 15:19:48 - [TEST_STEP][PASSED] - Statement - rd = CustomKeywords.com.bridgeathletic.random.getRandomNumber(20): com.bridgeathletic.random.getRandomNumber is PASSED

2018-08-22 15:19:48 - [MESSAGE][PASSED] - com.bridgeathletic.random.getRandomNumber is PASSED

2018-08-22 15:19:48 - [TEST_STEP][PASSED] - Statement - randomSelectPhaseObject = new com.kms.katalon.core.testobject.TestObject(): null

2018-08-22 15:19:48 - [TEST_STEP][PASSED] - Statement - randomSelectPhaseObject.addProperty("xpath", EQUALS, "(//div[@ng-click="selectPhase(item)"])[" + rd + "]", true): null

2018-08-22 15:19:48 - [TEST_STEP][PASSED] - click: Object: '' is clicked on

2018-08-22 15:19:48 - [MESSAGE][PASSED] - Object: '' is clicked on

2018-08-22 15:19:48 - [TEST_STEP][PASSED] - delay: Delayed 1 second(s)

2018-08-22 15:19:49 - [MESSAGE][PASSED] - Delayed 1 second(s)

2018-08-22 15:19:49 - [TEST_STEP][PASSED] - click: Object: 'Object Repository/A Program Page/button_Insert' is clicked on

2018-08-22 15:19:49 - [MESSAGE][PASSED] - Object: 'Object Repository/A Program Page/button_Insert' is clicked on

2018-08-22 15:19:49 - [TEST_STEP][PASSED] - callTestCase: Call Test Case 'Test Cases/Done/Commons/Waiting' successfully

2018-08-22 15:19:49 - [TEST_CASE][PASSED] - Test Cases/Done/Commons/Waiting: Test Cases/Done/Commons/Waiting

2018-08-22 15:19:49 - [TEST_STEP][PASSED] - Statement - driver = com.kms.katalon.core.webui.driver.DriverFactory.getWebDriver(): null

2018-08-22 15:19:49 - [TEST_STEP][PASSED] - Statement - flag = true: null

2018-08-22 15:19:49 - [TEST_STEP][PASSED] - Statement - While (flag == true): null

2018-08-22 15:19:49 - [TEST_STEP][PASSED] - delay: Delayed 1 second(s)

2018-08-22 15:19:50 - [MESSAGE][PASSED] - Delayed 1 second(s)

2018-08-22 15:19:50 - [TEST_STEP][PASSED] - Statement - flag = false: null

2018-08-22 15:19:50 - [TEST_STEP][PASSED] - Statement - If (driver.findElements(org.openqa.selenium.By.xpath("//div[@id="messageAlert"]/span[@aria-hidden="false"]")).size() > 0): null

2018-08-22 15:19:50 - [TEST_STEP][PASSED] - Statement - headerLoading = new com.kms.katalon.core.testobject.TestObject(): null

2018-08-22 15:19:50 - [TEST_STEP][PASSED] - Statement - headerLoading.addProperty("xpath", EQUALS, "//div[@id="messageAlert"]/span[@aria-hidden="false"]", true): null

2018-08-22 15:19:50 - [TEST_STEP][PASSED] - waitForElementNotPresent: Web element with id: '' located by 'By.xpath: //div[@id="messageAlert"]/span[@aria-hidden="false"]' is not present after '30' second(s)

2018-08-22 15:19:52 - [MESSAGE][PASSED] - Web element with id: '' located by 'By.xpath: //div[@id="messageAlert"]/span[@aria-hidden="false"]' is not present after '30' second(s)

2018-08-22 15:19:52 - [TEST_STEP][PASSED] - Statement - flag = true: null

2018-08-22 15:19:52 - [TEST_STEP][PASSED] - Statement - If (driver.findElements(org.openqa.selenium.By.xpath("//div[@class="block-ui ng-binding"]/div[@class="md-dialog-container ng-scope"]")).size() > 0): null

2018-08-22 15:19:52 - [TEST_STEP][PASSED] - Statement - If (driver.findElements(org.openqa.selenium.By.xpath("//div[@class="loading-overlay"]")).size() > 0): null

2018-08-22 15:19:52 - [TEST_STEP][PASSED] - Statement - If (driver.findElements(org.openqa.selenium.By.xpath("//div[contains(@id,"wm-shoutout")]")).size() > 0): null

2018-08-22 15:19:52 - [TEST_STEP][PASSED] - Statement - If (driver.findElements(org.openqa.selenium.By.xpath("//md-dialog[@id="accept-term-pop"]")).size() > 0): null

2018-08-22 15:19:52 - [TEST_STEP][PASSED] - Statement - If (driver.findElements(org.openqa.selenium.By.xpath("//div[@class="cookie-navigation ng-scope"]")).size() > 0): null

2018-08-22 15:19:52 - [TEST_STEP][PASSED] - delay: Delayed 1 second(s)

2018-08-22 15:19:53 - [MESSAGE][PASSED] - Delayed 1 second(s)

2018-08-22 15:19:53 - [TEST_STEP][PASSED] - Statement - flag = false: null

2018-08-22 15:19:53 - [TEST_STEP][PASSED] - Statement - If (driver.findElements(org.openqa.selenium.By.xpath("//div[@id="messageAlert"]/span[@aria-hidden="false"]")).size() > 0): null

2018-08-22 15:19:53 - [TEST_STEP][PASSED] - Statement - If (driver.findElements(org.openqa.selenium.By.xpath("//div[@class="block-ui ng-binding"]/div[@class="md-dialog-container ng-scope"]")).size() > 0): null

2018-08-22 15:19:53 - [TEST_STEP][PASSED] - Statement - If (driver.findElements(org.openqa.selenium.By.xpath("//div[@class="loading-overlay"]")).size() > 0): null

2018-08-22 15:19:53 - [TEST_STEP][PASSED] - Statement - If (driver.findElements(org.openqa.selenium.By.xpath("//div[contains(@id,"wm-shoutout")]")).size() > 0): null

2018-08-22 15:19:53 - [TEST_STEP][PASSED] - Statement - If (driver.findElements(org.openqa.selenium.By.xpath("//md-dialog[@id="accept-term-pop"]")).size() > 0): null

2018-08-22 15:19:53 - [TEST_STEP][PASSED] - Statement - If (driver.findElements(org.openqa.selenium.By.xpath("//div[@class="cookie-navigation ng-scope"]")).size() > 0): null

2018-08-22 15:19:53 - [MESSAGE][PASSED] - Call Test Case 'Test Cases/Done/Commons/Waiting' successfully

2018-08-22 15:19:53 - [TEST_STEP][PASSED] - click: Object: 'Object Repository/A Program Page/icon_Add Phase' is clicked on

2018-08-22 15:19:53 - [MESSAGE][PASSED] - Object: 'Object Repository/A Program Page/icon_Add Phase' is clicked on

2018-08-22 15:19:53 - [TEST_STEP][PASSED] - click: Object: 'Object Repository/A Program Page/a_New Phase' is clicked on

2018-08-22 15:19:53 - [MESSAGE][PASSED] - Object: 'Object Repository/A Program Page/a_New Phase' is clicked on

2018-08-22 15:19:53 - [TEST_STEP][PASSED] - callTestCase: Call Test Case 'Test Cases/Done/Commons/Waiting' successfully

2018-08-22 15:19:53 - [TEST_CASE][PASSED] - Test Cases/Done/Commons/Waiting: Test Cases/Done/Commons/Waiting

2018-08-22 15:19:53 - [TEST_STEP][PASSED] - Statement - driver = com.kms.katalon.core.webui.driver.DriverFactory.getWebDriver(): null

2018-08-22 15:19:53 - [TEST_STEP][PASSED] - Statement - flag = true: null

2018-08-22 15:19:53 - [TEST_STEP][PASSED] - Statement - While (flag == true): null

2018-08-22 15:19:53 - [TEST_STEP][PASSED] - delay: Delayed 1 second(s)

2018-08-22 15:19:54 - [MESSAGE][PASSED] - Delayed 1 second(s)

2018-08-22 15:19:54 - [TEST_STEP][PASSED] - Statement - flag = false: null

2018-08-22 15:19:54 - [TEST_STEP][PASSED] - Statement - If (driver.findElements(org.openqa.selenium.By.xpath("//div[@id="messageAlert"]/span[@aria-hidden="false"]")).size() > 0): null

2018-08-22 15:19:54 - [TEST_STEP][PASSED] - Statement - If (driver.findElements(org.openqa.selenium.By.xpath("//div[@class="block-ui ng-binding"]/div[@class="md-dialog-container ng-scope"]")).size() > 0): null

2018-08-22 15:19:54 - [TEST_STEP][PASSED] - Statement - If (driver.findElements(org.openqa.selenium.By.xpath("//div[@class="loading-overlay"]")).size() > 0): null

2018-08-22 15:19:54 - [TEST_STEP][PASSED] - Statement - If (driver.findElements(org.openqa.selenium.By.xpath("//div[contains(@id,"wm-shoutout")]")).size() > 0): null

2018-08-22 15:19:54 - [TEST_STEP][PASSED] - Statement - If (driver.findElements(org.openqa.selenium.By.xpath("//md-dialog[@id="accept-term-pop"]")).size() > 0): null

2018-08-22 15:19:54 - [TEST_STEP][PASSED] - Statement - If (driver.findElements(org.openqa.selenium.By.xpath("//div[@class="cookie-navigation ng-scope"]")).size() > 0): null

2018-08-22 15:19:54 - [MESSAGE][PASSED] - Call Test Case 'Test Cases/Done/Commons/Waiting' successfully

2018-08-22 15:19:54 - [TEST_STEP][PASSED] - Statement - randomPhaseName = CustomKeywords.com.bridgeathletic.random.getRandomName("Performance Phase Name "): com.bridgeathletic.random.getRandomName is PASSED

2018-08-22 15:19:54 - [MESSAGE][PASSED] - com.bridgeathletic.random.getRandomName is PASSED

2018-08-22 15:19:54 - [TEST_STEP][PASSED] - setText: Text 'Performance Phase Name Wed Aug 22 15:19:54 ICT 2018' is set on object 'Object Repository/Phase Builder Page/input_phase-name'

2018-08-22 15:19:55 - [MESSAGE][PASSED] - Text 'Performance Phase Name Wed Aug 22 15:19:54 ICT 2018' is set on object 'Object Repository/Phase Builder Page/input_phase-name'

2018-08-22 15:19:55 - [TEST_STEP][PASSED] - click: Object: 'Object Repository/Phase Builder Page/button_Accept' is clicked on

2018-08-22 15:19:55 - [MESSAGE][PASSED] - Object: 'Object Repository/Phase Builder Page/button_Accept' is clicked on

2018-08-22 15:19:55 - [TEST_STEP][PASSED] - callTestCase: Call Test Case 'Test Cases/Done/Commons/Waiting' successfully

2018-08-22 15:19:55 - [TEST_CASE][PASSED] - Test Cases/Done/Commons/Waiting: Test Cases/Done/Commons/Waiting

2018-08-22 15:19:55 - [TEST_STEP][PASSED] - Statement - driver = com.kms.katalon.core.webui.driver.DriverFactory.getWebDriver(): null

2018-08-22 15:19:55 - [TEST_STEP][PASSED] - Statement - flag = true: null

2018-08-22 15:19:55 - [TEST_STEP][PASSED] - Statement - While (flag == true): null

2018-08-22 15:19:55 - [TEST_STEP][PASSED] - delay: Delayed 1 second(s)

2018-08-22 15:19:56 - [MESSAGE][PASSED] - Delayed 1 second(s)

2018-08-22 15:19:56 - [TEST_STEP][PASSED] - Statement - flag = false: null

2018-08-22 15:19:56 - [TEST_STEP][PASSED] - Statement - If (driver.findElements(org.openqa.selenium.By.xpath("//div[@id="messageAlert"]/span[@aria-hidden="false"]")).size() > 0): null

2018-08-22 15:19:56 - [TEST_STEP][PASSED] - Statement - If (driver.findElements(org.openqa.selenium.By.xpath("//div[@class="block-ui ng-binding"]/div[@class="md-dialog-container ng-scope"]")).size() > 0): null

2018-08-22 15:19:56 - [TEST_STEP][PASSED] - Statement - If (driver.findElements(org.openqa.selenium.By.xpath("//div[@class="loading-overlay"]")).size() > 0): null

2018-08-22 15:19:56 - [TEST_STEP][PASSED] - Statement - If (driver.findElements(org.openqa.selenium.By.xpath("//div[contains(@id,"wm-shoutout")]")).size() > 0): null

2018-08-22 15:19:56 - [TEST_STEP][PASSED] - Statement - If (driver.findElements(org.openqa.selenium.By.xpath("//md-dialog[@id="accept-term-pop"]")).size() > 0): null

2018-08-22 15:19:56 - [TEST_STEP][PASSED] - Statement - If (driver.findElements(org.openqa.selenium.By.xpath("//div[@class="cookie-navigation ng-scope"]")).size() > 0): null

2018-08-22 15:19:56 - [MESSAGE][PASSED] - Call Test Case 'Test Cases/Done/Commons/Waiting' successfully

2018-08-22 15:19:56 - [TEST_STEP][PASSED] - mouseOver: Object: 'Object Repository/Phase Builder Page/div_Add Block' is hovered

2018-08-22 15:19:58 - [MESSAGE][PASSED] - Object: 'Object Repository/Phase Builder Page/div_Add Block' is hovered

2018-08-22 15:19:58 - [TEST_STEP][PASSED] - click: Object: 'Object Repository/Phase Builder Page/div_Template' is clicked on

2018-08-22 15:19:58 - [MESSAGE][PASSED] - Object: 'Object Repository/Phase Builder Page/div_Template' is clicked on

2018-08-22 15:19:58 - [TEST_STEP][PASSED] - waitForElementVisible: Object 'Object Repository/Phase Builder Page/md-dialog_template-work-popup' is visible

2018-08-22 15:19:59 - [MESSAGE][PASSED] - Object 'Object Repository/Phase Builder Page/md-dialog_template-work-popup' is visible

2018-08-22 15:19:59 - [TEST_STEP][PASSED] - delay: Delayed 2 second(s)

2018-08-22 15:20:01 - [MESSAGE][PASSED] - Delayed 2 second(s)

2018-08-22 15:20:01 - [TEST_STEP][PASSED] - click: Object: 'Object Repository/Phase Builder Page/span_change-type-all' is clicked on

2018-08-22 15:20:01 - [MESSAGE][PASSED] - Object: 'Object Repository/Phase Builder Page/span_change-type-all' is clicked on

2018-08-22 15:20:01 - [TEST_STEP][PASSED] - waitForElementPresent: Object 'Object Repository/Phase Builder Page/li_template-phase' is present

2018-08-22 15:20:01 - [MESSAGE][PASSED] - Object 'Object Repository/Phase Builder Page/li_template-phase' is present

2018-08-22 15:20:01 - [TEST_STEP][PASSED] - delay: Delayed 1 second(s)

2018-08-22 15:20:02 - [MESSAGE][PASSED] - Delayed 1 second(s)

2018-08-22 15:20:02 - [TEST_STEP][PASSED] - Statement - templatePhaseNumbers = CustomKeywords.com.bridgeathletic.total.getItemSize("//div[@class="list-phase-popup"]/ul[1]/li[@class="ng-scope"]"): com.bridgeathletic.total.getItemSize is PASSED

2018-08-22 15:20:02 - [MESSAGE][PASSED] - com.bridgeathletic.total.getItemSize is PASSED

2018-08-22 15:20:02 - [TEST_STEP][PASSED] - Statement - rd = CustomKeywords.com.bridgeathletic.random.getRandomNumber(templatePhaseNumbers): com.bridgeathletic.random.getRandomNumber is PASSED

2018-08-22 15:20:02 - [MESSAGE][PASSED] - com.bridgeathletic.random.getRandomNumber is PASSED

2018-08-22 15:20:02 - [TEST_STEP][PASSED] - Statement - randomTemplatePhaseObject = new com.kms.katalon.core.testobject.TestObject(): null

2018-08-22 15:20:02 - [TEST_STEP][PASSED] - Statement - randomTemplatePhaseObject.addProperty("xpath", EQUALS, "//div[@class="list-phase-popup"]/ul[1]/li[@class="ng-scope"][" + rd + "]", true): null

2018-08-22 15:20:02 - [TEST_STEP][PASSED] - click: Object: '' is clicked on

2018-08-22 15:20:03 - [MESSAGE][PASSED] - Object: '' is clicked on

2018-08-22 15:20:03 - [TEST_STEP][PASSED] - callTestCase: Call Test Case 'Test Cases/Done/Commons/Waiting' successfully

2018-08-22 15:20:03 - [TEST_CASE][PASSED] - Test Cases/Done/Commons/Waiting: Test Cases/Done/Commons/Waiting

2018-08-22 15:20:03 - [TEST_STEP][PASSED] - Statement - driver = com.kms.katalon.core.webui.driver.DriverFactory.getWebDriver(): null

2018-08-22 15:20:03 - [TEST_STEP][PASSED] - Statement - flag = true: null

2018-08-22 15:20:03 - [TEST_STEP][PASSED] - Statement - While (flag == true): null

2018-08-22 15:20:03 - [TEST_STEP][PASSED] - delay: Delayed 1 second(s)

2018-08-22 15:20:04 - [MESSAGE][PASSED] - Delayed 1 second(s)

2018-08-22 15:20:04 - [TEST_STEP][PASSED] - Statement - flag = false: null

2018-08-22 15:20:04 - [TEST_STEP][PASSED] - Statement - If (driver.findElements(org.openqa.selenium.By.xpath("//div[@id="messageAlert"]/span[@aria-hidden="false"]")).size() > 0): null

2018-08-22 15:20:04 - [TEST_STEP][PASSED] - Statement - headerLoading = new com.kms.katalon.core.testobject.TestObject(): null

2018-08-22 15:20:04 - [TEST_STEP][PASSED] - Statement - headerLoading.addProperty("xpath", EQUALS, "//div[@id="messageAlert"]/span[@aria-hidden="false"]", true): null

2018-08-22 15:20:04 - [TEST_STEP][PASSED] - waitForElementNotPresent: Web element with id: '' located by 'By.xpath: //div[@id="messageAlert"]/span[@aria-hidden="false"]' is not present after '30' second(s)

2018-08-22 15:20:05 - [MESSAGE][PASSED] - Web element with id: '' located by 'By.xpath: //div[@id="messageAlert"]/span[@aria-hidden="false"]' is not present after '30' second(s)

2018-08-22 15:20:05 - [TEST_STEP][PASSED] - Statement - flag = true: null

2018-08-22 15:20:05 - [TEST_STEP][PASSED] - Statement - If (driver.findElements(org.openqa.selenium.By.xpath("//div[@class="block-ui ng-binding"]/div[@class="md-dialog-container ng-scope"]")).size() > 0): null

2018-08-22 15:20:05 - [TEST_STEP][PASSED] - Statement - If (driver.findElements(org.openqa.selenium.By.xpath("//div[@class="loading-overlay"]")).size() > 0): null

2018-08-22 15:20:05 - [TEST_STEP][PASSED] - Statement - If (driver.findElements(org.openqa.selenium.By.xpath("//div[contains(@id,"wm-shoutout")]")).size() > 0): null

2018-08-22 15:20:05 - [TEST_STEP][PASSED] - Statement - If (driver.findElements(org.openqa.selenium.By.xpath("//md-dialog[@id="accept-term-pop"]")).size() > 0): null

2018-08-22 15:20:05 - [TEST_STEP][PASSED] - Statement - If (driver.findElements(org.openqa.selenium.By.xpath("//div[@class="cookie-navigation ng-scope"]")).size() > 0): null

2018-08-22 15:20:05 - [TEST_STEP][PASSED] - delay: Delayed 1 second(s)

2018-08-22 15:20:06 - [MESSAGE][PASSED] - Delayed 1 second(s)

2018-08-22 15:20:06 - [TEST_STEP][PASSED] - Statement - flag = false: null

2018-08-22 15:20:06 - [TEST_STEP][PASSED] - Statement - If (driver.findElements(org.openqa.selenium.By.xpath("//div[@id="messageAlert"]/span[@aria-hidden="false"]")).size() > 0): null

2018-08-22 15:20:06 - [TEST_STEP][PASSED] - Statement - If (driver.findElements(org.openqa.selenium.By.xpath("//div[@class="block-ui ng-binding"]/div[@class="md-dialog-container ng-scope"]")).size() > 0): null

2018-08-22 15:20:06 - [TEST_STEP][PASSED] - Statement - If (driver.findElements(org.openqa.selenium.By.xpath("//div[@class="loading-overlay"]")).size() > 0): null

2018-08-22 15:20:06 - [TEST_STEP][PASSED] - Statement - If (driver.findElements(org.openqa.selenium.By.xpath("//div[contains(@id,"wm-shoutout")]")).size() > 0): null

2018-08-22 15:20:06 - [TEST_STEP][PASSED] - Statement - If (driver.findElements(org.openqa.selenium.By.xpath("//md-dialog[@id="accept-term-pop"]")).size() > 0): null

2018-08-22 15:20:06 - [TEST_STEP][PASSED] - Statement - If (driver.findElements(org.openqa.selenium.By.xpath("//div[@class="cookie-navigation ng-scope"]")).size() > 0): null

2018-08-22 15:20:06 - [MESSAGE][PASSED] - Call Test Case 'Test Cases/Done/Commons/Waiting' successfully

2018-08-22 15:20:06 - [TEST_STEP][PASSED] - click: Object: 'Object Repository/Breadcrumbs/span_selected-program' is clicked on

2018-08-22 15:20:06 - [MESSAGE][PASSED] - Object: 'Object Repository/Breadcrumbs/span_selected-program' is clicked on

2018-08-22 15:20:06 - [TEST_STEP][PASSED] - callTestCase: Call Test Case 'Test Cases/Done/Commons/Waiting' successfully

2018-08-22 15:20:06 - [TEST_CASE][PASSED] - Test Cases/Done/Commons/Waiting: Test Cases/Done/Commons/Waiting

2018-08-22 15:20:06 - [TEST_STEP][PASSED] - Statement - driver = com.kms.katalon.core.webui.driver.DriverFactory.getWebDriver(): null

2018-08-22 15:20:06 - [TEST_STEP][PASSED] - Statement - flag = true: null

2018-08-22 15:20:06 - [TEST_STEP][PASSED] - Statement - While (flag == true): null

2018-08-22 15:20:06 - [TEST_STEP][PASSED] - delay: Delayed 1 second(s)

2018-08-22 15:20:07 - [MESSAGE][PASSED] - Delayed 1 second(s)

2018-08-22 15:20:07 - [TEST_STEP][PASSED] - Statement - flag = false: null

2018-08-22 15:20:07 - [TEST_STEP][PASSED] - Statement - If (driver.findElements(org.openqa.selenium.By.xpath("//div[@id="messageAlert"]/span[@aria-hidden="false"]")).size() > 0): null

2018-08-22 15:20:08 - [TEST_STEP][PASSED] - Statement - If (driver.findElements(org.openqa.selenium.By.xpath("//div[@class="block-ui ng-binding"]/div[@class="md-dialog-container ng-scope"]")).size() > 0): null

2018-08-22 15:20:08 - [TEST_STEP][PASSED] - Statement - If (driver.findElements(org.openqa.selenium.By.xpath("//div[@class="loading-overlay"]")).size() > 0): null

2018-08-22 15:20:08 - [TEST_STEP][PASSED] - Statement - If (driver.findElements(org.openqa.selenium.By.xpath("//div[contains(@id,"wm-shoutout")]")).size() > 0): null

2018-08-22 15:20:08 - [TEST_STEP][PASSED] - Statement - If (driver.findElements(org.openqa.selenium.By.xpath("//md-dialog[@id="accept-term-pop"]")).size() > 0): null

2018-08-22 15:20:08 - [TEST_STEP][PASSED] - Statement - If (driver.findElements(org.openqa.selenium.By.xpath("//div[@class="cookie-navigation ng-scope"]")).size() > 0): null

2018-08-22 15:20:08 - [MESSAGE][PASSED] - Call Test Case 'Test Cases/Done/Commons/Waiting' successfully

2018-08-22 15:20:08 - [TEST_STEP][PASSED] - click: Object: 'Object Repository/A Program Page/button_program-treedot' is clicked on

2018-08-22 15:20:09 - [MESSAGE][PASSED] - Object: 'Object Repository/A Program Page/button_program-treedot' is clicked on

2018-08-22 15:20:09 - [TEST_STEP][PASSED] - click: Object: 'Object Repository/A Program Page/button_Clone Program' is clicked on

2018-08-22 15:20:09 - [MESSAGE][PASSED] - Object: 'Object Repository/A Program Page/button_Clone Program' is clicked on

2018-08-22 15:20:09 - [TEST_STEP][PASSED] - callTestCase: Call Test Case 'Test Cases/Done/Commons/Waiting' successfully

2018-08-22 15:20:09 - [TEST_CASE][PASSED] - Test Cases/Done/Commons/Waiting: Test Cases/Done/Commons/Waiting

2018-08-22 15:20:09 - [TEST_STEP][PASSED] - Statement - driver = com.kms.katalon.core.webui.driver.DriverFactory.getWebDriver(): null

2018-08-22 15:20:09 - [TEST_STEP][PASSED] - Statement - flag = true: null

2018-08-22 15:20:09 - [TEST_STEP][PASSED] - Statement - While (flag == true): null

2018-08-22 15:20:09 - [TEST_STEP][PASSED] - delay: Delayed 1 second(s)

2018-08-22 15:20:10 - [MESSAGE][PASSED] - Delayed 1 second(s)

2018-08-22 15:20:10 - [TEST_STEP][PASSED] - Statement - flag = false: null

2018-08-22 15:20:10 - [TEST_STEP][PASSED] - Statement - If (driver.findElements(org.openqa.selenium.By.xpath("//div[@id="messageAlert"]/span[@aria-hidden="false"]")).size() > 0): null

2018-08-22 15:20:10 - [TEST_STEP][PASSED] - Statement - headerLoading = new com.kms.katalon.core.testobject.TestObject(): null

2018-08-22 15:20:10 - [TEST_STEP][PASSED] - Statement - headerLoading.addProperty("xpath", EQUALS, "//div[@id="messageAlert"]/span[@aria-hidden="false"]", true): null

2018-08-22 15:20:10 - [TEST_STEP][PASSED] - waitForElementNotPresent: Web element with id: '' located by 'By.xpath: //div[@id="messageAlert"]/span[@aria-hidden="false"]' is not present after '30' second(s)

2018-08-22 15:20:12 - [MESSAGE][PASSED] - Web element with id: '' located by 'By.xpath: //div[@id="messageAlert"]/span[@aria-hidden="false"]' is not present after '30' second(s)

2018-08-22 15:20:12 - [TEST_STEP][PASSED] - Statement - flag = true: null

2018-08-22 15:20:12 - [TEST_STEP][PASSED] - Statement - If (driver.findElements(org.openqa.selenium.By.xpath("//div[@class="block-ui ng-binding"]/div[@class="md-dialog-container ng-scope"]")).size() > 0): null

2018-08-22 15:20:12 - [TEST_STEP][PASSED] - Statement - If (driver.findElements(org.openqa.selenium.By.xpath("//div[@class="loading-overlay"]")).size() > 0): null

2018-08-22 15:20:12 - [TEST_STEP][PASSED] - Statement - If (driver.findElements(org.openqa.selenium.By.xpath("//div[contains(@id,"wm-shoutout")]")).size() > 0): null

2018-08-22 15:20:12 - [TEST_STEP][PASSED] - Statement - If (driver.findElements(org.openqa.selenium.By.xpath("//md-dialog[@id="accept-term-pop"]")).size() > 0): null

2018-08-22 15:20:12 - [TEST_STEP][PASSED] - Statement - If (driver.findElements(org.openqa.selenium.By.xpath("//div[@class="cookie-navigation ng-scope"]")).size() > 0): null

2018-08-22 15:20:13 - [TEST_STEP][PASSED] - delay: Delayed 1 second(s)

2018-08-22 15:20:14 - [MESSAGE][PASSED] - Delayed 1 second(s)

2018-08-22 15:20:14 - [TEST_STEP][PASSED] - Statement - flag = false: null

2018-08-22 15:20:14 - [TEST_STEP][PASSED] - Statement - If (driver.findElements(org.openqa.selenium.By.xpath("//div[@id="messageAlert"]/span[@aria-hidden="false"]")).size() > 0): null

2018-08-22 15:20:14 - [TEST_STEP][PASSED] - Statement - If (driver.findElements(org.openqa.selenium.By.xpath("//div[@class="block-ui ng-binding"]/div[@class="md-dialog-container ng-scope"]")).size() > 0): null

2018-08-22 15:20:14 - [TEST_STEP][PASSED] - Statement - If (driver.findElements(org.openqa.selenium.By.xpath("//div[@class="loading-overlay"]")).size() > 0): null

2018-08-22 15:20:14 - [TEST_STEP][PASSED] - Statement - If (driver.findElements(org.openqa.selenium.By.xpath("//div[contains(@id,"wm-shoutout")]")).size() > 0): null

2018-08-22 15:20:14 - [TEST_STEP][PASSED] - Statement - If (driver.findElements(org.openqa.selenium.By.xpath("//md-dialog[@id="accept-term-pop"]")).size() > 0): null

2018-08-22 15:20:14 - [TEST_STEP][PASSED] - Statement - If (driver.findElements(org.openqa.selenium.By.xpath("//div[@class="cookie-navigation ng-scope"]")).size() > 0): null

2018-08-22 15:20:14 - [MESSAGE][PASSED] - Call Test Case 'Test Cases/Done/Commons/Waiting' successfully

2018-08-22 15:20:14 - [TEST_STEP][PASSED] - delay: Delayed 7 second(s)

2018-08-22 15:20:21 - [MESSAGE][PASSED] - Delayed 7 second(s)

2018-08-22 15:20:21 - [TEST_STEP][PASSED] - callTestCase: Call Test Case 'Test Cases/Done/Commons/AssignAProgram' successfully

2018-08-22 15:20:21 - [TEST_CASE][PASSED] - Test Cases/Done/Commons/AssignAProgram: Test Cases/Done/Commons/AssignAProgram

2018-08-22 15:20:21 - [TEST_STEP][PASSED] - click: Object: 'Object Repository/A Program Page/a_Assign Training' is clicked on

2018-08-22 15:20:21 - [MESSAGE][PASSED] - Object: 'Object Repository/A Program Page/a_Assign Training' is clicked on

2018-08-22 15:20:21 - [TEST_STEP][PASSED] - waitForElementPresent: Object 'Object Repository/Assign A Program/md-dialog_program-assignment-popup' is present

2018-08-22 15:20:21 - [MESSAGE][PASSED] - Object 'Object Repository/Assign A Program/md-dialog_program-assignment-popup' is present

2018-08-22 15:20:21 - [TEST_STEP][PASSED] - Statement - If (com.kms.katalon.core.webui.keyword.WebUiBuiltInKeywords.verifyElementPresent(com.kms.katalon.core.testobject.ObjectRepository.findTestObject(Assign A Program/div_select-a-team), 2, CONTINUE_ON_FAILURE) == true): Object: 'Object Repository/Assign A Program/button_Next' is clicked on

2018-08-22 15:20:21 - [MESSAGE][PASSED] - Object 'Object Repository/Assign A Program/div_select-a-team' is present

2018-08-22 15:20:21 - [TEST_STEP][PASSED] - click: Object: 'Object Repository/Assign A Program/div_Team 250' is clicked on

2018-08-22 15:20:22 - [MESSAGE][PASSED] - Object: 'Object Repository/Assign A Program/div_Team 250' is clicked on

2018-08-22 15:20:22 - [TEST_STEP][PASSED] - click: Object: 'Object Repository/Assign A Program/button_Next' is clicked on

2018-08-22 15:20:22 - [MESSAGE][PASSED] - Object: 'Object Repository/Assign A Program/button_Next' is clicked on

2018-08-22 15:20:22 - [TEST_STEP][PASSED] - callTestCase: Call Test Case 'Test Cases/Done/Commons/Waiting' successfully

2018-08-22 15:20:22 - [TEST_CASE][PASSED] - Test Cases/Done/Commons/Waiting: Test Cases/Done/Commons/Waiting

2018-08-22 15:20:22 - [TEST_STEP][PASSED] - Statement - driver = com.kms.katalon.core.webui.driver.DriverFactory.getWebDriver(): null

2018-08-22 15:20:22 - [TEST_STEP][PASSED] - Statement - flag = true: null

2018-08-22 15:20:22 - [TEST_STEP][PASSED] - Statement - While (flag == true): null

2018-08-22 15:20:22 - [TEST_STEP][PASSED] - delay: Delayed 1 second(s)

2018-08-22 15:20:23 - [MESSAGE][PASSED] - Delayed 1 second(s)

2018-08-22 15:20:23 - [TEST_STEP][PASSED] - Statement - flag = false: null

2018-08-22 15:20:23 - [TEST_STEP][PASSED] - Statement - If (driver.findElements(org.openqa.selenium.By.xpath("//div[@id="messageAlert"]/span[@aria-hidden="false"]")).size() > 0): null

2018-08-22 15:20:23 - [TEST_STEP][PASSED] - Statement - If (driver.findElements(org.openqa.selenium.By.xpath("//div[@class="block-ui ng-binding"]/div[@class="md-dialog-container ng-scope"]")).size() > 0): null

2018-08-22 15:20:23 - [TEST_STEP][PASSED] - Statement - If (driver.findElements(org.openqa.selenium.By.xpath("//div[@class="loading-overlay"]")).size() > 0): null

2018-08-22 15:20:23 - [TEST_STEP][PASSED] - Statement - If (driver.findElements(org.openqa.selenium.By.xpath("//div[contains(@id,"wm-shoutout")]")).size() > 0): null

2018-08-22 15:20:23 - [TEST_STEP][PASSED] - Statement - If (driver.findElements(org.openqa.selenium.By.xpath("//md-dialog[@id="accept-term-pop"]")).size() > 0): null

2018-08-22 15:20:23 - [TEST_STEP][PASSED] - Statement - If (driver.findElements(org.openqa.selenium.By.xpath("//div[@class="cookie-navigation ng-scope"]")).size() > 0): null

2018-08-22 15:20:23 - [MESSAGE][PASSED] - Call Test Case 'Test Cases/Done/Commons/Waiting' successfully

2018-08-22 15:20:23 - [TEST_STEP][PASSED] - waitForElementPresent: Object 'Object Repository/Assign A Program/div_select-athletes' is present

2018-08-22 15:20:23 - [MESSAGE][PASSED] - Object 'Object Repository/Assign A Program/div_select-athletes' is present

2018-08-22 15:20:23 - [TEST_STEP][PASSED] - delay: Delayed 1 second(s)

2018-08-22 15:20:24 - [MESSAGE][PASSED] - Delayed 1 second(s)

2018-08-22 15:20:24 - [TEST_STEP][PASSED] - click: Object: 'Object Repository/Assign A Program/md-checkbox_select-all-athlete' is clicked on

2018-08-22 15:20:24 - [MESSAGE][PASSED] - Object: 'Object Repository/Assign A Program/md-checkbox_select-all-athlete' is clicked on

2018-08-22 15:20:24 - [TEST_STEP][PASSED] - delay: Delayed 1 second(s)

2018-08-22 15:20:25 - [MESSAGE][PASSED] - Delayed 1 second(s)

2018-08-22 15:20:25 - [TEST_STEP][PASSED] - click: Object: 'Object Repository/Assign A Program/button_Next' is clicked on

2018-08-22 15:20:26 - [MESSAGE][PASSED] - Object: 'Object Repository/Assign A Program/button_Next' is clicked on

2018-08-22 15:20:26 - [TEST_STEP][PASSED] - callTestCase: Call Test Case 'Test Cases/Done/Commons/Waiting' successfully

2018-08-22 15:20:26 - [TEST_CASE][PASSED] - Test Cases/Done/Commons/Waiting: Test Cases/Done/Commons/Waiting

2018-08-22 15:20:26 - [TEST_STEP][PASSED] - Statement - driver = com.kms.katalon.core.webui.driver.DriverFactory.getWebDriver(): null

2018-08-22 15:20:26 - [TEST_STEP][PASSED] - Statement - flag = true: null

2018-08-22 15:20:26 - [TEST_STEP][PASSED] - Statement - While (flag == true): null

2018-08-22 15:20:26 - [TEST_STEP][PASSED] - delay: Delayed 1 second(s)

2018-08-22 15:20:27 - [MESSAGE][PASSED] - Delayed 1 second(s)

2018-08-22 15:20:27 - [TEST_STEP][PASSED] - Statement - flag = false: null

2018-08-22 15:20:27 - [TEST_STEP][PASSED] - Statement - If (driver.findElements(org.openqa.selenium.By.xpath("//div[@id="messageAlert"]/span[@aria-hidden="false"]")).size() > 0): null

2018-08-22 15:20:27 - [TEST_STEP][PASSED] - Statement - If (driver.findElements(org.openqa.selenium.By.xpath("//div[@class="block-ui ng-binding"]/div[@class="md-dialog-container ng-scope"]")).size() > 0): null

2018-08-22 15:20:27 - [TEST_STEP][PASSED] - Statement - If (driver.findElements(org.openqa.selenium.By.xpath("//div[@class="loading-overlay"]")).size() > 0): null

2018-08-22 15:20:27 - [TEST_STEP][PASSED] - Statement - If (driver.findElements(org.openqa.selenium.By.xpath("//div[contains(@id,"wm-shoutout")]")).size() > 0): null

2018-08-22 15:20:27 - [TEST_STEP][PASSED] - Statement - If (driver.findElements(org.openqa.selenium.By.xpath("//md-dialog[@id="accept-term-pop"]")).size() > 0): null

2018-08-22 15:20:27 - [TEST_STEP][PASSED] - Statement - If (driver.findElements(org.openqa.selenium.By.xpath("//div[@class="cookie-navigation ng-scope"]")).size() > 0): null

2018-08-22 15:20:27 - [MESSAGE][PASSED] - Call Test Case 'Test Cases/Done/Commons/Waiting' successfully

2018-08-22 15:20:27 - [TEST_STEP][PASSED] - waitForElementPresent: Object 'Object Repository/Assign A Program/div_assign-calendar' is present

2018-08-22 15:20:27 - [MESSAGE][PASSED] - Object 'Object Repository/Assign A Program/div_assign-calendar' is present

2018-08-22 15:20:27 - [TEST_STEP][PASSED] - Statement - dayNumbers = java.lang.Integer.parseInt(com.kms.katalon.core.webui.keyword.WebUiBuiltInKeywords.getText(com.kms.katalon.core.testobject.ObjectRepository.findTestObject(Assign A Program/p_max-day-in-week)).substring(7, 8)): Text of object 'Object Repository/Assign A Program/p_max-day-in-week' is: 'Select 5 training days. Your program will occur on the days you select.'

2018-08-22 15:20:27 - [MESSAGE][PASSED] - Text of object 'Object Repository/Assign A Program/p_max-day-in-week' is: 'Select 5 training days. Your program will occur on the days you select.'

2018-08-22 15:20:27 - [TEST_STEP][PASSED] - delay: Delayed 1 second(s)

2018-08-22 15:20:28 - [MESSAGE][PASSED] - Delayed 1 second(s)

2018-08-22 15:20:28 - [TEST_STEP][PASSED] - com.bridgeathletic.random.selectRandomDay: com.bridgeathletic.random.selectRandomDay is PASSED

2018-08-22 15:20:29 - [MESSAGE][PASSED] - com.bridgeathletic.random.selectRandomDay is PASSED

2018-08-22 15:20:29 - [TEST_STEP][PASSED] - click: Object: 'Object Repository/Assign A Program/div_Today' is clicked on

2018-08-22 15:20:29 - [MESSAGE][PASSED] - Object: 'Object Repository/Assign A Program/div_Today' is clicked on

2018-08-22 15:20:29 - [TEST_STEP][PASSED] - delay: Delayed 1 second(s)

2018-08-22 15:20:30 - [MESSAGE][PASSED] - Delayed 1 second(s)

2018-08-22 15:20:30 - [TEST_STEP][PASSED] - click: Object: 'Object Repository/Assign A Program/button_Next' is clicked on

2018-08-22 15:20:30 - [MESSAGE][PASSED] - Object: 'Object Repository/Assign A Program/button_Next' is clicked on

2018-08-22 15:20:30 - [TEST_STEP][PASSED] - callTestCase: Call Test Case 'Test Cases/Done/Commons/Waiting' successfully

2018-08-22 15:20:30 - [TEST_CASE][PASSED] - Test Cases/Done/Commons/Waiting: Test Cases/Done/Commons/Waiting

2018-08-22 15:20:30 - [TEST_STEP][PASSED] - Statement - driver = com.kms.katalon.core.webui.driver.DriverFactory.getWebDriver(): null

2018-08-22 15:20:30 - [TEST_STEP][PASSED] - Statement - flag = true: null

2018-08-22 15:20:30 - [TEST_STEP][PASSED] - Statement - While (flag == true): null

2018-08-22 15:20:30 - [TEST_STEP][PASSED] - delay: Delayed 1 second(s)

2018-08-22 15:20:31 - [MESSAGE][PASSED] - Delayed 1 second(s)

2018-08-22 15:20:31 - [TEST_STEP][PASSED] - Statement - flag = false: null

2018-08-22 15:20:31 - [TEST_STEP][PASSED] - Statement - If (driver.findElements(org.openqa.selenium.By.xpath("//div[@id="messageAlert"]/span[@aria-hidden="false"]")).size() > 0): null

2018-08-22 15:20:31 - [TEST_STEP][PASSED] - Statement - If (driver.findElements(org.openqa.selenium.By.xpath("//div[@class="block-ui ng-binding"]/div[@class="md-dialog-container ng-scope"]")).size() > 0): null

2018-08-22 15:20:31 - [TEST_STEP][PASSED] - Statement - If (driver.findElements(org.openqa.selenium.By.xpath("//div[@class="loading-overlay"]")).size() > 0): null

2018-08-22 15:20:31 - [TEST_STEP][PASSED] - Statement - If (driver.findElements(org.openqa.selenium.By.xpath("//div[contains(@id,"wm-shoutout")]")).size() > 0): null

2018-08-22 15:20:31 - [TEST_STEP][PASSED] - Statement - If (driver.findElements(org.openqa.selenium.By.xpath("//md-dialog[@id="accept-term-pop"]")).size() > 0): null

2018-08-22 15:20:31 - [TEST_STEP][PASSED] - Statement - If (driver.findElements(org.openqa.selenium.By.xpath("//div[@class="cookie-navigation ng-scope"]")).size() > 0): null

2018-08-22 15:20:31 - [MESSAGE][PASSED] - Call Test Case 'Test Cases/Done/Commons/Waiting' successfully

2018-08-22 15:20:31 - [TEST_STEP][PASSED] - waitForElementPresent: Object 'Object Repository/Assign A Program/content_review' is present

2018-08-22 15:20:31 - [MESSAGE][PASSED] - Object 'Object Repository/Assign A Program/content_review' is present

2018-08-22 15:20:31 - [TEST_STEP][PASSED] - click: Object: 'Object Repository/Assign A Program/button_Assign Training' is clicked on

2018-08-22 15:20:32 - [MESSAGE][PASSED] - Object: 'Object Repository/Assign A Program/button_Assign Training' is clicked on

2018-08-22 15:20:32 - [TEST_STEP][PASSED] - callTestCase: Call Test Case 'Test Cases/Done/Commons/Waiting' successfully

2018-08-22 15:20:32 - [TEST_CASE][PASSED] - Test Cases/Done/Commons/Waiting: Test Cases/Done/Commons/Waiting

2018-08-22 15:20:32 - [TEST_STEP][PASSED] - Statement - driver = com.kms.katalon.core.webui.driver.DriverFactory.getWebDriver(): null

2018-08-22 15:20:32 - [TEST_STEP][PASSED] - Statement - flag = true: null

2018-08-22 15:20:32 - [TEST_STEP][PASSED] - Statement - While (flag == true): null

2018-08-22 15:20:32 - [TEST_STEP][PASSED] - delay: Delayed 1 second(s)

2018-08-22 15:20:33 - [MESSAGE][PASSED] - Delayed 1 second(s)

2018-08-22 15:20:33 - [TEST_STEP][PASSED] - Statement - flag = false: null

2018-08-22 15:20:33 - [TEST_STEP][PASSED] - Statement - If (driver.findElements(org.openqa.selenium.By.xpath("//div[@id="messageAlert"]/span[@aria-hidden="false"]")).size() > 0): null

2018-08-22 15:20:33 - [TEST_STEP][PASSED] - Statement - If (driver.findElements(org.openqa.selenium.By.xpath("//div[@class="block-ui ng-binding"]/div[@class="md-dialog-container ng-scope"]")).size() > 0): null

2018-08-22 15:20:33 - [TEST_STEP][PASSED] - Statement - If (driver.findElements(org.openqa.selenium.By.xpath("//div[@class="loading-overlay"]")).size() > 0): null

2018-08-22 15:20:33 - [TEST_STEP][PASSED] - Statement - If (driver.findElements(org.openqa.selenium.By.xpath("//div[contains(@id,"wm-shoutout")]")).size() > 0): null

2018-08-22 15:20:33 - [TEST_STEP][PASSED] - Statement - If (driver.findElements(org.openqa.selenium.By.xpath("//md-dialog[@id="accept-term-pop"]")).size() > 0): null

2018-08-22 15:20:33 - [TEST_STEP][PASSED] - Statement - If (driver.findElements(org.openqa.selenium.By.xpath("//div[@class="cookie-navigation ng-scope"]")).size() > 0): null

2018-08-22 15:20:33 - [MESSAGE][PASSED] - Call Test Case 'Test Cases/Done/Commons/Waiting' successfully

2018-08-22 15:20:33 - [TEST_STEP][PASSED] - Statement - If (com.kms.katalon.core.webui.keyword.WebUiBuiltInKeywords.verifyElementPresent(com.kms.katalon.core.testobject.ObjectRepository.findTestObject(Assign A Program/div_members-with-programs), 2, CONTINUE_ON_FAILURE) == true): Object: 'Object Repository/Assign A Program/button_Yes' is clicked on

2018-08-22 15:20:33 - [MESSAGE][PASSED] - Object 'Object Repository/Assign A Program/div_members-with-programs' is present

2018-08-22 15:20:33 - [TEST_STEP][PASSED] - click: Object: 'Object Repository/Assign A Program/button_Yes' is clicked on

2018-08-22 15:20:33 - [MESSAGE][PASSED] - Object: 'Object Repository/Assign A Program/button_Yes' is clicked on

2018-08-22 15:20:33 - [TEST_STEP][PASSED] - Statement - If (com.kms.katalon.core.webui.keyword.WebUiBuiltInKeywords.verifyElementPresent(com.kms.katalon.core.testobject.ObjectRepository.findTestObject(Assign A Program/div_super-admin-settings), 2, CONTINUE_ON_FAILURE) == true): Object: 'Object Repository/Assign A Program/button_Confirm Assign Training' is clicked on

2018-08-22 15:20:33 - [MESSAGE][PASSED] - Object 'Object Repository/Assign A Program/div_super-admin-settings' is present

2018-08-22 15:20:33 - [TEST_STEP][PASSED] - click: Object: 'Object Repository/Assign A Program/button_Confirm Assign Training' is clicked on

2018-08-22 15:20:33 - [MESSAGE][PASSED] - Object: 'Object Repository/Assign A Program/button_Confirm Assign Training' is clicked on

2018-08-22 15:20:33 - [TEST_STEP][PASSED] - callTestCase: Call Test Case 'Test Cases/Done/Commons/Waiting' successfully

2018-08-22 15:20:33 - [TEST_CASE][PASSED] - Test Cases/Done/Commons/Waiting: Test Cases/Done/Commons/Waiting

2018-08-22 15:20:33 - [TEST_STEP][PASSED] - Statement - driver = com.kms.katalon.core.webui.driver.DriverFactory.getWebDriver(): null

2018-08-22 15:20:33 - [TEST_STEP][PASSED] - Statement - flag = true: null

2018-08-22 15:20:33 - [TEST_STEP][PASSED] - Statement - While (flag == true): null

2018-08-22 15:20:33 - [TEST_STEP][PASSED] - delay: Delayed 1 second(s)

2018-08-22 15:20:34 - [MESSAGE][PASSED] - Delayed 1 second(s)

2018-08-22 15:20:34 - [TEST_STEP][PASSED] - Statement - flag = false: null

2018-08-22 15:20:34 - [TEST_STEP][PASSED] - Statement - If (driver.findElements(org.openqa.selenium.By.xpath("//div[@id="messageAlert"]/span[@aria-hidden="false"]")).size() > 0): null

2018-08-22 15:20:34 - [TEST_STEP][PASSED] - Statement - headerLoading = new com.kms.katalon.core.testobject.TestObject(): null

2018-08-22 15:20:34 - [TEST_STEP][PASSED] - Statement - headerLoading.addProperty("xpath", EQUALS, "//div[@id="messageAlert"]/span[@aria-hidden="false"]", true): null

2018-08-22 15:20:34 - [TEST_STEP][PASSED] - waitForElementNotPresent: Web element with id: '' located by 'By.xpath: //div[@id="messageAlert"]/span[@aria-hidden="false"]' is not present after '30' second(s)

2018-08-22 15:20:35 - [MESSAGE][PASSED] - Web element with id: '' located by 'By.xpath: //div[@id="messageAlert"]/span[@aria-hidden="false"]' is not present after '30' second(s)

2018-08-22 15:20:35 - [TEST_STEP][PASSED] - Statement - flag = true: null

2018-08-22 15:20:35 - [TEST_STEP][PASSED] - Statement - If (driver.findElements(org.openqa.selenium.By.xpath("//div[@class="block-ui ng-binding"]/div[@class="md-dialog-container ng-scope"]")).size() > 0): null

2018-08-22 15:20:35 - [TEST_STEP][PASSED] - Statement - If (driver.findElements(org.openqa.selenium.By.xpath("//div[@class="loading-overlay"]")).size() > 0): null

2018-08-22 15:20:35 - [TEST_STEP][PASSED] - Statement - If (driver.findElements(org.openqa.selenium.By.xpath("//div[contains(@id,"wm-shoutout")]")).size() > 0): null

2018-08-22 15:20:35 - [TEST_STEP][PASSED] - Statement - If (driver.findElements(org.openqa.selenium.By.xpath("//md-dialog[@id="accept-term-pop"]")).size() > 0): null

2018-08-22 15:20:35 - [TEST_STEP][PASSED] - Statement - If (driver.findElements(org.openqa.selenium.By.xpath("//div[@class="cookie-navigation ng-scope"]")).size() > 0): null

2018-08-22 15:20:35 - [TEST_STEP][PASSED] - delay: Delayed 1 second(s)

2018-08-22 15:20:36 - [MESSAGE][PASSED] - Delayed 1 second(s)

2018-08-22 15:20:36 - [TEST_STEP][PASSED] - Statement - flag = false: null

2018-08-22 15:20:36 - [TEST_STEP][PASSED] - Statement - If (driver.findElements(org.openqa.selenium.By.xpath("//div[@id="messageAlert"]/span[@aria-hidden="false"]")).size() > 0): null

2018-08-22 15:20:36 - [TEST_STEP][PASSED] - Statement - If (driver.findElements(org.openqa.selenium.By.xpath("//div[@class="block-ui ng-binding"]/div[@class="md-dialog-container ng-scope"]")).size() > 0): null

2018-08-22 15:20:36 - [TEST_STEP][PASSED] - Statement - If (driver.findElements(org.openqa.selenium.By.xpath("//div[@class="loading-overlay"]")).size() > 0): null

2018-08-22 15:20:36 - [TEST_STEP][PASSED] - Statement - If (driver.findElements(org.openqa.selenium.By.xpath("//div[contains(@id,"wm-shoutout")]")).size() > 0): null

2018-08-22 15:20:36 - [TEST_STEP][PASSED] - Statement - If (driver.findElements(org.openqa.selenium.By.xpath("//md-dialog[@id="accept-term-pop"]")).size() > 0): null

2018-08-22 15:20:36 - [TEST_STEP][PASSED] - Statement - If (driver.findElements(org.openqa.selenium.By.xpath("//div[@class="cookie-navigation ng-scope"]")).size() > 0): null

2018-08-22 15:20:36 - [MESSAGE][PASSED] - Call Test Case 'Test Cases/Done/Commons/Waiting' successfully

2018-08-22 15:20:36 - [TEST_STEP][PASSED] - waitForElementPresent: Object 'Object Repository/Assign A Program/md-dialog_confirm-popup-v1' is present

2018-08-22 15:20:36 - [MESSAGE][PASSED] - Object 'Object Repository/Assign A Program/md-dialog_confirm-popup-v1' is present

2018-08-22 15:20:36 - [TEST_STEP][PASSED] - callTestCase: Call Test Case 'Test Cases/Done/Commons/Waiting' successfully

2018-08-22 15:20:36 - [TEST_CASE][PASSED] - Test Cases/Done/Commons/Waiting: Test Cases/Done/Commons/Waiting

2018-08-22 15:20:36 - [TEST_STEP][PASSED] - Statement - driver = com.kms.katalon.core.webui.driver.DriverFactory.getWebDriver(): null

2018-08-22 15:20:36 - [TEST_STEP][PASSED] - Statement - flag = true: null

2018-08-22 15:20:36 - [TEST_STEP][PASSED] - Statement - While (flag == true): null

2018-08-22 15:20:36 - [TEST_STEP][PASSED] - delay: Delayed 1 second(s)

2018-08-22 15:20:37 - [MESSAGE][PASSED] - Delayed 1 second(s)

2018-08-22 15:20:37 - [TEST_STEP][PASSED] - Statement - flag = false: null

2018-08-22 15:20:37 - [TEST_STEP][PASSED] - Statement - If (driver.findElements(org.openqa.selenium.By.xpath("//div[@id="messageAlert"]/span[@aria-hidden="false"]")).size() > 0): null

2018-08-22 15:20:37 - [TEST_STEP][PASSED] - Statement - If (driver.findElements(org.openqa.selenium.By.xpath("//div[@class="block-ui ng-binding"]/div[@class="md-dialog-container ng-scope"]")).size() > 0): null

2018-08-22 15:20:37 - [TEST_STEP][PASSED] - Statement - If (driver.findElements(org.openqa.selenium.By.xpath("//div[@class="loading-overlay"]")).size() > 0): null

2018-08-22 15:20:38 - [TEST_STEP][PASSED] - Statement - If (driver.findElements(org.openqa.selenium.By.xpath("//div[contains(@id,"wm-shoutout")]")).size() > 0): null

2018-08-22 15:20:38 - [TEST_STEP][PASSED] - Statement - If (driver.findElements(org.openqa.selenium.By.xpath("//md-dialog[@id="accept-term-pop"]")).size() > 0): null

2018-08-22 15:20:38 - [TEST_STEP][PASSED] - Statement - If (driver.findElements(org.openqa.selenium.By.xpath("//div[@class="cookie-navigation ng-scope"]")).size() > 0): null

2018-08-22 15:20:38 - [MESSAGE][PASSED] - Call Test Case 'Test Cases/Done/Commons/Waiting' successfully

2018-08-22 15:20:38 - [TEST_STEP][PASSED] - click: Object: 'Object Repository/Assign A Program/button_OK' is clicked on

2018-08-22 15:20:38 - [MESSAGE][PASSED] - Object: 'Object Repository/Assign A Program/button_OK' is clicked on

2018-08-22 15:20:38 - [TEST_STEP][PASSED] - callTestCase: Call Test Case 'Test Cases/Done/Commons/Waiting' successfully

2018-08-22 15:20:38 - [TEST_CASE][PASSED] - Test Cases/Done/Commons/Waiting: Test Cases/Done/Commons/Waiting

2018-08-22 15:20:38 - [TEST_STEP][PASSED] - Statement - driver = com.kms.katalon.core.webui.driver.DriverFactory.getWebDriver(): null

2018-08-22 15:20:38 - [TEST_STEP][PASSED] - Statement - flag = true: null

2018-08-22 15:20:38 - [TEST_STEP][PASSED] - Statement - While (flag == true): null

2018-08-22 15:20:38 - [TEST_STEP][PASSED] - delay: Delayed 1 second(s)

2018-08-22 15:20:39 - [MESSAGE][PASSED] - Delayed 1 second(s)

2018-08-22 15:20:39 - [TEST_STEP][PASSED] - Statement - flag = false: null

2018-08-22 15:20:39 - [TEST_STEP][PASSED] - Statement - If (driver.findElements(org.openqa.selenium.By.xpath("//div[@id="messageAlert"]/span[@aria-hidden="false"]")).size() > 0): null

2018-08-22 15:20:39 - [TEST_STEP][PASSED] - Statement - If (driver.findElements(org.openqa.selenium.By.xpath("//div[@class="block-ui ng-binding"]/div[@class="md-dialog-container ng-scope"]")).size() > 0): null

2018-08-22 15:20:39 - [TEST_STEP][PASSED] - Statement - If (driver.findElements(org.openqa.selenium.By.xpath("//div[@class="loading-overlay"]")).size() > 0): null

2018-08-22 15:20:39 - [TEST_STEP][PASSED] - Statement - If (driver.findElements(org.openqa.selenium.By.xpath("//div[contains(@id,"wm-shoutout")]")).size() > 0): null

2018-08-22 15:20:39 - [TEST_STEP][PASSED] - Statement - If (driver.findElements(org.openqa.selenium.By.xpath("//md-dialog[@id="accept-term-pop"]")).size() > 0): null

2018-08-22 15:20:39 - [TEST_STEP][PASSED] - Statement - If (driver.findElements(org.openqa.selenium.By.xpath("//div[@class="cookie-navigation ng-scope"]")).size() > 0): null

2018-08-22 15:20:39 - [MESSAGE][PASSED] - Call Test Case 'Test Cases/Done/Commons/Waiting' successfully

2018-08-22 15:20:39 - [TEST_STEP][PASSED] - delay: Delayed 1 second(s)

2018-08-22 15:20:40 - [MESSAGE][PASSED] - Delayed 1 second(s)

2018-08-22 15:20:40 - [MESSAGE][PASSED] - Call Test Case 'Test Cases/Done/Commons/AssignAProgram' successfully

2018-08-22 15:20:40 - [TEST_STEP][PASSED] - Statement - editRandomPhaseObject = CustomKeywords.com.bridgeathletic.phase.getEditPhaseObjectByName(randomPhaseName): com.bridgeathletic.phase.getEditPhaseObjectByName is PASSED

2018-08-22 15:20:40 - [MESSAGE][PASSED] - com.bridgeathletic.phase.getEditPhaseObjectByName is PASSED

2018-08-22 15:20:40 - [TEST_STEP][PASSED] - click: Object: '' is clicked on

2018-08-22 15:20:40 - [MESSAGE][PASSED] - Object: '' is clicked on

2018-08-22 15:20:40 - [TEST_STEP][PASSED] - callTestCase: Call Test Case 'Test Cases/Done/Commons/Waiting' successfully

2018-08-22 15:20:40 - [TEST_CASE][PASSED] - Test Cases/Done/Commons/Waiting: Test Cases/Done/Commons/Waiting

2018-08-22 15:20:40 - [TEST_STEP][PASSED] - Statement - driver = com.kms.katalon.core.webui.driver.DriverFactory.getWebDriver(): null

2018-08-22 15:20:40 - [TEST_STEP][PASSED] - Statement - flag = true: null

2018-08-22 15:20:40 - [TEST_STEP][PASSED] - Statement - While (flag == true): null

2018-08-22 15:20:40 - [TEST_STEP][PASSED] - delay: Delayed 1 second(s)

2018-08-22 15:20:41 - [MESSAGE][PASSED] - Delayed 1 second(s)

2018-08-22 15:20:41 - [TEST_STEP][PASSED] - Statement - flag = false: null

2018-08-22 15:20:41 - [TEST_STEP][PASSED] - Statement - If (driver.findElements(org.openqa.selenium.By.xpath("//div[@id="messageAlert"]/span[@aria-hidden="false"]")).size() > 0): null

2018-08-22 15:20:41 - [TEST_STEP][PASSED] - Statement - headerLoading = new com.kms.katalon.core.testobject.TestObject(): null

2018-08-22 15:20:41 - [TEST_STEP][PASSED] - Statement - headerLoading.addProperty("xpath", EQUALS, "//div[@id="messageAlert"]/span[@aria-hidden="false"]", true): null

2018-08-22 15:20:41 - [TEST_STEP][PASSED] - waitForElementNotPresent: Web element with id: '' located by 'By.xpath: //div[@id="messageAlert"]/span[@aria-hidden="false"]' is not present after '30' second(s)

2018-08-22 15:20:44 - [MESSAGE][PASSED] - Web element with id: '' located by 'By.xpath: //div[@id="messageAlert"]/span[@aria-hidden="false"]' is not present after '30' second(s)

2018-08-22 15:20:44 - [TEST_STEP][PASSED] - Statement - flag = true: null

2018-08-22 15:20:44 - [TEST_STEP][PASSED] - Statement - If (driver.findElements(org.openqa.selenium.By.xpath("//div[@class="block-ui ng-binding"]/div[@class="md-dialog-container ng-scope"]")).size() > 0): null

2018-08-22 15:20:44 - [TEST_STEP][PASSED] - Statement - If (driver.findElements(org.openqa.selenium.By.xpath("//div[@class="loading-overlay"]")).size() > 0): null

2018-08-22 15:20:44 - [TEST_STEP][PASSED] - Statement - If (driver.findElements(org.openqa.selenium.By.xpath("//div[contains(@id,"wm-shoutout")]")).size() > 0): null

2018-08-22 15:20:44 - [TEST_STEP][PASSED] - Statement - If (driver.findElements(org.openqa.selenium.By.xpath("//md-dialog[@id="accept-term-pop"]")).size() > 0): null

2018-08-22 15:20:44 - [TEST_STEP][PASSED] - Statement - If (driver.findElements(org.openqa.selenium.By.xpath("//div[@class="cookie-navigation ng-scope"]")).size() > 0): null

2018-08-22 15:20:44 - [TEST_STEP][PASSED] - delay: Delayed 1 second(s)

2018-08-22 15:20:45 - [MESSAGE][PASSED] - Delayed 1 second(s)

2018-08-22 15:20:45 - [TEST_STEP][PASSED] - Statement - flag = false: null

2018-08-22 15:20:45 - [TEST_STEP][PASSED] - Statement - If (driver.findElements(org.openqa.selenium.By.xpath("//div[@id="messageAlert"]/span[@aria-hidden="false"]")).size() > 0): null

2018-08-22 15:20:45 - [TEST_STEP][PASSED] - Statement - If (driver.findElements(org.openqa.selenium.By.xpath("//div[@class="block-ui ng-binding"]/div[@class="md-dialog-container ng-scope"]")).size() > 0): null

2018-08-22 15:20:45 - [TEST_STEP][PASSED] - Statement - If (driver.findElements(org.openqa.selenium.By.xpath("//div[@class="loading-overlay"]")).size() > 0): null

2018-08-22 15:20:45 - [TEST_STEP][PASSED] - Statement - If (driver.findElements(org.openqa.selenium.By.xpath("//div[contains(@id,"wm-shoutout")]")).size() > 0): null

2018-08-22 15:20:45 - [TEST_STEP][PASSED] - Statement - If (driver.findElements(org.openqa.selenium.By.xpath("//md-dialog[@id="accept-term-pop"]")).size() > 0): null

2018-08-22 15:20:45 - [TEST_STEP][PASSED] - Statement - If (driver.findElements(org.openqa.selenium.By.xpath("//div[@class="cookie-navigation ng-scope"]")).size() > 0): null

2018-08-22 15:20:45 - [MESSAGE][PASSED] - Call Test Case 'Test Cases/Done/Commons/Waiting' successfully

2018-08-22 15:20:45 - [TEST_STEP][PASSED] - click: Object: 'Object Repository/A Program Page/i_clone-week' is clicked on

2018-08-22 15:20:45 - [MESSAGE][PASSED] - Object: 'Object Repository/A Program Page/i_clone-week' is clicked on

2018-08-22 15:20:45 - [TEST_STEP][PASSED] - callTestCase: Call Test Case 'Test Cases/Done/Commons/Waiting' successfully

2018-08-22 15:20:45 - [TEST_CASE][PASSED] - Test Cases/Done/Commons/Waiting: Test Cases/Done/Commons/Waiting

2018-08-22 15:20:45 - [TEST_STEP][PASSED] - Statement - driver = com.kms.katalon.core.webui.driver.DriverFactory.getWebDriver(): null

2018-08-22 15:20:45 - [TEST_STEP][PASSED] - Statement - flag = true: null

2018-08-22 15:20:45 - [TEST_STEP][PASSED] - Statement - While (flag == true): null

2018-08-22 15:20:45 - [TEST_STEP][PASSED] - delay: Delayed 1 second(s)

2018-08-22 15:20:46 - [MESSAGE][PASSED] - Delayed 1 second(s)

2018-08-22 15:20:46 - [TEST_STEP][PASSED] - Statement - flag = false: null

2018-08-22 15:20:46 - [TEST_STEP][PASSED] - Statement - If (driver.findElements(org.openqa.selenium.By.xpath("//div[@id="messageAlert"]/span[@aria-hidden="false"]")).size() > 0): null

2018-08-22 15:20:46 - [TEST_STEP][PASSED] - Statement - headerLoading = new com.kms.katalon.core.testobject.TestObject(): null

2018-08-22 15:20:46 - [TEST_STEP][PASSED] - Statement - headerLoading.addProperty("xpath", EQUALS, "//div[@id="messageAlert"]/span[@aria-hidden="false"]", true): null

2018-08-22 15:20:46 - [TEST_STEP][PASSED] - waitForElementNotPresent: Web element with id: '' located by 'By.xpath: //div[@id="messageAlert"]/span[@aria-hidden="false"]' is not present after '30' second(s)

2018-08-22 15:20:47 - [MESSAGE][PASSED] - Web element with id: '' located by 'By.xpath: //div[@id="messageAlert"]/span[@aria-hidden="false"]' is not present after '30' second(s)

2018-08-22 15:20:47 - [TEST_STEP][PASSED] - Statement - flag = true: null

2018-08-22 15:20:47 - [TEST_STEP][PASSED] - Statement - If (driver.findElements(org.openqa.selenium.By.xpath("//div[@class="block-ui ng-binding"]/div[@class="md-dialog-container ng-scope"]")).size() > 0): null

2018-08-22 15:20:47 - [TEST_STEP][PASSED] - Statement - If (driver.findElements(org.openqa.selenium.By.xpath("//div[@class="loading-overlay"]")).size() > 0): null

2018-08-22 15:20:47 - [TEST_STEP][PASSED] - Statement - If (driver.findElements(org.openqa.selenium.By.xpath("//div[contains(@id,"wm-shoutout")]")).size() > 0): null

2018-08-22 15:20:48 - [TEST_STEP][PASSED] - Statement - If (driver.findElements(org.openqa.selenium.By.xpath("//md-dialog[@id="accept-term-pop"]")).size() > 0): null

2018-08-22 15:20:48 - [TEST_STEP][PASSED] - Statement - If (driver.findElements(org.openqa.selenium.By.xpath("//div[@class="cookie-navigation ng-scope"]")).size() > 0): null

2018-08-22 15:20:48 - [TEST_STEP][PASSED] - delay: Delayed 1 second(s)

2018-08-22 15:20:49 - [MESSAGE][PASSED] - Delayed 1 second(s)

2018-08-22 15:20:49 - [TEST_STEP][PASSED] - Statement - flag = false: null

2018-08-22 15:20:49 - [TEST_STEP][PASSED] - Statement - If (driver.findElements(org.openqa.selenium.By.xpath("//div[@id="messageAlert"]/span[@aria-hidden="false"]")).size() > 0): null

2018-08-22 15:20:49 - [TEST_STEP][PASSED] - Statement - If (driver.findElements(org.openqa.selenium.By.xpath("//div[@class="block-ui ng-binding"]/div[@class="md-dialog-container ng-scope"]")).size() > 0): null

2018-08-22 15:20:49 - [TEST_STEP][PASSED] - Statement - If (driver.findElements(org.openqa.selenium.By.xpath("//div[@class="loading-overlay"]")).size() > 0): null

2018-08-22 15:20:49 - [TEST_STEP][PASSED] - Statement - If (driver.findElements(org.openqa.selenium.By.xpath("//div[contains(@id,"wm-shoutout")]")).size() > 0): null

2018-08-22 15:20:49 - [TEST_STEP][PASSED] - Statement - If (driver.findElements(org.openqa.selenium.By.xpath("//md-dialog[@id="accept-term-pop"]")).size() > 0): null

2018-08-22 15:20:49 - [TEST_STEP][PASSED] - Statement - If (driver.findElements(org.openqa.selenium.By.xpath("//div[@class="cookie-navigation ng-scope"]")).size() > 0): null

2018-08-22 15:20:49 - [MESSAGE][PASSED] - Call Test Case 'Test Cases/Done/Commons/Waiting' successfully

2018-08-22 15:20:49 - [TEST_STEP][PASSED] - Statement - If (com.kms.katalon.core.webui.keyword.WebUiBuiltInKeywords.verifyElementPresent(com.kms.katalon.core.testobject.ObjectRepository.findTestObject(A Program Page/md-dialog_first-change-dialog), 3, OPTIONAL)): Object: 'Object Repository/A Program Page/button_OK_first-change-dialog' is clicked on

2018-08-22 15:20:49 - [MESSAGE][PASSED] - Object 'Object Repository/A Program Page/md-dialog_first-change-dialog' is present

2018-08-22 15:20:49 - [TEST_STEP][PASSED] - click: Object: 'Object Repository/A Program Page/md-checkbox_first-change-dialog' is clicked on

2018-08-22 15:20:49 - [MESSAGE][PASSED] - Object: 'Object Repository/A Program Page/md-checkbox_first-change-dialog' is clicked on

2018-08-22 15:20:49 - [TEST_STEP][PASSED] - click: Object: 'Object Repository/A Program Page/button_OK_first-change-dialog' is clicked on

2018-08-22 15:20:49 - [MESSAGE][PASSED] - Object: 'Object Repository/A Program Page/button_OK_first-change-dialog' is clicked on

2018-08-22 15:20:49 - [TEST_STEP][PASSED] - callTestCase: Call Test Case 'Test Cases/Done/Commons/Waiting' successfully

2018-08-22 15:20:49 - [TEST_CASE][PASSED] - Test Cases/Done/Commons/Waiting: Test Cases/Done/Commons/Waiting

2018-08-22 15:20:49 - [TEST_STEP][PASSED] - Statement - driver = com.kms.katalon.core.webui.driver.DriverFactory.getWebDriver(): null

2018-08-22 15:20:49 - [TEST_STEP][PASSED] - Statement - flag = true: null

2018-08-22 15:20:49 - [TEST_STEP][PASSED] - Statement - While (flag == true): null

2018-08-22 15:20:49 - [TEST_STEP][PASSED] - delay: Delayed 1 second(s)

2018-08-22 15:20:50 - [MESSAGE][PASSED] - Delayed 1 second(s)

2018-08-22 15:20:50 - [TEST_STEP][PASSED] - Statement - flag = false: null

2018-08-22 15:20:50 - [TEST_STEP][PASSED] - Statement - If (driver.findElements(org.openqa.selenium.By.xpath("//div[@id="messageAlert"]/span[@aria-hidden="false"]")).size() > 0): null

2018-08-22 15:20:50 - [TEST_STEP][PASSED] - Statement - If (driver.findElements(org.openqa.selenium.By.xpath("//div[@class="block-ui ng-binding"]/div[@class="md-dialog-container ng-scope"]")).size() > 0): null

2018-08-22 15:20:50 - [TEST_STEP][PASSED] - Statement - If (driver.findElements(org.openqa.selenium.By.xpath("//div[@class="loading-overlay"]")).size() > 0): null

2018-08-22 15:20:50 - [TEST_STEP][PASSED] - Statement - If (driver.findElements(org.openqa.selenium.By.xpath("//div[contains(@id,"wm-shoutout")]")).size() > 0): null

2018-08-22 15:20:50 - [TEST_STEP][PASSED] - Statement - If (driver.findElements(org.openqa.selenium.By.xpath("//md-dialog[@id="accept-term-pop"]")).size() > 0): null

2018-08-22 15:20:50 - [TEST_STEP][PASSED] - Statement - If (driver.findElements(org.openqa.selenium.By.xpath("//div[@class="cookie-navigation ng-scope"]")).size() > 0): null

2018-08-22 15:20:50 - [MESSAGE][PASSED] - Call Test Case 'Test Cases/Done/Commons/Waiting' successfully

2018-08-22 15:20:50 - [TEST_STEP][PASSED] - click: Object: 'Object Repository/Phase Builder Page/button_DELIVER TO ATHLETES' is clicked on

2018-08-22 15:20:50 - [MESSAGE][PASSED] - Object: 'Object Repository/Phase Builder Page/button_DELIVER TO ATHLETES' is clicked on

2018-08-22 15:20:50 - [TEST_STEP][PASSED] - waitForElementPresent: Object 'Object Repository/A Program Page/alert-dialog-check' is present

2018-08-22 15:20:51 - [MESSAGE][PASSED] - Object 'Object Repository/A Program Page/alert-dialog-check' is present

2018-08-22 15:20:51 - [TEST_STEP][PASSED] - click: Object: 'Object Repository/A Program Page/dialog_button_Close' is clicked on

2018-08-22 15:20:51 - [MESSAGE][PASSED] - Object: 'Object Repository/A Program Page/dialog_button_Close' is clicked on

2018-08-22 15:20:51 - [TEST_STEP][PASSED] - sendRequest: Send request successfully

2018-08-22 15:20:53 - [MESSAGE][PASSED] - Send request successfully

2018-08-22 15:20:53 - [TEST_STEP][PASSED] - closeBrowser: Browser is closed

2018-08-22 15:20:54 - [MESSAGE][PASSED] - Browser is closed

2018-08-22 15:20:54 - [MESSAGE][PASSED] - Call Test Case 'Test Cases/Performance Test Case' successfully

2018-08-22 15:20:54 - [TEST_STEP][PASSED] - Statement - H = formatter.format(date): null

2018-08-22 15:20:54 - [TEST_STEP][PASSED] - Statement - println(H): null

2018-08-22 15:20:54 - [TEST_STEP][FAILED] - callTestCase: Unable to call Test Case with id 'Test Cases/Performance Test Case' (Root cause: Call Test Case 'Test Cases/Performance Test Case' failed because of error(s))

2018-08-22 15:20:54 - [TEST_CASE][ERROR] - Test Cases/Performance Test Case: Test Cases/Performance Test Case FAILED because (of) org.openqa.selenium.NoSuchSessionException: Session ID is null. Using WebDriver after calling quit()?
Build info: version: '3.7.1', revision: '8a0099a', time: '2017-11-06T21:07:36.161Z'
System info: host: 'DESKTOP-9K9SI5R', ip: '192.168.86.34', os.name: 'Windows 10', os.arch: 'amd64', os.version: '10.0', java.version: '1.8.0_102'
Driver info: driver.version: RemoteWebDriver

2018-08-22 15:20:54 - [TEST_STEP][PASSED] - callTestCase: Call Test Case 'Test Cases/Done/Commons/NavigateToApp' successfully

2018-08-22 15:20:54 - [TEST_CASE][PASSED] - Test Cases/Done/Commons/NavigateToApp: Test Cases/Done/Commons/NavigateToApp

2018-08-22 15:20:54 - [TEST_STEP][PASSED] - openBrowser: Browser is opened with url: ''

2018-08-22 15:20:56 - [MESSAGE][PASSED] - Browser is opened with url: ''

2018-08-22 15:20:56 - [TEST_STEP][PASSED] - maximizeWindow: Current window maximized

2018-08-22 15:20:57 - [MESSAGE][PASSED] - Current window maximized

2018-08-22 15:20:57 - [TEST_STEP][PASSED] - navigateToUrl: Navigate to 'http://stg.bridgeathletic.com/' successfully

2018-08-22 15:21:04 - [MESSAGE][PASSED] - Navigate to 'http://stg.bridgeathletic.com/' successfully

2018-08-22 15:21:04 - [MESSAGE][PASSED] - Call Test Case 'Test Cases/Done/Commons/NavigateToApp' successfully

2018-08-22 15:21:04 - [TEST_STEP][PASSED] - callTestCase: Call Test Case 'Test Cases/Done/Commons/Login' successfully

2018-08-22 15:21:04 - [TEST_CASE][PASSED] - Test Cases/Done/Commons/Login: Test Cases/Done/Commons/Login

2018-08-22 15:21:04 - [TEST_STEP][PASSED] - Statement - driver = com.kms.katalon.core.webui.driver.DriverFactory.getWebDriver(): null

2018-08-22 15:21:04 - [TEST_STEP][PASSED] - Statement - email = email: null

2018-08-22 15:21:04 - [TEST_STEP][PASSED] - Statement - password = password: null

2018-08-22 15:21:04 - [TEST_STEP][PASSED] - Statement - current_url = com.kms.katalon.core.webui.keyword.WebUiBuiltInKeywords.getUrl(): Current window's url is: 'http://stg.bridgeathletic.com/'

2018-08-22 15:21:04 - [MESSAGE][PASSED] - Current window's url is: 'http://stg.bridgeathletic.com/'

2018-08-22 15:21:04 - [TEST_STEP][PASSED] - Statement - If (com.kms.katalon.core.webui.keyword.WebUiBuiltInKeywords.verifyMatch(current_url, "http://stg.bridgeathletic.com/", false, OPTIONAL) == false): Actual text 'http://stg.bridgeathletic.com/' and expected text 'http://stg.bridgeathletic.com/' are matched 

2018-08-22 15:21:04 - [MESSAGE][PASSED] - Actual text 'http://stg.bridgeathletic.com/' and expected text 'http://stg.bridgeathletic.com/' are matched 

2018-08-22 15:21:04 - [TEST_STEP][PASSED] - click: Object: 'Object Repository/Home Page/a_Login' is clicked on

2018-08-22 15:21:06 - [MESSAGE][PASSED] - Object: 'Object Repository/Home Page/a_Login' is clicked on

2018-08-22 15:21:06 - [TEST_STEP][PASSED] - setText: Text 'test+assay2@bridgeathletic.com' is set on object 'Object Repository/Login Page/input_email'

2018-08-22 15:21:06 - [MESSAGE][PASSED] - Text 'test+assay2@bridgeathletic.com' is set on object 'Object Repository/Login Page/input_email'

2018-08-22 15:21:06 - [TEST_STEP][PASSED] - setText: Text '23456789' is set on object 'Object Repository/Login Page/input_password'

2018-08-22 15:21:07 - [MESSAGE][PASSED] - Text '23456789' is set on object 'Object Repository/Login Page/input_password'

2018-08-22 15:21:07 - [TEST_STEP][PASSED] - click: Object: 'Object Repository/Login Page/button_LOGIN' is clicked on

2018-08-22 15:21:10 - [MESSAGE][PASSED] - Object: 'Object Repository/Login Page/button_LOGIN' is clicked on

2018-08-22 15:21:10 - [TEST_STEP][PASSED] - waitForElementPresent: Object 'Object Repository/Header/div_user-details' is present

2018-08-22 15:21:12 - [MESSAGE][PASSED] - Object 'Object Repository/Header/div_user-details' is present

2018-08-22 15:21:12 - [TEST_STEP][PASSED] - Statement - If (driver.findElements(org.openqa.selenium.By.xpath("//button[@class="md-raised md-button md-default-theme"]")).size() > 0): Object: '' is clicked on

2018-08-22 15:21:12 - [TEST_STEP][PASSED] - Statement - reload = new com.kms.katalon.core.testobject.TestObject(): null

2018-08-22 15:21:12 - [TEST_STEP][PASSED] - Statement - reload.addProperty("xpath", EQUALS, "//button[@class="md-raised md-button md-default-theme"]", true): null

2018-08-22 15:21:12 - [TEST_STEP][PASSED] - click: Object: '' is clicked on

2018-08-22 15:21:14 - [MESSAGE][PASSED] - Object: '' is clicked on

2018-08-22 15:21:14 - [TEST_STEP][PASSED] - callTestCase: Call Test Case 'Test Cases/Done/Commons/Waiting' successfully

2018-08-22 15:21:14 - [TEST_CASE][PASSED] - Test Cases/Done/Commons/Waiting: Test Cases/Done/Commons/Waiting

2018-08-22 15:21:14 - [TEST_STEP][PASSED] - Statement - driver = com.kms.katalon.core.webui.driver.DriverFactory.getWebDriver(): null

2018-08-22 15:21:14 - [TEST_STEP][PASSED] - Statement - flag = true: null

2018-08-22 15:21:14 - [TEST_STEP][PASSED] - Statement - While (flag == true): null

2018-08-22 15:21:14 - [TEST_STEP][PASSED] - delay: Delayed 1 second(s)

2018-08-22 15:21:15 - [MESSAGE][PASSED] - Delayed 1 second(s)

2018-08-22 15:21:15 - [TEST_STEP][PASSED] - Statement - flag = false: null

2018-08-22 15:21:15 - [TEST_STEP][PASSED] - Statement - If (driver.findElements(org.openqa.selenium.By.xpath("//div[@id="messageAlert"]/span[@aria-hidden="false"]")).size() > 0): null

2018-08-22 15:21:15 - [TEST_STEP][PASSED] - Statement - If (driver.findElements(org.openqa.selenium.By.xpath("//div[@class="block-ui ng-binding"]/div[@class="md-dialog-container ng-scope"]")).size() > 0): null

2018-08-22 15:21:15 - [TEST_STEP][PASSED] - Statement - If (driver.findElements(org.openqa.selenium.By.xpath("//div[@class="loading-overlay"]")).size() > 0): null

2018-08-22 15:21:15 - [TEST_STEP][PASSED] - Statement - If (driver.findElements(org.openqa.selenium.By.xpath("//div[contains(@id,"wm-shoutout")]")).size() > 0): null

2018-08-22 15:21:15 - [TEST_STEP][PASSED] - Statement - If (driver.findElements(org.openqa.selenium.By.xpath("//md-dialog[@id="accept-term-pop"]")).size() > 0): null

2018-08-22 15:21:15 - [TEST_STEP][PASSED] - Statement - If (driver.findElements(org.openqa.selenium.By.xpath("//div[@class="cookie-navigation ng-scope"]")).size() > 0): null

2018-08-22 15:21:15 - [MESSAGE][PASSED] - Call Test Case 'Test Cases/Done/Commons/Waiting' successfully

2018-08-22 15:21:15 - [MESSAGE][PASSED] - Call Test Case 'Test Cases/Done/Commons/Login' successfully

2018-08-22 15:21:15 - [TEST_STEP][PASSED] - click: Object: 'Object Repository/Header/input_currentOrg' is clicked on

2018-08-22 15:21:16 - [MESSAGE][PASSED] - Object: 'Object Repository/Header/input_currentOrg' is clicked on

2018-08-22 15:21:16 - [TEST_STEP][PASSED] - click: Object: 'Object Repository/Header/a_Organization-2' is clicked on

2018-08-22 15:21:17 - [MESSAGE][PASSED] - Object: 'Object Repository/Header/a_Organization-2' is clicked on

2018-08-22 15:21:17 - [TEST_STEP][PASSED] - callTestCase: Call Test Case 'Test Cases/Done/Commons/Waiting' successfully

2018-08-22 15:21:17 - [TEST_CASE][PASSED] - Test Cases/Done/Commons/Waiting: Test Cases/Done/Commons/Waiting

2018-08-22 15:21:17 - [TEST_STEP][PASSED] - Statement - driver = com.kms.katalon.core.webui.driver.DriverFactory.getWebDriver(): null

2018-08-22 15:21:17 - [TEST_STEP][PASSED] - Statement - flag = true: null

2018-08-22 15:21:17 - [TEST_STEP][PASSED] - Statement - While (flag == true): null

2018-08-22 15:21:17 - [TEST_STEP][PASSED] - delay: Delayed 1 second(s)

2018-08-22 15:21:18 - [MESSAGE][PASSED] - Delayed 1 second(s)

2018-08-22 15:21:18 - [TEST_STEP][PASSED] - Statement - flag = false: null

2018-08-22 15:21:18 - [TEST_STEP][PASSED] - Statement - If (driver.findElements(org.openqa.selenium.By.xpath("//div[@id="messageAlert"]/span[@aria-hidden="false"]")).size() > 0): null

2018-08-22 15:21:18 - [TEST_STEP][PASSED] - Statement - headerLoading = new com.kms.katalon.core.testobject.TestObject(): null

2018-08-22 15:21:18 - [TEST_STEP][PASSED] - Statement - headerLoading.addProperty("xpath", EQUALS, "//div[@id="messageAlert"]/span[@aria-hidden="false"]", true): null

2018-08-22 15:21:18 - [TEST_STEP][PASSED] - waitForElementNotPresent: Web element with id: '' located by 'By.xpath: //div[@id="messageAlert"]/span[@aria-hidden="false"]' is not present after '30' second(s)

2018-08-22 15:21:21 - [MESSAGE][PASSED] - Web element with id: '' located by 'By.xpath: //div[@id="messageAlert"]/span[@aria-hidden="false"]' is not present after '30' second(s)

2018-08-22 15:21:21 - [TEST_STEP][PASSED] - Statement - flag = true: null

2018-08-22 15:21:21 - [TEST_STEP][PASSED] - Statement - If (driver.findElements(org.openqa.selenium.By.xpath("//div[@class="block-ui ng-binding"]/div[@class="md-dialog-container ng-scope"]")).size() > 0): null

2018-08-22 15:21:21 - [TEST_STEP][PASSED] - Statement - If (driver.findElements(org.openqa.selenium.By.xpath("//div[@class="loading-overlay"]")).size() > 0): null

2018-08-22 15:21:21 - [TEST_STEP][PASSED] - Statement - If (driver.findElements(org.openqa.selenium.By.xpath("//div[contains(@id,"wm-shoutout")]")).size() > 0): null

2018-08-22 15:21:21 - [TEST_STEP][PASSED] - Statement - If (driver.findElements(org.openqa.selenium.By.xpath("//md-dialog[@id="accept-term-pop"]")).size() > 0): null

2018-08-22 15:21:21 - [TEST_STEP][PASSED] - Statement - If (driver.findElements(org.openqa.selenium.By.xpath("//div[@class="cookie-navigation ng-scope"]")).size() > 0): null

2018-08-22 15:21:21 - [TEST_STEP][PASSED] - delay: Delayed 1 second(s)

2018-08-22 15:21:22 - [MESSAGE][PASSED] - Delayed 1 second(s)

2018-08-22 15:21:22 - [TEST_STEP][PASSED] - Statement - flag = false: null

2018-08-22 15:21:22 - [TEST_STEP][PASSED] - Statement - If (driver.findElements(org.openqa.selenium.By.xpath("//div[@id="messageAlert"]/span[@aria-hidden="false"]")).size() > 0): null

2018-08-22 15:21:22 - [TEST_STEP][PASSED] - Statement - If (driver.findElements(org.openqa.selenium.By.xpath("//div[@class="block-ui ng-binding"]/div[@class="md-dialog-container ng-scope"]")).size() > 0): null

2018-08-22 15:21:22 - [TEST_STEP][PASSED] - Statement - If (driver.findElements(org.openqa.selenium.By.xpath("//div[@class="loading-overlay"]")).size() > 0): null

2018-08-22 15:21:22 - [TEST_STEP][PASSED] - Statement - If (driver.findElements(org.openqa.selenium.By.xpath("//div[contains(@id,"wm-shoutout")]")).size() > 0): null

2018-08-22 15:21:22 - [TEST_STEP][PASSED] - Statement - If (driver.findElements(org.openqa.selenium.By.xpath("//md-dialog[@id="accept-term-pop"]")).size() > 0): null

2018-08-22 15:21:22 - [TEST_STEP][PASSED] - Statement - If (driver.findElements(org.openqa.selenium.By.xpath("//div[@class="cookie-navigation ng-scope"]")).size() > 0): null

2018-08-22 15:21:22 - [MESSAGE][PASSED] - Call Test Case 'Test Cases/Done/Commons/Waiting' successfully

2018-08-22 15:21:22 - [TEST_STEP][PASSED] - click: Object: 'Object Repository/Org Home Page/span_LIBRARY' is clicked on

2018-08-22 15:21:22 - [MESSAGE][PASSED] - Object: 'Object Repository/Org Home Page/span_LIBRARY' is clicked on

2018-08-22 15:21:22 - [TEST_STEP][PASSED] - callTestCase: Call Test Case 'Test Cases/Done/Commons/Waiting' successfully

2018-08-22 15:21:22 - [TEST_CASE][PASSED] - Test Cases/Done/Commons/Waiting: Test Cases/Done/Commons/Waiting

2018-08-22 15:21:22 - [TEST_STEP][PASSED] - Statement - driver = com.kms.katalon.core.webui.driver.DriverFactory.getWebDriver(): null

2018-08-22 15:21:22 - [TEST_STEP][PASSED] - Statement - flag = true: null

2018-08-22 15:21:22 - [TEST_STEP][PASSED] - Statement - While (flag == true): null

2018-08-22 15:21:22 - [TEST_STEP][PASSED] - delay: Delayed 1 second(s)

2018-08-22 15:21:23 - [MESSAGE][PASSED] - Delayed 1 second(s)

2018-08-22 15:21:23 - [TEST_STEP][PASSED] - Statement - flag = false: null

2018-08-22 15:21:23 - [TEST_STEP][PASSED] - Statement - If (driver.findElements(org.openqa.selenium.By.xpath("//div[@id="messageAlert"]/span[@aria-hidden="false"]")).size() > 0): null

2018-08-22 15:21:23 - [TEST_STEP][PASSED] - Statement - headerLoading = new com.kms.katalon.core.testobject.TestObject(): null

2018-08-22 15:21:23 - [TEST_STEP][PASSED] - Statement - headerLoading.addProperty("xpath", EQUALS, "//div[@id="messageAlert"]/span[@aria-hidden="false"]", true): null

2018-08-22 15:21:23 - [TEST_STEP][PASSED] - waitForElementNotPresent: Web element with id: '' located by 'By.xpath: //div[@id="messageAlert"]/span[@aria-hidden="false"]' is not present after '30' second(s)

2018-08-22 15:21:25 - [MESSAGE][PASSED] - Web element with id: '' located by 'By.xpath: //div[@id="messageAlert"]/span[@aria-hidden="false"]' is not present after '30' second(s)

2018-08-22 15:21:25 - [TEST_STEP][PASSED] - Statement - flag = true: null

2018-08-22 15:21:25 - [TEST_STEP][PASSED] - Statement - If (driver.findElements(org.openqa.selenium.By.xpath("//div[@class="block-ui ng-binding"]/div[@class="md-dialog-container ng-scope"]")).size() > 0): null

2018-08-22 15:21:25 - [TEST_STEP][PASSED] - Statement - If (driver.findElements(org.openqa.selenium.By.xpath("//div[@class="loading-overlay"]")).size() > 0): null

2018-08-22 15:21:25 - [TEST_STEP][PASSED] - Statement - If (driver.findElements(org.openqa.selenium.By.xpath("//div[contains(@id,"wm-shoutout")]")).size() > 0): null

2018-08-22 15:21:25 - [TEST_STEP][PASSED] - Statement - If (driver.findElements(org.openqa.selenium.By.xpath("//md-dialog[@id="accept-term-pop"]")).size() > 0): null

2018-08-22 15:21:25 - [TEST_STEP][PASSED] - Statement - If (driver.findElements(org.openqa.selenium.By.xpath("//div[@class="cookie-navigation ng-scope"]")).size() > 0): null

2018-08-22 15:21:25 - [TEST_STEP][PASSED] - delay: Delayed 1 second(s)

2018-08-22 15:21:26 - [MESSAGE][PASSED] - Delayed 1 second(s)

2018-08-22 15:21:26 - [TEST_STEP][PASSED] - Statement - flag = false: null

2018-08-22 15:21:26 - [TEST_STEP][PASSED] - Statement - If (driver.findElements(org.openqa.selenium.By.xpath("//div[@id="messageAlert"]/span[@aria-hidden="false"]")).size() > 0): null

2018-08-22 15:21:26 - [TEST_STEP][PASSED] - Statement - If (driver.findElements(org.openqa.selenium.By.xpath("//div[@class="block-ui ng-binding"]/div[@class="md-dialog-container ng-scope"]")).size() > 0): null

2018-08-22 15:21:26 - [TEST_STEP][PASSED] - Statement - If (driver.findElements(org.openqa.selenium.By.xpath("//div[@class="loading-overlay"]")).size() > 0): null

2018-08-22 15:21:26 - [TEST_STEP][PASSED] - Statement - If (driver.findElements(org.openqa.selenium.By.xpath("//div[contains(@id,"wm-shoutout")]")).size() > 0): null

2018-08-22 15:21:26 - [TEST_STEP][PASSED] - Statement - If (driver.findElements(org.openqa.selenium.By.xpath("//md-dialog[@id="accept-term-pop"]")).size() > 0): null

2018-08-22 15:21:26 - [TEST_STEP][PASSED] - Statement - If (driver.findElements(org.openqa.selenium.By.xpath("//div[@class="cookie-navigation ng-scope"]")).size() > 0): null

2018-08-22 15:21:26 - [MESSAGE][PASSED] - Call Test Case 'Test Cases/Done/Commons/Waiting' successfully

2018-08-22 15:21:26 - [TEST_STEP][PASSED] - click: Object: 'Object Repository/Library/button_New Program' is clicked on

2018-08-22 15:21:26 - [MESSAGE][PASSED] - Object: 'Object Repository/Library/button_New Program' is clicked on

2018-08-22 15:21:26 - [TEST_STEP][PASSED] - callTestCase: Call Test Case 'Test Cases/Done/Commons/Waiting' successfully

2018-08-22 15:21:26 - [TEST_CASE][PASSED] - Test Cases/Done/Commons/Waiting: Test Cases/Done/Commons/Waiting

2018-08-22 15:21:26 - [TEST_STEP][PASSED] - Statement - driver = com.kms.katalon.core.webui.driver.DriverFactory.getWebDriver(): null

2018-08-22 15:21:26 - [TEST_STEP][PASSED] - Statement - flag = true: null

2018-08-22 15:21:26 - [TEST_STEP][PASSED] - Statement - While (flag == true): null

2018-08-22 15:21:26 - [TEST_STEP][PASSED] - delay: Delayed 1 second(s)

2018-08-22 15:21:27 - [MESSAGE][PASSED] - Delayed 1 second(s)

2018-08-22 15:21:27 - [TEST_STEP][PASSED] - Statement - flag = false: null

2018-08-22 15:21:27 - [TEST_STEP][PASSED] - Statement - If (driver.findElements(org.openqa.selenium.By.xpath("//div[@id="messageAlert"]/span[@aria-hidden="false"]")).size() > 0): null

2018-08-22 15:21:28 - [TEST_STEP][PASSED] - Statement - If (driver.findElements(org.openqa.selenium.By.xpath("//div[@class="block-ui ng-binding"]/div[@class="md-dialog-container ng-scope"]")).size() > 0): null

2018-08-22 15:21:28 - [TEST_STEP][PASSED] - Statement - If (driver.findElements(org.openqa.selenium.By.xpath("//div[@class="loading-overlay"]")).size() > 0): null

2018-08-22 15:21:28 - [TEST_STEP][PASSED] - Statement - If (driver.findElements(org.openqa.selenium.By.xpath("//div[contains(@id,"wm-shoutout")]")).size() > 0): null

2018-08-22 15:21:28 - [TEST_STEP][PASSED] - Statement - If (driver.findElements(org.openqa.selenium.By.xpath("//md-dialog[@id="accept-term-pop"]")).size() > 0): null

2018-08-22 15:21:28 - [TEST_STEP][PASSED] - Statement - If (driver.findElements(org.openqa.selenium.By.xpath("//div[@class="cookie-navigation ng-scope"]")).size() > 0): null

2018-08-22 15:21:28 - [MESSAGE][PASSED] - Call Test Case 'Test Cases/Done/Commons/Waiting' successfully

2018-08-22 15:21:28 - [TEST_STEP][PASSED] - Statement - randomProgramName = CustomKeywords.com.bridgeathletic.random.getRandomName("Performance Program Name "): com.bridgeathletic.random.getRandomName is PASSED

2018-08-22 15:21:28 - [MESSAGE][PASSED] - com.bridgeathletic.random.getRandomName is PASSED

2018-08-22 15:21:28 - [TEST_STEP][PASSED] - setText: Text 'Performance Program Name Wed Aug 22 15:21:28 ICT 2018' is set on object 'Object Repository/A Program Page/input_new-program-name'

2018-08-22 15:21:29 - [MESSAGE][PASSED] - Text 'Performance Program Name Wed Aug 22 15:21:28 ICT 2018' is set on object 'Object Repository/A Program Page/input_new-program-name'

2018-08-22 15:21:29 - [TEST_STEP][PASSED] - Statement - randomProgramDescription = CustomKeywords.com.bridgeathletic.random.getRandomName("Performance Program Description "): com.bridgeathletic.random.getRandomName is PASSED

2018-08-22 15:21:29 - [MESSAGE][PASSED] - com.bridgeathletic.random.getRandomName is PASSED

2018-08-22 15:21:29 - [TEST_STEP][PASSED] - setText: Text 'Performance Program Description Wed Aug 22 15:21:29 ICT 2018' is set on object 'Object Repository/A Program Page/textarea_new-program-description'

2018-08-22 15:21:29 - [MESSAGE][PASSED] - Text 'Performance Program Description Wed Aug 22 15:21:29 ICT 2018' is set on object 'Object Repository/A Program Page/textarea_new-program-description'

2018-08-22 15:21:29 - [TEST_STEP][PASSED] - click: Object: 'Object Repository/A Program Page/button_add-program' is clicked on

2018-08-22 15:21:29 - [MESSAGE][PASSED] - Object: 'Object Repository/A Program Page/button_add-program' is clicked on

2018-08-22 15:21:29 - [TEST_STEP][PASSED] - waitForElementNotPresent: Web element with id: 'Object Repository/A Program Page/button_add-program' located by 'By.xpath: //button[@ng-click = "addProgram()"]' is not present after '30' second(s)

2018-08-22 15:21:34 - [MESSAGE][PASSED] - Web element with id: 'Object Repository/A Program Page/button_add-program' located by 'By.xpath: //button[@ng-click = "addProgram()"]' is not present after '30' second(s)

2018-08-22 15:21:34 - [TEST_STEP][PASSED] - callTestCase: Call Test Case 'Test Cases/Done/Commons/Waiting' successfully

2018-08-22 15:21:34 - [TEST_CASE][PASSED] - Test Cases/Done/Commons/Waiting: Test Cases/Done/Commons/Waiting

2018-08-22 15:21:34 - [TEST_STEP][PASSED] - Statement - driver = com.kms.katalon.core.webui.driver.DriverFactory.getWebDriver(): null

2018-08-22 15:21:34 - [TEST_STEP][PASSED] - Statement - flag = true: null

2018-08-22 15:21:34 - [TEST_STEP][PASSED] - Statement - While (flag == true): null

2018-08-22 15:21:34 - [TEST_STEP][PASSED] - delay: Delayed 1 second(s)

2018-08-22 15:21:35 - [MESSAGE][PASSED] - Delayed 1 second(s)

2018-08-22 15:21:35 - [TEST_STEP][PASSED] - Statement - flag = false: null

2018-08-22 15:21:35 - [TEST_STEP][PASSED] - Statement - If (driver.findElements(org.openqa.selenium.By.xpath("//div[@id="messageAlert"]/span[@aria-hidden="false"]")).size() > 0): null

2018-08-22 15:21:36 - [TEST_STEP][PASSED] - Statement - If (driver.findElements(org.openqa.selenium.By.xpath("//div[@class="block-ui ng-binding"]/div[@class="md-dialog-container ng-scope"]")).size() > 0): null

2018-08-22 15:21:36 - [TEST_STEP][PASSED] - Statement - If (driver.findElements(org.openqa.selenium.By.xpath("//div[@class="loading-overlay"]")).size() > 0): null

2018-08-22 15:21:36 - [TEST_STEP][PASSED] - Statement - If (driver.findElements(org.openqa.selenium.By.xpath("//div[contains(@id,"wm-shoutout")]")).size() > 0): null

2018-08-22 15:21:36 - [TEST_STEP][PASSED] - Statement - If (driver.findElements(org.openqa.selenium.By.xpath("//md-dialog[@id="accept-term-pop"]")).size() > 0): null

2018-08-22 15:21:36 - [TEST_STEP][PASSED] - Statement - If (driver.findElements(org.openqa.selenium.By.xpath("//div[@class="cookie-navigation ng-scope"]")).size() > 0): null

2018-08-22 15:21:36 - [MESSAGE][PASSED] - Call Test Case 'Test Cases/Done/Commons/Waiting' successfully

2018-08-22 15:21:36 - [TEST_STEP][PASSED] - click: Object: 'Object Repository/A Program Page/icon_Add Phase' is clicked on

2018-08-22 15:21:36 - [MESSAGE][PASSED] - Object: 'Object Repository/A Program Page/icon_Add Phase' is clicked on

2018-08-22 15:21:36 - [TEST_STEP][PASSED] - click: Object: 'Object Repository/A Program Page/a_Template Phase' is clicked on

2018-08-22 15:21:36 - [MESSAGE][PASSED] - Object: 'Object Repository/A Program Page/a_Template Phase' is clicked on

2018-08-22 15:21:36 - [TEST_STEP][PASSED] - callTestCase: Call Test Case 'Test Cases/Done/Commons/Waiting' successfully

2018-08-22 15:21:36 - [TEST_CASE][PASSED] - Test Cases/Done/Commons/Waiting: Test Cases/Done/Commons/Waiting

2018-08-22 15:21:36 - [TEST_STEP][PASSED] - Statement - driver = com.kms.katalon.core.webui.driver.DriverFactory.getWebDriver(): null

2018-08-22 15:21:36 - [TEST_STEP][PASSED] - Statement - flag = true: null

2018-08-22 15:21:36 - [TEST_STEP][PASSED] - Statement - While (flag == true): null

2018-08-22 15:21:36 - [TEST_STEP][PASSED] - delay: Delayed 1 second(s)

2018-08-22 15:21:37 - [MESSAGE][PASSED] - Delayed 1 second(s)

2018-08-22 15:21:37 - [TEST_STEP][PASSED] - Statement - flag = false: null

2018-08-22 15:21:37 - [TEST_STEP][PASSED] - Statement - If (driver.findElements(org.openqa.selenium.By.xpath("//div[@id="messageAlert"]/span[@aria-hidden="false"]")).size() > 0): null

2018-08-22 15:21:37 - [TEST_STEP][PASSED] - Statement - If (driver.findElements(org.openqa.selenium.By.xpath("//div[@class="block-ui ng-binding"]/div[@class="md-dialog-container ng-scope"]")).size() > 0): null

2018-08-22 15:21:37 - [TEST_STEP][PASSED] - Statement - If (driver.findElements(org.openqa.selenium.By.xpath("//div[@class="loading-overlay"]")).size() > 0): null

2018-08-22 15:21:37 - [TEST_STEP][PASSED] - Statement - If (driver.findElements(org.openqa.selenium.By.xpath("//div[contains(@id,"wm-shoutout")]")).size() > 0): null

2018-08-22 15:21:37 - [TEST_STEP][PASSED] - Statement - If (driver.findElements(org.openqa.selenium.By.xpath("//md-dialog[@id="accept-term-pop"]")).size() > 0): null

2018-08-22 15:21:37 - [TEST_STEP][PASSED] - Statement - If (driver.findElements(org.openqa.selenium.By.xpath("//div[@class="cookie-navigation ng-scope"]")).size() > 0): null

2018-08-22 15:21:37 - [MESSAGE][PASSED] - Call Test Case 'Test Cases/Done/Commons/Waiting' successfully

2018-08-22 15:21:37 - [TEST_STEP][PASSED] - Statement - rd = CustomKeywords.com.bridgeathletic.random.getRandomNumber(20): com.bridgeathletic.random.getRandomNumber is PASSED

2018-08-22 15:21:37 - [MESSAGE][PASSED] - com.bridgeathletic.random.getRandomNumber is PASSED

2018-08-22 15:21:37 - [TEST_STEP][PASSED] - Statement - randomSelectPhaseObject = new com.kms.katalon.core.testobject.TestObject(): null

2018-08-22 15:21:37 - [TEST_STEP][PASSED] - Statement - randomSelectPhaseObject.addProperty("xpath", EQUALS, "(//div[@ng-click="selectPhase(item)"])[" + rd + "]", true): null

2018-08-22 15:21:37 - [TEST_STEP][PASSED] - click: Object: '' is clicked on

2018-08-22 15:21:38 - [MESSAGE][PASSED] - Object: '' is clicked on

2018-08-22 15:21:38 - [TEST_STEP][PASSED] - delay: Delayed 1 second(s)

2018-08-22 15:21:39 - [MESSAGE][PASSED] - Delayed 1 second(s)

2018-08-22 15:21:39 - [TEST_STEP][PASSED] - click: Object: 'Object Repository/A Program Page/button_Insert' is clicked on

2018-08-22 15:21:39 - [MESSAGE][PASSED] - Object: 'Object Repository/A Program Page/button_Insert' is clicked on

2018-08-22 15:21:39 - [TEST_STEP][PASSED] - callTestCase: Call Test Case 'Test Cases/Done/Commons/Waiting' successfully

2018-08-22 15:21:39 - [TEST_CASE][PASSED] - Test Cases/Done/Commons/Waiting: Test Cases/Done/Commons/Waiting

2018-08-22 15:21:39 - [TEST_STEP][PASSED] - Statement - driver = com.kms.katalon.core.webui.driver.DriverFactory.getWebDriver(): null

2018-08-22 15:21:39 - [TEST_STEP][PASSED] - Statement - flag = true: null

2018-08-22 15:21:39 - [TEST_STEP][PASSED] - Statement - While (flag == true): null

2018-08-22 15:21:39 - [TEST_STEP][PASSED] - delay: Delayed 1 second(s)

2018-08-22 15:21:40 - [MESSAGE][PASSED] - Delayed 1 second(s)

2018-08-22 15:21:40 - [TEST_STEP][PASSED] - Statement - flag = false: null

2018-08-22 15:21:40 - [TEST_STEP][PASSED] - Statement - If (driver.findElements(org.openqa.selenium.By.xpath("//div[@id="messageAlert"]/span[@aria-hidden="false"]")).size() > 0): null

2018-08-22 15:21:40 - [TEST_STEP][PASSED] - Statement - headerLoading = new com.kms.katalon.core.testobject.TestObject(): null

2018-08-22 15:21:40 - [TEST_STEP][PASSED] - Statement - headerLoading.addProperty("xpath", EQUALS, "//div[@id="messageAlert"]/span[@aria-hidden="false"]", true): null

2018-08-22 15:21:40 - [TEST_STEP][PASSED] - waitForElementNotPresent: Web element with id: '' located by 'By.xpath: //div[@id="messageAlert"]/span[@aria-hidden="false"]' is not present after '30' second(s)

2018-08-22 15:21:41 - [MESSAGE][PASSED] - Web element with id: '' located by 'By.xpath: //div[@id="messageAlert"]/span[@aria-hidden="false"]' is not present after '30' second(s)

2018-08-22 15:21:41 - [TEST_STEP][PASSED] - Statement - flag = true: null

2018-08-22 15:21:41 - [TEST_STEP][PASSED] - Statement - If (driver.findElements(org.openqa.selenium.By.xpath("//div[@class="block-ui ng-binding"]/div[@class="md-dialog-container ng-scope"]")).size() > 0): null

2018-08-22 15:21:41 - [TEST_STEP][PASSED] - Statement - If (driver.findElements(org.openqa.selenium.By.xpath("//div[@class="loading-overlay"]")).size() > 0): null

2018-08-22 15:21:41 - [TEST_STEP][PASSED] - Statement - If (driver.findElements(org.openqa.selenium.By.xpath("//div[contains(@id,"wm-shoutout")]")).size() > 0): null

2018-08-22 15:21:41 - [TEST_STEP][PASSED] - Statement - If (driver.findElements(org.openqa.selenium.By.xpath("//md-dialog[@id="accept-term-pop"]")).size() > 0): null

2018-08-22 15:21:41 - [TEST_STEP][PASSED] - Statement - If (driver.findElements(org.openqa.selenium.By.xpath("//div[@class="cookie-navigation ng-scope"]")).size() > 0): null

2018-08-22 15:21:41 - [TEST_STEP][PASSED] - delay: Delayed 1 second(s)

2018-08-22 15:21:42 - [MESSAGE][PASSED] - Delayed 1 second(s)

2018-08-22 15:21:42 - [TEST_STEP][PASSED] - Statement - flag = false: null

2018-08-22 15:21:42 - [TEST_STEP][PASSED] - Statement - If (driver.findElements(org.openqa.selenium.By.xpath("//div[@id="messageAlert"]/span[@aria-hidden="false"]")).size() > 0): null

2018-08-22 15:21:42 - [TEST_STEP][PASSED] - Statement - If (driver.findElements(org.openqa.selenium.By.xpath("//div[@class="block-ui ng-binding"]/div[@class="md-dialog-container ng-scope"]")).size() > 0): null

2018-08-22 15:21:42 - [TEST_STEP][PASSED] - Statement - If (driver.findElements(org.openqa.selenium.By.xpath("//div[@class="loading-overlay"]")).size() > 0): null

2018-08-22 15:21:42 - [TEST_STEP][PASSED] - Statement - If (driver.findElements(org.openqa.selenium.By.xpath("//div[contains(@id,"wm-shoutout")]")).size() > 0): null

2018-08-22 15:21:42 - [TEST_STEP][PASSED] - Statement - If (driver.findElements(org.openqa.selenium.By.xpath("//md-dialog[@id="accept-term-pop"]")).size() > 0): null

2018-08-22 15:21:42 - [TEST_STEP][PASSED] - Statement - If (driver.findElements(org.openqa.selenium.By.xpath("//div[@class="cookie-navigation ng-scope"]")).size() > 0): null

2018-08-22 15:21:42 - [MESSAGE][PASSED] - Call Test Case 'Test Cases/Done/Commons/Waiting' successfully

2018-08-22 15:21:42 - [TEST_STEP][PASSED] - click: Object: 'Object Repository/A Program Page/icon_Add Phase' is clicked on

2018-08-22 15:21:42 - [MESSAGE][PASSED] - Object: 'Object Repository/A Program Page/icon_Add Phase' is clicked on

2018-08-22 15:21:42 - [TEST_STEP][PASSED] - click: Object: 'Object Repository/A Program Page/a_New Phase' is clicked on

2018-08-22 15:21:42 - [MESSAGE][PASSED] - Object: 'Object Repository/A Program Page/a_New Phase' is clicked on

2018-08-22 15:21:42 - [TEST_STEP][PASSED] - callTestCase: Call Test Case 'Test Cases/Done/Commons/Waiting' successfully

2018-08-22 15:21:42 - [TEST_CASE][PASSED] - Test Cases/Done/Commons/Waiting: Test Cases/Done/Commons/Waiting

2018-08-22 15:21:42 - [TEST_STEP][PASSED] - Statement - driver = com.kms.katalon.core.webui.driver.DriverFactory.getWebDriver(): null

2018-08-22 15:21:42 - [TEST_STEP][PASSED] - Statement - flag = true: null

2018-08-22 15:21:42 - [TEST_STEP][PASSED] - Statement - While (flag == true): null

2018-08-22 15:21:42 - [TEST_STEP][PASSED] - delay: Delayed 1 second(s)

2018-08-22 15:21:43 - [MESSAGE][PASSED] - Delayed 1 second(s)

2018-08-22 15:21:43 - [TEST_STEP][PASSED] - Statement - flag = false: null

2018-08-22 15:21:43 - [TEST_STEP][PASSED] - Statement - If (driver.findElements(org.openqa.selenium.By.xpath("//div[@id="messageAlert"]/span[@aria-hidden="false"]")).size() > 0): null

2018-08-22 15:21:43 - [TEST_STEP][PASSED] - Statement - If (driver.findElements(org.openqa.selenium.By.xpath("//div[@class="block-ui ng-binding"]/div[@class="md-dialog-container ng-scope"]")).size() > 0): null

2018-08-22 15:21:43 - [TEST_STEP][PASSED] - Statement - If (driver.findElements(org.openqa.selenium.By.xpath("//div[@class="loading-overlay"]")).size() > 0): null

2018-08-22 15:21:43 - [TEST_STEP][PASSED] - Statement - If (driver.findElements(org.openqa.selenium.By.xpath("//div[contains(@id,"wm-shoutout")]")).size() > 0): null

2018-08-22 15:21:43 - [TEST_STEP][PASSED] - Statement - If (driver.findElements(org.openqa.selenium.By.xpath("//md-dialog[@id="accept-term-pop"]")).size() > 0): null

2018-08-22 15:21:43 - [TEST_STEP][PASSED] - Statement - If (driver.findElements(org.openqa.selenium.By.xpath("//div[@class="cookie-navigation ng-scope"]")).size() > 0): null

2018-08-22 15:21:43 - [MESSAGE][PASSED] - Call Test Case 'Test Cases/Done/Commons/Waiting' successfully

2018-08-22 15:21:43 - [TEST_STEP][PASSED] - Statement - randomPhaseName = CustomKeywords.com.bridgeathletic.random.getRandomName("Performance Phase Name "): com.bridgeathletic.random.getRandomName is PASSED

2018-08-22 15:21:43 - [MESSAGE][PASSED] - com.bridgeathletic.random.getRandomName is PASSED

2018-08-22 15:21:43 - [TEST_STEP][PASSED] - setText: Text 'Performance Phase Name Wed Aug 22 15:21:43 ICT 2018' is set on object 'Object Repository/Phase Builder Page/input_phase-name'

2018-08-22 15:21:44 - [MESSAGE][PASSED] - Text 'Performance Phase Name Wed Aug 22 15:21:43 ICT 2018' is set on object 'Object Repository/Phase Builder Page/input_phase-name'

2018-08-22 15:21:44 - [TEST_STEP][PASSED] - click: Object: 'Object Repository/Phase Builder Page/button_Accept' is clicked on

2018-08-22 15:21:44 - [MESSAGE][PASSED] - Object: 'Object Repository/Phase Builder Page/button_Accept' is clicked on

2018-08-22 15:21:44 - [TEST_STEP][PASSED] - callTestCase: Call Test Case 'Test Cases/Done/Commons/Waiting' successfully

2018-08-22 15:21:44 - [TEST_CASE][PASSED] - Test Cases/Done/Commons/Waiting: Test Cases/Done/Commons/Waiting

2018-08-22 15:21:44 - [TEST_STEP][PASSED] - Statement - driver = com.kms.katalon.core.webui.driver.DriverFactory.getWebDriver(): null

2018-08-22 15:21:44 - [TEST_STEP][PASSED] - Statement - flag = true: null

2018-08-22 15:21:44 - [TEST_STEP][PASSED] - Statement - While (flag == true): null

2018-08-22 15:21:44 - [TEST_STEP][PASSED] - delay: Delayed 1 second(s)

2018-08-22 15:21:45 - [MESSAGE][PASSED] - Delayed 1 second(s)

2018-08-22 15:21:45 - [TEST_STEP][PASSED] - Statement - flag = false: null

2018-08-22 15:21:45 - [TEST_STEP][PASSED] - Statement - If (driver.findElements(org.openqa.selenium.By.xpath("//div[@id="messageAlert"]/span[@aria-hidden="false"]")).size() > 0): null

2018-08-22 15:21:45 - [TEST_STEP][PASSED] - Statement - If (driver.findElements(org.openqa.selenium.By.xpath("//div[@class="block-ui ng-binding"]/div[@class="md-dialog-container ng-scope"]")).size() > 0): null

2018-08-22 15:21:45 - [TEST_STEP][PASSED] - Statement - If (driver.findElements(org.openqa.selenium.By.xpath("//div[@class="loading-overlay"]")).size() > 0): null

2018-08-22 15:21:45 - [TEST_STEP][PASSED] - Statement - If (driver.findElements(org.openqa.selenium.By.xpath("//div[contains(@id,"wm-shoutout")]")).size() > 0): null

2018-08-22 15:21:45 - [TEST_STEP][PASSED] - Statement - If (driver.findElements(org.openqa.selenium.By.xpath("//md-dialog[@id="accept-term-pop"]")).size() > 0): null

2018-08-22 15:21:45 - [TEST_STEP][PASSED] - Statement - If (driver.findElements(org.openqa.selenium.By.xpath("//div[@class="cookie-navigation ng-scope"]")).size() > 0): null

2018-08-22 15:21:45 - [MESSAGE][PASSED] - Call Test Case 'Test Cases/Done/Commons/Waiting' successfully

2018-08-22 15:21:45 - [TEST_STEP][PASSED] - mouseOver: Object: 'Object Repository/Phase Builder Page/div_Add Block' is hovered

2018-08-22 15:21:47 - [MESSAGE][PASSED] - Object: 'Object Repository/Phase Builder Page/div_Add Block' is hovered

2018-08-22 15:21:47 - [TEST_STEP][PASSED] - click: Object: 'Object Repository/Phase Builder Page/div_Template' is clicked on

2018-08-22 15:21:47 - [MESSAGE][PASSED] - Object: 'Object Repository/Phase Builder Page/div_Template' is clicked on

2018-08-22 15:21:47 - [TEST_STEP][PASSED] - waitForElementVisible: Object 'Object Repository/Phase Builder Page/md-dialog_template-work-popup' is visible

2018-08-22 15:21:47 - [MESSAGE][PASSED] - Object 'Object Repository/Phase Builder Page/md-dialog_template-work-popup' is visible

2018-08-22 15:21:47 - [TEST_STEP][PASSED] - delay: Delayed 2 second(s)

2018-08-22 15:21:49 - [MESSAGE][PASSED] - Delayed 2 second(s)

2018-08-22 15:21:49 - [TEST_STEP][PASSED] - click: Object: 'Object Repository/Phase Builder Page/span_change-type-all' is clicked on

2018-08-22 15:21:49 - [MESSAGE][PASSED] - Object: 'Object Repository/Phase Builder Page/span_change-type-all' is clicked on

2018-08-22 15:21:49 - [TEST_STEP][PASSED] - waitForElementPresent: Object 'Object Repository/Phase Builder Page/li_template-phase' is present

2018-08-22 15:21:50 - [MESSAGE][PASSED] - Object 'Object Repository/Phase Builder Page/li_template-phase' is present

2018-08-22 15:21:50 - [TEST_STEP][PASSED] - delay: Delayed 1 second(s)

2018-08-22 15:21:51 - [MESSAGE][PASSED] - Delayed 1 second(s)

2018-08-22 15:21:51 - [TEST_STEP][PASSED] - Statement - templatePhaseNumbers = CustomKeywords.com.bridgeathletic.total.getItemSize("//div[@class="list-phase-popup"]/ul[1]/li[@class="ng-scope"]"): com.bridgeathletic.total.getItemSize is PASSED

2018-08-22 15:21:51 - [MESSAGE][PASSED] - com.bridgeathletic.total.getItemSize is PASSED

2018-08-22 15:21:51 - [TEST_STEP][PASSED] - Statement - rd = CustomKeywords.com.bridgeathletic.random.getRandomNumber(templatePhaseNumbers): com.bridgeathletic.random.getRandomNumber is PASSED

2018-08-22 15:21:51 - [MESSAGE][PASSED] - com.bridgeathletic.random.getRandomNumber is PASSED

2018-08-22 15:21:51 - [TEST_STEP][PASSED] - Statement - randomTemplatePhaseObject = new com.kms.katalon.core.testobject.TestObject(): null

2018-08-22 15:21:51 - [TEST_STEP][PASSED] - Statement - randomTemplatePhaseObject.addProperty("xpath", EQUALS, "//div[@class="list-phase-popup"]/ul[1]/li[@class="ng-scope"][" + rd + "]", true): null

2018-08-22 15:21:51 - [TEST_STEP][PASSED] - click: Object: '' is clicked on

2018-08-22 15:21:51 - [MESSAGE][PASSED] - Object: '' is clicked on

2018-08-22 15:21:51 - [TEST_STEP][PASSED] - callTestCase: Call Test Case 'Test Cases/Done/Commons/Waiting' successfully

2018-08-22 15:21:51 - [TEST_CASE][PASSED] - Test Cases/Done/Commons/Waiting: Test Cases/Done/Commons/Waiting

2018-08-22 15:21:51 - [TEST_STEP][PASSED] - Statement - driver = com.kms.katalon.core.webui.driver.DriverFactory.getWebDriver(): null

2018-08-22 15:21:51 - [TEST_STEP][PASSED] - Statement - flag = true: null

2018-08-22 15:21:51 - [TEST_STEP][PASSED] - Statement - While (flag == true): null

2018-08-22 15:21:51 - [TEST_STEP][PASSED] - delay: Delayed 1 second(s)

2018-08-22 15:21:52 - [MESSAGE][PASSED] - Delayed 1 second(s)

2018-08-22 15:21:52 - [TEST_STEP][PASSED] - Statement - flag = false: null

2018-08-22 15:21:52 - [TEST_STEP][PASSED] - Statement - If (driver.findElements(org.openqa.selenium.By.xpath("//div[@id="messageAlert"]/span[@aria-hidden="false"]")).size() > 0): null

2018-08-22 15:21:52 - [TEST_STEP][PASSED] - Statement - headerLoading = new com.kms.katalon.core.testobject.TestObject(): null

2018-08-22 15:21:52 - [TEST_STEP][PASSED] - Statement - headerLoading.addProperty("xpath", EQUALS, "//div[@id="messageAlert"]/span[@aria-hidden="false"]", true): null

2018-08-22 15:21:52 - [TEST_STEP][PASSED] - waitForElementNotPresent: Web element with id: '' located by 'By.xpath: //div[@id="messageAlert"]/span[@aria-hidden="false"]' is not present after '30' second(s)

2018-08-22 15:21:53 - [MESSAGE][PASSED] - Web element with id: '' located by 'By.xpath: //div[@id="messageAlert"]/span[@aria-hidden="false"]' is not present after '30' second(s)

2018-08-22 15:21:53 - [TEST_STEP][PASSED] - Statement - flag = true: null

2018-08-22 15:21:53 - [TEST_STEP][PASSED] - Statement - If (driver.findElements(org.openqa.selenium.By.xpath("//div[@class="block-ui ng-binding"]/div[@class="md-dialog-container ng-scope"]")).size() > 0): null

2018-08-22 15:21:53 - [TEST_STEP][PASSED] - Statement - If (driver.findElements(org.openqa.selenium.By.xpath("//div[@class="loading-overlay"]")).size() > 0): null

2018-08-22 15:21:53 - [TEST_STEP][PASSED] - Statement - If (driver.findElements(org.openqa.selenium.By.xpath("//div[contains(@id,"wm-shoutout")]")).size() > 0): null

2018-08-22 15:21:53 - [TEST_STEP][PASSED] - Statement - If (driver.findElements(org.openqa.selenium.By.xpath("//md-dialog[@id="accept-term-pop"]")).size() > 0): null

2018-08-22 15:21:53 - [TEST_STEP][PASSED] - Statement - If (driver.findElements(org.openqa.selenium.By.xpath("//div[@class="cookie-navigation ng-scope"]")).size() > 0): null

2018-08-22 15:21:54 - [TEST_STEP][PASSED] - delay: Delayed 1 second(s)

2018-08-22 15:21:55 - [MESSAGE][PASSED] - Delayed 1 second(s)

2018-08-22 15:21:55 - [TEST_STEP][PASSED] - Statement - flag = false: null

2018-08-22 15:21:55 - [TEST_STEP][PASSED] - Statement - If (driver.findElements(org.openqa.selenium.By.xpath("//div[@id="messageAlert"]/span[@aria-hidden="false"]")).size() > 0): null

2018-08-22 15:21:55 - [TEST_STEP][PASSED] - Statement - If (driver.findElements(org.openqa.selenium.By.xpath("//div[@class="block-ui ng-binding"]/div[@class="md-dialog-container ng-scope"]")).size() > 0): null

2018-08-22 15:21:55 - [TEST_STEP][PASSED] - Statement - If (driver.findElements(org.openqa.selenium.By.xpath("//div[@class="loading-overlay"]")).size() > 0): null

2018-08-22 15:21:55 - [TEST_STEP][PASSED] - Statement - If (driver.findElements(org.openqa.selenium.By.xpath("//div[contains(@id,"wm-shoutout")]")).size() > 0): null

2018-08-22 15:21:55 - [TEST_STEP][PASSED] - Statement - If (driver.findElements(org.openqa.selenium.By.xpath("//md-dialog[@id="accept-term-pop"]")).size() > 0): null

2018-08-22 15:21:55 - [TEST_STEP][PASSED] - Statement - If (driver.findElements(org.openqa.selenium.By.xpath("//div[@class="cookie-navigation ng-scope"]")).size() > 0): null

2018-08-22 15:21:55 - [MESSAGE][PASSED] - Call Test Case 'Test Cases/Done/Commons/Waiting' successfully

2018-08-22 15:21:55 - [TEST_STEP][PASSED] - click: Object: 'Object Repository/Breadcrumbs/span_selected-program' is clicked on

2018-08-22 15:21:55 - [MESSAGE][PASSED] - Object: 'Object Repository/Breadcrumbs/span_selected-program' is clicked on

2018-08-22 15:21:55 - [TEST_STEP][PASSED] - callTestCase: Call Test Case 'Test Cases/Done/Commons/Waiting' successfully

2018-08-22 15:21:55 - [TEST_CASE][PASSED] - Test Cases/Done/Commons/Waiting: Test Cases/Done/Commons/Waiting

2018-08-22 15:21:55 - [TEST_STEP][PASSED] - Statement - driver = com.kms.katalon.core.webui.driver.DriverFactory.getWebDriver(): null

2018-08-22 15:21:55 - [TEST_STEP][PASSED] - Statement - flag = true: null

2018-08-22 15:21:55 - [TEST_STEP][PASSED] - Statement - While (flag == true): null

2018-08-22 15:21:55 - [TEST_STEP][PASSED] - delay: Delayed 1 second(s)

2018-08-22 15:21:56 - [MESSAGE][PASSED] - Delayed 1 second(s)

2018-08-22 15:21:56 - [TEST_STEP][PASSED] - Statement - flag = false: null

2018-08-22 15:21:56 - [TEST_STEP][PASSED] - Statement - If (driver.findElements(org.openqa.selenium.By.xpath("//div[@id="messageAlert"]/span[@aria-hidden="false"]")).size() > 0): null

2018-08-22 15:21:58 - [TEST_STEP][PASSED] - Statement - If (driver.findElements(org.openqa.selenium.By.xpath("//div[@class="block-ui ng-binding"]/div[@class="md-dialog-container ng-scope"]")).size() > 0): null

2018-08-22 15:21:58 - [TEST_STEP][PASSED] - Statement - If (driver.findElements(org.openqa.selenium.By.xpath("//div[@class="loading-overlay"]")).size() > 0): null

2018-08-22 15:21:58 - [TEST_STEP][PASSED] - Statement - If (driver.findElements(org.openqa.selenium.By.xpath("//div[contains(@id,"wm-shoutout")]")).size() > 0): null

2018-08-22 15:21:58 - [TEST_STEP][PASSED] - Statement - If (driver.findElements(org.openqa.selenium.By.xpath("//md-dialog[@id="accept-term-pop"]")).size() > 0): null

2018-08-22 15:21:58 - [TEST_STEP][PASSED] - Statement - If (driver.findElements(org.openqa.selenium.By.xpath("//div[@class="cookie-navigation ng-scope"]")).size() > 0): null

2018-08-22 15:21:58 - [MESSAGE][PASSED] - Call Test Case 'Test Cases/Done/Commons/Waiting' successfully

2018-08-22 15:21:58 - [TEST_STEP][PASSED] - click: Object: 'Object Repository/A Program Page/button_program-treedot' is clicked on

2018-08-22 15:21:58 - [MESSAGE][PASSED] - Object: 'Object Repository/A Program Page/button_program-treedot' is clicked on

2018-08-22 15:21:58 - [TEST_STEP][PASSED] - click: Object: 'Object Repository/A Program Page/button_Clone Program' is clicked on

2018-08-22 15:21:58 - [MESSAGE][PASSED] - Object: 'Object Repository/A Program Page/button_Clone Program' is clicked on

2018-08-22 15:21:58 - [TEST_STEP][PASSED] - callTestCase: Call Test Case 'Test Cases/Done/Commons/Waiting' successfully

2018-08-22 15:21:58 - [TEST_CASE][PASSED] - Test Cases/Done/Commons/Waiting: Test Cases/Done/Commons/Waiting

2018-08-22 15:21:58 - [TEST_STEP][PASSED] - Statement - driver = com.kms.katalon.core.webui.driver.DriverFactory.getWebDriver(): null

2018-08-22 15:21:58 - [TEST_STEP][PASSED] - Statement - flag = true: null

2018-08-22 15:21:58 - [TEST_STEP][PASSED] - Statement - While (flag == true): null

2018-08-22 15:21:58 - [TEST_STEP][PASSED] - delay: Delayed 1 second(s)

2018-08-22 15:21:59 - [MESSAGE][PASSED] - Delayed 1 second(s)

2018-08-22 15:21:59 - [TEST_STEP][PASSED] - Statement - flag = false: null

2018-08-22 15:21:59 - [TEST_STEP][PASSED] - Statement - If (driver.findElements(org.openqa.selenium.By.xpath("//div[@id="messageAlert"]/span[@aria-hidden="false"]")).size() > 0): null

2018-08-22 15:21:59 - [TEST_STEP][PASSED] - Statement - headerLoading = new com.kms.katalon.core.testobject.TestObject(): null

2018-08-22 15:21:59 - [TEST_STEP][PASSED] - Statement - headerLoading.addProperty("xpath", EQUALS, "//div[@id="messageAlert"]/span[@aria-hidden="false"]", true): null

2018-08-22 15:21:59 - [TEST_STEP][PASSED] - waitForElementNotPresent: Web element with id: '' located by 'By.xpath: //div[@id="messageAlert"]/span[@aria-hidden="false"]' is not present after '30' second(s)

2018-08-22 15:22:01 - [MESSAGE][PASSED] - Web element with id: '' located by 'By.xpath: //div[@id="messageAlert"]/span[@aria-hidden="false"]' is not present after '30' second(s)

2018-08-22 15:22:01 - [TEST_STEP][PASSED] - Statement - flag = true: null

2018-08-22 15:22:01 - [TEST_STEP][PASSED] - Statement - If (driver.findElements(org.openqa.selenium.By.xpath("//div[@class="block-ui ng-binding"]/div[@class="md-dialog-container ng-scope"]")).size() > 0): null

2018-08-22 15:22:02 - [TEST_STEP][PASSED] - Statement - If (driver.findElements(org.openqa.selenium.By.xpath("//div[@class="loading-overlay"]")).size() > 0): null

2018-08-22 15:22:02 - [TEST_STEP][PASSED] - Statement - If (driver.findElements(org.openqa.selenium.By.xpath("//div[contains(@id,"wm-shoutout")]")).size() > 0): null

2018-08-22 15:22:02 - [TEST_STEP][PASSED] - Statement - If (driver.findElements(org.openqa.selenium.By.xpath("//md-dialog[@id="accept-term-pop"]")).size() > 0): null

2018-08-22 15:22:02 - [TEST_STEP][PASSED] - Statement - If (driver.findElements(org.openqa.selenium.By.xpath("//div[@class="cookie-navigation ng-scope"]")).size() > 0): null

2018-08-22 15:22:02 - [TEST_STEP][PASSED] - delay: Delayed 1 second(s)

2018-08-22 15:22:03 - [MESSAGE][PASSED] - Delayed 1 second(s)

2018-08-22 15:22:03 - [TEST_STEP][PASSED] - Statement - flag = false: null

2018-08-22 15:22:03 - [TEST_STEP][PASSED] - Statement - If (driver.findElements(org.openqa.selenium.By.xpath("//div[@id="messageAlert"]/span[@aria-hidden="false"]")).size() > 0): null

2018-08-22 15:22:03 - [TEST_STEP][PASSED] - Statement - If (driver.findElements(org.openqa.selenium.By.xpath("//div[@class="block-ui ng-binding"]/div[@class="md-dialog-container ng-scope"]")).size() > 0): null

2018-08-22 15:22:03 - [TEST_STEP][PASSED] - Statement - If (driver.findElements(org.openqa.selenium.By.xpath("//div[@class="loading-overlay"]")).size() > 0): null

2018-08-22 15:22:03 - [TEST_STEP][PASSED] - Statement - If (driver.findElements(org.openqa.selenium.By.xpath("//div[contains(@id,"wm-shoutout")]")).size() > 0): null

2018-08-22 15:22:03 - [TEST_STEP][PASSED] - Statement - If (driver.findElements(org.openqa.selenium.By.xpath("//md-dialog[@id="accept-term-pop"]")).size() > 0): null

2018-08-22 15:22:03 - [TEST_STEP][PASSED] - Statement - If (driver.findElements(org.openqa.selenium.By.xpath("//div[@class="cookie-navigation ng-scope"]")).size() > 0): null

2018-08-22 15:22:03 - [MESSAGE][PASSED] - Call Test Case 'Test Cases/Done/Commons/Waiting' successfully

2018-08-22 15:22:03 - [TEST_STEP][PASSED] - delay: Delayed 7 second(s)

2018-08-22 15:22:10 - [MESSAGE][PASSED] - Delayed 7 second(s)

2018-08-22 15:22:10 - [TEST_STEP][FAILED] - callTestCase: Unable to call Test Case with id 'Test Cases/Done/Commons/AssignAProgram' (Root cause: Call Test Case 'Test Cases/Done/Commons/AssignAProgram' failed because of error(s))

2018-08-22 15:22:10 - [TEST_CASE][ERROR] - Test Cases/Done/Commons/AssignAProgram: Test Cases/Done/Commons/AssignAProgram FAILED because (of) org.openqa.selenium.NoSuchSessionException: Session ID is null. Using WebDriver after calling quit()?
Build info: version: '3.7.1', revision: '8a0099a', time: '2017-11-06T21:07:36.161Z'
System info: host: 'DESKTOP-9K9SI5R', ip: '192.168.86.34', os.name: 'Windows 10', os.arch: 'amd64', os.version: '10.0', java.version: '1.8.0_102'
Driver info: driver.version: RemoteWebDriver

2018-08-22 15:22:10 - [TEST_STEP][PASSED] - click: Object: 'Object Repository/A Program Page/a_Assign Training' is clicked on

2018-08-22 15:22:11 - [MESSAGE][PASSED] - Object: 'Object Repository/A Program Page/a_Assign Training' is clicked on

2018-08-22 15:22:11 - [TEST_STEP][PASSED] - waitForElementPresent: Object 'Object Repository/Assign A Program/md-dialog_program-assignment-popup' is present

2018-08-22 15:22:11 - [MESSAGE][PASSED] - Object 'Object Repository/Assign A Program/md-dialog_program-assignment-popup' is present

2018-08-22 15:22:11 - [TEST_STEP][PASSED] - Statement - If (com.kms.katalon.core.webui.keyword.WebUiBuiltInKeywords.verifyElementPresent(com.kms.katalon.core.testobject.ObjectRepository.findTestObject(Assign A Program/div_select-a-team), 2, CONTINUE_ON_FAILURE) == true): Object: 'Object Repository/Assign A Program/button_Next' is clicked on

2018-08-22 15:22:11 - [MESSAGE][PASSED] - Object 'Object Repository/Assign A Program/div_select-a-team' is present

2018-08-22 15:22:11 - [TEST_STEP][PASSED] - click: Object: 'Object Repository/Assign A Program/div_Team 250' is clicked on

2018-08-22 15:22:11 - [MESSAGE][PASSED] - Object: 'Object Repository/Assign A Program/div_Team 250' is clicked on

2018-08-22 15:22:11 - [TEST_STEP][PASSED] - click: Object: 'Object Repository/Assign A Program/button_Next' is clicked on

2018-08-22 15:22:11 - [MESSAGE][PASSED] - Object: 'Object Repository/Assign A Program/button_Next' is clicked on

2018-08-22 15:22:11 - [TEST_STEP][PASSED] - callTestCase: Call Test Case 'Test Cases/Done/Commons/Waiting' successfully

2018-08-22 15:22:11 - [TEST_CASE][PASSED] - Test Cases/Done/Commons/Waiting: Test Cases/Done/Commons/Waiting

2018-08-22 15:22:11 - [TEST_STEP][PASSED] - Statement - driver = com.kms.katalon.core.webui.driver.DriverFactory.getWebDriver(): null

2018-08-22 15:22:11 - [TEST_STEP][PASSED] - Statement - flag = true: null

2018-08-22 15:22:11 - [TEST_STEP][PASSED] - Statement - While (flag == true): null

2018-08-22 15:22:11 - [TEST_STEP][PASSED] - delay: Delayed 1 second(s)

2018-08-22 15:22:12 - [MESSAGE][PASSED] - Delayed 1 second(s)

2018-08-22 15:22:12 - [TEST_STEP][PASSED] - Statement - flag = false: null

2018-08-22 15:22:12 - [TEST_STEP][PASSED] - Statement - If (driver.findElements(org.openqa.selenium.By.xpath("//div[@id="messageAlert"]/span[@aria-hidden="false"]")).size() > 0): null

2018-08-22 15:22:12 - [TEST_STEP][PASSED] - Statement - If (driver.findElements(org.openqa.selenium.By.xpath("//div[@class="block-ui ng-binding"]/div[@class="md-dialog-container ng-scope"]")).size() > 0): null

2018-08-22 15:22:12 - [TEST_STEP][PASSED] - Statement - If (driver.findElements(org.openqa.selenium.By.xpath("//div[@class="loading-overlay"]")).size() > 0): null

2018-08-22 15:22:12 - [TEST_STEP][PASSED] - Statement - If (driver.findElements(org.openqa.selenium.By.xpath("//div[contains(@id,"wm-shoutout")]")).size() > 0): null

2018-08-22 15:22:12 - [TEST_STEP][PASSED] - Statement - If (driver.findElements(org.openqa.selenium.By.xpath("//md-dialog[@id="accept-term-pop"]")).size() > 0): null

2018-08-22 15:22:12 - [TEST_STEP][PASSED] - Statement - If (driver.findElements(org.openqa.selenium.By.xpath("//div[@class="cookie-navigation ng-scope"]")).size() > 0): null

2018-08-22 15:22:12 - [MESSAGE][PASSED] - Call Test Case 'Test Cases/Done/Commons/Waiting' successfully

2018-08-22 15:22:12 - [TEST_STEP][PASSED] - waitForElementPresent: Object 'Object Repository/Assign A Program/div_select-athletes' is present

2018-08-22 15:22:13 - [MESSAGE][PASSED] - Object 'Object Repository/Assign A Program/div_select-athletes' is present

2018-08-22 15:22:13 - [TEST_STEP][PASSED] - delay: Delayed 1 second(s)

2018-08-22 15:22:14 - [MESSAGE][PASSED] - Delayed 1 second(s)

2018-08-22 15:22:14 - [TEST_STEP][PASSED] - click: Object: 'Object Repository/Assign A Program/md-checkbox_select-all-athlete' is clicked on

2018-08-22 15:22:14 - [MESSAGE][PASSED] - Object: 'Object Repository/Assign A Program/md-checkbox_select-all-athlete' is clicked on

2018-08-22 15:22:14 - [TEST_STEP][PASSED] - delay: Delayed 1 second(s)

2018-08-22 15:22:15 - [MESSAGE][PASSED] - Delayed 1 second(s)

2018-08-22 15:22:15 - [TEST_STEP][PASSED] - click: Object: 'Object Repository/Assign A Program/button_Next' is clicked on

2018-08-22 15:22:15 - [MESSAGE][PASSED] - Object: 'Object Repository/Assign A Program/button_Next' is clicked on

2018-08-22 15:22:15 - [TEST_STEP][PASSED] - callTestCase: Call Test Case 'Test Cases/Done/Commons/Waiting' successfully

2018-08-22 15:22:15 - [TEST_CASE][PASSED] - Test Cases/Done/Commons/Waiting: Test Cases/Done/Commons/Waiting

2018-08-22 15:22:15 - [TEST_STEP][PASSED] - Statement - driver = com.kms.katalon.core.webui.driver.DriverFactory.getWebDriver(): null

2018-08-22 15:22:15 - [TEST_STEP][PASSED] - Statement - flag = true: null

2018-08-22 15:22:15 - [TEST_STEP][PASSED] - Statement - While (flag == true): null

2018-08-22 15:22:15 - [TEST_STEP][PASSED] - delay: Delayed 1 second(s)

2018-08-22 15:22:16 - [MESSAGE][PASSED] - Delayed 1 second(s)

2018-08-22 15:22:16 - [TEST_STEP][PASSED] - Statement - flag = false: null

2018-08-22 15:22:16 - [TEST_STEP][PASSED] - Statement - If (driver.findElements(org.openqa.selenium.By.xpath("//div[@id="messageAlert"]/span[@aria-hidden="false"]")).size() > 0): null

2018-08-22 15:22:16 - [TEST_STEP][PASSED] - Statement - If (driver.findElements(org.openqa.selenium.By.xpath("//div[@class="block-ui ng-binding"]/div[@class="md-dialog-container ng-scope"]")).size() > 0): null

2018-08-22 15:22:16 - [TEST_STEP][PASSED] - Statement - If (driver.findElements(org.openqa.selenium.By.xpath("//div[@class="loading-overlay"]")).size() > 0): null

2018-08-22 15:22:16 - [TEST_STEP][PASSED] - Statement - If (driver.findElements(org.openqa.selenium.By.xpath("//div[contains(@id,"wm-shoutout")]")).size() > 0): null

2018-08-22 15:22:16 - [TEST_STEP][PASSED] - Statement - If (driver.findElements(org.openqa.selenium.By.xpath("//md-dialog[@id="accept-term-pop"]")).size() > 0): null

2018-08-22 15:22:16 - [TEST_STEP][PASSED] - Statement - If (driver.findElements(org.openqa.selenium.By.xpath("//div[@class="cookie-navigation ng-scope"]")).size() > 0): null

2018-08-22 15:22:16 - [MESSAGE][PASSED] - Call Test Case 'Test Cases/Done/Commons/Waiting' successfully

2018-08-22 15:22:16 - [TEST_STEP][PASSED] - waitForElementPresent: Object 'Object Repository/Assign A Program/div_assign-calendar' is present

2018-08-22 15:22:16 - [MESSAGE][PASSED] - Object 'Object Repository/Assign A Program/div_assign-calendar' is present

2018-08-22 15:22:16 - [TEST_STEP][PASSED] - Statement - dayNumbers = java.lang.Integer.parseInt(com.kms.katalon.core.webui.keyword.WebUiBuiltInKeywords.getText(com.kms.katalon.core.testobject.ObjectRepository.findTestObject(Assign A Program/p_max-day-in-week)).substring(7, 8)): Text of object 'Object Repository/Assign A Program/p_max-day-in-week' is: 'Select 3 training days. Your program will occur on the days you select.'

2018-08-22 15:22:16 - [MESSAGE][PASSED] - Text of object 'Object Repository/Assign A Program/p_max-day-in-week' is: 'Select 3 training days. Your program will occur on the days you select.'

2018-08-22 15:22:16 - [TEST_STEP][PASSED] - delay: Delayed 1 second(s)

2018-08-22 15:22:17 - [MESSAGE][PASSED] - Delayed 1 second(s)

2018-08-22 15:22:17 - [TEST_STEP][ERROR] - com.bridgeathletic.random.selectRandomDay: Session ID is null. Using WebDriver after calling quit()?
Build info: version: '3.7.1', revision: '8a0099a', time: '2017-11-06T21:07:36.161Z'
System info: host: 'DESKTOP-9K9SI5R', ip: '192.168.86.34', os.name: 'Windows 10', os.arch: 'amd64', os.version: '10.0', java.version: '1.8.0_102'
Driver info: driver.version: RemoteWebDriver

2018-08-22 15:22:17 - [MESSAGE][ERROR] - Session ID is null. Using WebDriver after calling quit()?
Build info: version: '3.7.1', revision: '8a0099a', time: '2017-11-06T21:07:36.161Z'
System info: host: 'DESKTOP-9K9SI5R', ip: '192.168.86.34', os.name: 'Windows 10', os.arch: 'amd64', os.version: '10.0', java.version: '1.8.0_102'
Driver info: driver.version: RemoteWebDriver

2018-08-22 15:22:17 - [MESSAGE][FAILED] - Unable to call Test Case with id 'Test Cases/Done/Commons/AssignAProgram' (Root cause: Call Test Case 'Test Cases/Done/Commons/AssignAProgram' failed because of error(s))

2018-08-22 15:22:17 - [MESSAGE][FAILED] - Unable to call Test Case with id 'Test Cases/Performance Test Case' (Root cause: Call Test Case 'Test Cases/Performance Test Case' failed because of error(s))]]></system-out>
         <system-err><![CDATA[2018-08-22 15:18:59 - [TEST_CASE][ERROR] - Test Cases/loop_perf: Test Cases/loop_perf FAILED because (of) org.openqa.selenium.NoSuchSessionException: Session ID is null. Using WebDriver after calling quit()?
Build info: version: '3.7.1', revision: '8a0099a', time: '2017-11-06T21:07:36.161Z'
System info: host: 'DESKTOP-9K9SI5R', ip: '192.168.86.34', os.name: 'Windows 10', os.arch: 'amd64', os.version: '10.0', java.version: '1.8.0_102'
Driver info: driver.version: RemoteWebDriver]]></system-err>
      </testcase>
      <system-out><![CDATA[2018-08-22 15:18:58 - [TEST_SUITE][ERROR] - Performance Test Suite: Test Cases/loop_perf FAILED because (of) org.openqa.selenium.NoSuchSessionException: Session ID is null. Using WebDriver after calling quit()?
Build info: version: '3.7.1', revision: '8a0099a', time: '2017-11-06T21:07:36.161Z'
System info: host: 'DESKTOP-9K9SI5R', ip: '192.168.86.34', os.name: 'Windows 10', os.arch: 'amd64', os.version: '10.0', java.version: '1.8.0_102'
Driver info: driver.version: RemoteWebDriver]]></system-out>
      <system-err><![CDATA[2018-08-22 15:18:58 - [TEST_SUITE][ERROR] - Performance Test Suite: Test Cases/loop_perf FAILED because (of) org.openqa.selenium.NoSuchSessionException: Session ID is null. Using WebDriver after calling quit()?
Build info: version: '3.7.1', revision: '8a0099a', time: '2017-11-06T21:07:36.161Z'
System info: host: 'DESKTOP-9K9SI5R', ip: '192.168.86.34', os.name: 'Windows 10', os.arch: 'amd64', os.version: '10.0', java.version: '1.8.0_102'
Driver info: driver.version: RemoteWebDriver]]></system-err>
   </testsuite>
</testsuites>
